therion 6.2.0+dev (compiled on 2024-03-19)
  - using Proj 6.3.2, compiled against 6.3.2
initialization file: /usr/local/etc/therion.ini
reading ... done
checking optional fonts csr10 csti10 csbx10 csss10 csssi10 ... OK
checking optional fonts cmcyr10 cmcti10 cmcbx10 cmcss10 cmcssi10 ... OK
configuration file: Alex2.thconfig
reading ... done
reading source files ... done
preprocessing database ... done
scanning centreline tree ... done
searching for centerline loops ... done
calculating station coordinates ... done
processing survey data ... 
####################### cavern log file ########################
 1> Survex 1.4.5
 2> Copyright © 1990-2021 Olly Betts
 3> La topographie n’a pas de points fixes. Par conséquent j’ai fixé 1 à (0,0,0)
 4> 
 5> La topographie contient 153 stations, connectées par 152 visées.
 6> Il y a 1 bouclage.
 7> La topographie contient 2 composants connectés.
 8> Longueur totale de la topographie =  217.65m ( 217.65m ajusté)
 9> Longueur totale en projection horizontale =  216.41m
10> Longueur totale verticale =   15.59m
11> Intervalle vertical = 17.75m (de 96 à 14.11m jusqu’à 118 à -3.64m)
12> Intervalle Nord-Sud = 79.29m (de 113 à 67.76m jusqu’à 9 à -11.53m)
13> Intervalle Est-Ouest = 115.46m (de 80 à 94.64m jusqu’à 147 à -20.82m)
14>  139 1-nœuds.
15>    1 5-nœud.
16>    1 7-nœud.
17>    1 9-nœud.
18>    1 10-nœud.
19>    3 11-nœuds.
20>    1 12-nœud.
21>    1 13-nœud.
22>    3 14-nœuds.
23>    2 17-nœuds.
24> 
######################### transcription ########################
 3> 1 : PTR_FR24_B18_00@Tush-Yurruck_02.Alex2
 5> 153 : .@Tush-Yurruck_02.Alex2 -- 152 : .@Tush-Yurruck_02.Alex2
 6> 1 : PTR_FR24_B18_00@Tush-Yurruck_02.Alex2
 7> 2 : .@Tush-Yurruck_02.Alex2
11> 96 : .@Tush-Yurruck_02.Alex2 -- 118 : .@Tush-Yurruck_02.Alex2
12> 113 : .@Tush-Yurruck_02.Alex2 -- 9 : .@Tush-Yurruck_02.Alex2
13> 80 : .@Tush-Yurruck_02.Alex2 -- 147 : .@Tush-Yurruck_02.Alex2
14> 139 : .@Tush-Yurruck_02.Alex2
15> 1 : PTR_FR24_B18_00@Tush-Yurruck_02.Alex2
16> 1 : PTR_FR24_B18_00@Tush-Yurruck_02.Alex2
17> 1 : PTR_FR24_B18_00@Tush-Yurruck_02.Alex2
18> 1 : PTR_FR24_B18_00@Tush-Yurruck_02.Alex2
19> 3 : .@Tush-Yurruck_02.Alex2
20> 1 : PTR_FR24_B18_00@Tush-Yurruck_02.Alex2
21> 1 : PTR_FR24_B18_00@Tush-Yurruck_02.Alex2
22> 3 : .@Tush-Yurruck_02.Alex2
23> 2 : .@Tush-Yurruck_02.Alex2
#################### end of cavern log file ####################
done
calculating basic statistics ... done
processing extended elevation ... done
processing references ... 
therion: warning -- Alex2.thconfig [56] -- source layout not found -- Coords_Header_CDa
done
selecting export objects ... 
therion: warning -- Alex2.thconfig [303] -- object not found -- "MP-Alex2-plan"

therion: warning -- Alex2.thconfig [304] -- object not found -- "MC-Alex2-coupe"
done
processing projection extended ... done


############### export maps & scraps selection #################
S     -.-- @ ()
########## end of export maps & scraps selection ###############
writing Outputs/Alex2-coupe.pdf ...
####################### metapost log file ########################
This is MetaPost, version 1.999 (TeX Live 2015) (kpathsea version 6.2.1)  17 APR 2024 15:59
**data.mp
(/usr/local/texlive/2015/texmf-dist/metapost/base/mpost.mp
(/usr/local/texlive/2015/texmf-dist/metapost/base/plain.mp
Preloading the plain mem file, version 1.005) ) (./data.mp
{randomseed:=42}
 [1] [2] [3] [4]
[5] [6] [7] [8] [9] [10] [11] [12] [13] [14]
[15] [1] [2] (./mptextmp.mp) [3] (./mptextmp.mp) [4] )
 
Here is how much of MetaPost's memory you used:
 3024 strings using 84021 characters
 3620456 bytes of node memory
 1740 symbolic tokens
 8i,81n,16p,312b,5f stack positions out of 16i,96n,20p,312b,6f
19 output files written: data-patt.1 .. data-patt.15


#################### end of metapost log file ####################
converting scraps ... done
making map ... done
######################## pdftex log file #########################
This is pdfTeX, Version 3.14159265-2.6-1.40.16 (TeX Live 2015) (preloaded format=pdftex 2016.5.13)  17 APR 2024 15:59
entering extended mode
 restricted \write18 enabled.
 %&-line parsing enabled.
**data.tex
(./data.tex (./th_enc.tex) (./th_texts.tex) (./th_resources.tex
(/usr/local/texlive/2015/texmf-dist/tex/generic/pdftex/glyphtounicode.tex))
(./th_fontdef.tex{/usr/local/texlive/2015/texmf-var/fonts/map/pdftex/updmap/pdf
tex.map})
(./th_formdef.tex) (./th_pagedef.tex) (./th_pages.tex)
 51 numeric registers used out of 32768
 [1] ) 
Here is how much of TeX's memory you used:
 273 strings out of 494671
 3884 string characters out of 6148971
 34945 words of memory out of 5000000
 1906 multiletter control sequences out of 15000+600000
 16503 words of font info for 54 fonts, out of 8000000 for 9000
 1420 hyphenation exceptions out of 8191
 7i,5n,6p,322b,42s stack positions out of 5000i,500n,10000p,200000b,80000s
</usr/local/texlive/2015/texmf-dist/fonts/type1/public/amsfonts/cm/cmss10
.pfb>
Output written on data.pdf (1 page, 19118 bytes).
PDF statistics:
 33 PDF objects out of 1000 (max. 8388607)
 20 compressed objects within 1 object stream
 0 named destinations out of 1000 (max. 500000)
 67 words of extra memory for PDF output out of 10000 (max. 10000000)


##################### end of pdftex log file #####################
done
processing projection plan ... done


############### export maps & scraps selection #################
S     -.-- @ ()
########## end of export maps & scraps selection ###############
writing Outputs/Alex2-plan.pdf ...
####################### metapost log file ########################
This is MetaPost, version 1.999 (TeX Live 2015) (kpathsea version 6.2.1)  17 APR 2024 15:59
**data.mp
(/usr/local/texlive/2015/texmf-dist/metapost/base/mpost.mp
(/usr/local/texlive/2015/texmf-dist/metapost/base/plain.mp
Preloading the plain mem file, version 1.005) ) (./data.mp
{randomseed:=42}
 [1] [2] [3] [4]
[5] [6] [7] [8] [9] [10] [11] [12] [13] [14]
[15] [1] [2] (./mptextmp.mp) [3] (./mptextmp.mp) (./mptextmp.mp) (./mptextmp.mp
) (./mptextmp.mp) (./mptextmp.mp) (./mptextmp.mp) [4] )
 
Here is how much of MetaPost's memory you used:
 3053 strings using 85789 characters
 3637496 bytes of node memory
 1741 symbolic tokens
 9i,81n,16p,312b,5f stack positions out of 16i,96n,20p,312b,6f
19 output files written: data-patt.1 .. data-patt.15


#################### end of metapost log file ####################
converting scraps ... done
making map ... done
######################## pdftex log file #########################
This is pdfTeX, Version 3.14159265-2.6-1.40.16 (TeX Live 2015) (preloaded format=pdftex 2016.5.13)  17 APR 2024 15:59
entering extended mode
 restricted \write18 enabled.
 %&-line parsing enabled.
**data.tex
(./data.tex (./th_enc.tex) (./th_texts.tex) (./th_resources.tex
(/usr/local/texlive/2015/texmf-dist/tex/generic/pdftex/glyphtounicode.tex))
(./th_fontdef.tex{/usr/local/texlive/2015/texmf-var/fonts/map/pdftex/updmap/pdf
tex.map})
(./th_formdef.tex) (./th_pagedef.tex) (./th_pages.tex)
 51 numeric registers used out of 32768
 [1] ) 
Here is how much of TeX's memory you used:
 299 strings out of 494671
 4090 string characters out of 6148971
 37148 words of memory out of 5000000
 1930 multiletter control sequences out of 15000+600000
 20080 words of font info for 63 fonts, out of 8000000 for 9000
 1420 hyphenation exceptions out of 8191
 9i,5n,8p,322b,53s stack positions out of 5000i,500n,10000p,200000b,80000s
</usr/local/texlive/2015/texmf-dist/fonts/type1/public/amsfonts/cm/cmss10
.pfb></usr/local/texlive/2015/texmf-dist/fonts/type1/public/amsfonts/cm/cmssi10
.pfb></usr/local/texlive/2015/texmf-dist/fonts/type1/public/cs/csss10.pfb></usr
/local/texlive/2015/texmf-dist/fonts/type1/public/cs/csssi10.pfb>
Output written on data.pdf (1 page, 41128 bytes).
PDF statistics:
 50 PDF objects out of 1000 (max. 8388607)
 30 compressed objects within 1 object stream
 0 named destinations out of 1000 (max. 500000)
 73 words of extra memory for PDF output out of 10000 (max. 10000000)


##################### end of pdftex log file #####################
done
writing Outputs/Alex2.lox ... done
therion: warning -- data not georeferenced -- unable to export KML file
therion: warning -- data not georeferenced -- unable to export KML file
writing Outputs/Alex2.html ... done
compilation time: 3 sec
