therion 6.1.8 (2023-06-14)
  - using Proj 9.2.1, compiled against 9.2.1
initialization file: C:\Program Files (x86)\Therion/therion.ini
reading ... done
configuration file: Alex4.thconfig
reading ... done
reading source files ... done
preprocessing database ... done
scanning centreline tree ... done
searching for centerline loops ... done
calculating station coordinates ... done
average loop error: 1.01%
processing survey data ... 
####################### cavern log file ########################
 1> Survex 1.4.3
 2> Copyright ¸ 1990-2021 Olly Betts
 3> La topographie n'a pas de points fixes. Par cons‚quent j'ai fix‚ 1 … (0,0,0)
 4> 
 5> La topographie contient 258 stations, connect‚es par 258 vis‚es.
 6> Il y a 2 bouclages.
 7> La topographie contient 2 composants connect‚s.
 8> Longueur totale de la topographie =  354.44m ( 354.46m ajust‚)
 9> Longueur totale en projection horizontale =  346.55m
10> Longueur totale verticale =   49.13m
11> Intervalle vertical = 26.13m (de 217 … 18.13m jusqu'… 171 … -8.00m)
12> Intervalle Nord-Sud = 159.13m (de 255 … 154.72m jusqu'… 3 … -4.41m)
13> Intervalle Est-Ouest = 114.40m (de 10 … 15.09m jusqu'… 256 … -99.31m)
14>  232 1-noeuds.
15>    2 5-noeuds.
16>    1 6-noeud.
17>    1 7-noeud.
18>    1 8-noeud.
19>    2 9-noeuds.
20>    6 10-noeuds.
21>    4 11-noeuds.
22>    1 12-noeud.
23>    1 13-noeud.
24>    3 14-noeuds.
25>    2 15-noeuds.
26>    2 17-noeuds.
27> 
######################### transcription ########################
 3> 1 : PTR_FR24_A64_00@Tush-Yurruck_04.Alex4
 5> 258 : PTR_FR24_B33_26@Tush-Yurruck_04.Alex4 -- 258 : PTR_FR24_B33_26@Tush-Yurruck_04.Alex4
 6> 2 : .@Tush-Yurruck_04.Alex4
 7> 2 : .@Tush-Yurruck_04.Alex4
11> 217 : .@Tush-Yurruck_04.Alex4 -- 171 : .@Tush-Yurruck_04.Alex4
12> 255 : .@Tush-Yurruck_04.Alex4 -- 3 : .@Tush-Yurruck_04.Alex4
13> 10 : .@Tush-Yurruck_04.Alex4 -- 256 : .@Tush-Yurruck_04.Alex4
14> 232 : .@Tush-Yurruck_04.Alex4
15> 2 : .@Tush-Yurruck_04.Alex4
16> 1 : PTR_FR24_A64_00@Tush-Yurruck_04.Alex4
17> 1 : PTR_FR24_A64_00@Tush-Yurruck_04.Alex4
18> 1 : PTR_FR24_A64_00@Tush-Yurruck_04.Alex4
19> 2 : .@Tush-Yurruck_04.Alex4
20> 6 : .@Tush-Yurruck_04.Alex4
21> 4 : .@Tush-Yurruck_04.Alex4
22> 1 : PTR_FR24_A64_00@Tush-Yurruck_04.Alex4
23> 1 : PTR_FR24_A64_00@Tush-Yurruck_04.Alex4
24> 3 : .@Tush-Yurruck_04.Alex4
25> 2 : .@Tush-Yurruck_04.Alex4
26> 2 : .@Tush-Yurruck_04.Alex4
#################### end of cavern log file ####################
done
calculating basic statistics ... done
processing extended elevation ... done
processing references ... 
C:\Program Files (x86)\Therion\therion.exe: warning -- Alex4.thconfig [56] -- source layout not found -- Coords_Header_CDa
done
selecting export objects ... 
C:\Program Files (x86)\Therion\therion.exe: warning -- Alex4.thconfig [303] -- object not found -- "MP-Alex4-plan"
done
processing projection plan ... done
average distortion: 1.65%
writing Data/Alex4-map.xvi ... done


############### export maps & scraps selection #################
M     3.95 MP-Alex4@Alex4 (Alex4)
S     3.95 SP-Alex4-1@Alex4 ()
########## end of export maps & scraps selection ###############
writing Outputs/Alex4-plan.pdf ...
####################### metapost log file ########################
This is MetaPost, version 2.01 (TeX Live 2021/W32TeX) (kpathsea version 6.3.3)  5 MAY 2024 10:58
**data.mp
(c:/Program Files (x86)/Therion/texmf/mpost/mpost.mp
(c:/Program Files (x86)/Therion/texmf/mpost/plain.mp
Preloading the plain mem file, version 1.005) ) (./data.mp
{randomseed:=42}
 [1] [2] [3] [4]
[5] [6] [7] [8] [9] [10] [11] [12] [13] [14]
[15] [1]
[Warning: scrap outline intersects itself in scrap SP-Alex4-1@Alex4] [2] [3]
[4] (./mptextmp.mp) [5] (./mptextmp.mp) (./mptextmp.mp) (./mptextmp.mp)
(./mptextmp.mp) (./mptextmp.mp) (./mptextmp.mp) [6] )
 
Here is how much of MetaPost's memory you used:
 5945 strings using 156071 characters
 2596532 bytes of node memory
 1744 symbolic tokens
 9i,82n,16p,312b,5f stack positions out of 16i,98n,20p,312b,6f
21 output files written: data-patt.1 .. data-patt.15


#################### end of metapost log file ####################
converting scraps ... done
making map ... done
######################## pdftex log file #########################
This is pdfTeX, Version 3.141592653-2.6-1.40.22 (TeX Live 2021/W32TeX) (preloaded format=pdftex 2021.6.19)  5 MAY 2024 10:58
entering extended mode
**data.tex
(./data.tex (./th_enc.tex) (./th_texts.tex) (./th_resources.tex
(c:/Program Files (x86)/Therion/texmf/tex/glyphtounicode.tex))
(./th_fontdef.tex{c:/Program Files (x86)/Therion/texmf/fonts/pdftex.map})
(./th_formdef.tex) (./th_pagedef.tex) (./th_pages.tex)
 55 numeric registers used out of 32768
 [1] ) 
Here is how much of TeX's memory you used:
 303 strings out of 94604
 4111 string characters out of 1142524
 43329 words of memory out of 5028057
 1958 multiletter control sequences out of 15000+50000
 20080 words of font info for 63 fonts, out of 1000000 for 2000
 1416 hyphenation exceptions out of 5000
 9i,5n,8p,712b,53s stack positions out of 5000i,500n,10000p,200000b,50000s
<c:/Program Files (x86)/Therion/texmf/fonts/type1/cmss10.pfb><c:/Program 
Files (x86)/Therion/texmf/fonts/type1/cmssi10.pfb><c:/Program Files (x86)/Theri
on/texmf/fonts/type1/csss10.pfb><c:/Program Files (x86)/Therion/texmf/fonts/typ
e1/csssi10.pfb>
Output written on data.pdf (1 page, 52502 bytes).
PDF statistics:
 58 PDF objects out of 1000 (max. 8388607)
 34 compressed objects within 1 object stream
 0 named destinations out of 1000 (max. 500000)
 97 words of extra memory for PDF output out of 10000 (max. 10000000)


##################### end of pdftex log file #####################
done
writing Outputs/Alex4.lox ....
C:\Program Files (x86)\Therion\therion.exe: warning -- SP-Alex4-1@Alex4 -- invalid scrap outline
 done
C:\Program Files (x86)\Therion\therion.exe: warning -- data not georeferenced -- unable to export KML file
C:\Program Files (x86)\Therion\therion.exe: warning -- data not georeferenced -- unable to export KML file
writing Outputs/Alex4.html ... done
writing xtherion file ... done
compilation time: 1 sec


######################### loop errors ##########################
REL-ERR ABS-ERR TOTAL-L STS X-ERROR Y-ERROR Z-ERROR STATIONS
  1.01%    0.8m   80.0m   7   -0.2m   -0.4m    0.7m [PTR_FR24_A17_9@Tush-Yurruck_04.Alex4 - 23 - 22 - 21 - 20 - 19 - 18 - PTR_FR24_A17_9]
##################### end of loop errors #######################


###################### scrap distortions #######################
 PROJECTION: plan
 AVERAGE  MAXIMAL  SCRAP
   1.65%   72.17%  SP-Alex4-1@Alex4
################### end of scrap distortions ###################
