therion 6.2.0+dev (compiled on 2024-03-19)
  - using Proj 6.3.2, compiled against 6.3.2
initialization file: /usr/local/etc/therion.ini
reading ... done
checking optional fonts csr10 csti10 csbx10 csss10 csssi10 ... OK
checking optional fonts cmcyr10 cmcti10 cmcbx10 cmcss10 cmcssi10 ... OK
configuration file: Vertikalnaya_By_Alex.thconfig
reading ... done
reading source files ... done
preprocessing database ... done
output coordinate system: UTM42
meridian convergence (deg): 1.5953
geomag declinations (deg):
  2024.1.1  4.6472
  2025.1.1  4.6920
scanning centreline tree ... done
searching for centerline loops ... done
calculating station coordinates ... done
processing survey data ... 
####################### cavern log file ########################
 1> Survex 1.4.8
 2> Copyright © 1990-2024 Olly Betts
 3> 
 4> La topographie contient 354 stations, connectées par 353 visées.
 5> Il y a 1 bouclage.
 6> La topographie contient 2 composants connectés.
 7> Longueur totale de la topographie =  544.83m ( 544.83m ajusté)
 8> Longueur totale en projection horizontale =  425.67m
 9> Longueur totale verticale =  209.97m
10> Intervalle vertical = 73.71m (de 135 à 856.41m jusqu’à 190 à 782.70m)
11> Intervalle Nord-Sud = 100.40m (de 197 à 4173706.59m jusqu’à 314 à 4173606.19m)
12> Intervalle Est-Ouest = 151.87m (de 341 à 270059.10m jusqu’à 257 à 269907.24m)
13>  315 1-nœuds.
14>    2 5-nœuds.
15>    1 6-nœud.
16>    5 8-nœuds.
17>   11 9-nœuds.
18>    9 10-nœuds.
19>    4 11-nœuds.
20>    1 12-nœud.
21>    1 13-nœud.
22>    2 14-nœuds.
23>    1 15-nœud.
24>    1 16-nœud.
25>    1 18-nœud.
26> 
######################### transcription ########################
 4> 354 : 45@Vertikalnaya.Vertikalnaya -- 353 : .@Vertikalnaya.Vertikalnaya
 5> 1 : 00@Vertikalnaya.Vertikalnaya
 6> 2 : .@Vertikalnaya.Vertikalnaya
10> 135 : 15@Vertikalnaya.Vertikalnaya -- 190 : .@Vertikalnaya.Vertikalnaya
11> 197 : .@Vertikalnaya.Vertikalnaya -- 314 : .@Vertikalnaya.Vertikalnaya
12> 341 : .@Vertikalnaya.Vertikalnaya -- 257 : .@Vertikalnaya.Vertikalnaya
13> 315 : .@Vertikalnaya.Vertikalnaya
14> 2 : .@Vertikalnaya.Vertikalnaya
15> 1 : 00@Vertikalnaya.Vertikalnaya
16> 5 : .@Vertikalnaya.Vertikalnaya
17> 11 : .@Vertikalnaya.Vertikalnaya
18> 9 : .@Vertikalnaya.Vertikalnaya
19> 4 : .@Vertikalnaya.Vertikalnaya
20> 1 : 00@Vertikalnaya.Vertikalnaya
21> 1 : 00@Vertikalnaya.Vertikalnaya
22> 2 : .@Vertikalnaya.Vertikalnaya
23> 1 : 00@Vertikalnaya.Vertikalnaya
24> 1 : 00@Vertikalnaya.Vertikalnaya
25> 1 : 00@Vertikalnaya.Vertikalnaya
#################### end of cavern log file ####################
done
calculating basic statistics ... done
processing extended elevation ... done
processing references ... done
selecting export objects ... done
processing projection extended ... done
average distortion: 0.15%


############### export maps & scraps selection #################
M     0.00 MC-Vertikalnaya@Vertikalnaya (Vertikalnaya)
S     0.00 SC-Vertikalnaya-Coupe-00@Vertikalnaya ()
S     0.00 SC-Vertikalnaya-Coupe-01@Vertikalnaya ()
S     0.00 SC-Vertikalnaya-Coupe-02@Vertikalnaya ()
########## end of export maps & scraps selection ###############
writing Outputs/Vertikalnaya-coupe.pdf ...
####################### metapost log file ########################
This is MetaPost, version 1.999 (TeX Live 2015) (kpathsea version 6.2.1)  10 MAY 2024 11:38
**data.mp
(/usr/local/texlive/2015/texmf-dist/metapost/base/mpost.mp
(/usr/local/texlive/2015/texmf-dist/metapost/base/plain.mp
Preloading the plain mem file, version 1.005) ) (./data.mp
{randomseed:=42}
 [1] [2] [3] [4]
[5] [6] [7] [8] [9] [10] [11] [12] [13] [14]
[15] [1] [2] [3] [4] [5]
[Warning: scrap outline intersects itself in scrap SC-Vertikalnaya-Coupe-01@Ver
tikalnaya] [6] [7] [8] [9] [10] [11] [12] (./mptextmp.mp) [13] (./mptextmp.mp)
(./mptextmp.mp) (./mptextmp.mp) (./mptextmp.mp) (./mptextmp.mp) (./mptextmp.mp)
[14] )
 
Here is how much of MetaPost's memory you used:
 5747 strings using 146072 characters
 3811080 bytes of node memory
 1747 symbolic tokens
 9i,81n,16p,312b,5f stack positions out of 16i,96n,20p,312b,6f
29 output files written: data-patt.1 .. data-patt.15


#################### end of metapost log file ####################
converting scraps ... done
making map ... done
######################## pdftex log file #########################
This is pdfTeX, Version 3.14159265-2.6-1.40.16 (TeX Live 2015) (preloaded format=pdftex 2016.5.13)  10 MAY 2024 11:38
entering extended mode
 restricted \write18 enabled.
 %&-line parsing enabled.
**data.tex
(./data.tex (./th_enc.tex) (./th_texts.tex) (./th_resources.tex
(/usr/local/texlive/2015/texmf-dist/tex/generic/pdftex/glyphtounicode.tex))
(./th_fontdef.tex{/usr/local/texlive/2015/texmf-var/fonts/map/pdftex/updmap/pdf
tex.map}<<th_gour_aaaaaaa.dat>><<th_gour_aaaaaab.dat>><<th_gour_aaaaaac.dat>>)
(./th_formdef.tex) (./th_pagedef.tex </Users/robertxaold/Documents/Speleo/Expes
/Turkmenistan/Topos/Data/Vertikalnaya/../../Logos/Logo_FFS_small.jpg> </Users/r
obertxaold/Documents/Speleo/Expes/Turkmenistan/Topos/Data/Vertikalnaya/../../Lo
gos/Logo_TKM_2024_small.jpg>) (./th_pages.tex)
 70 numeric registers used out of 32768
 [1] ) 
Here is how much of TeX's memory you used:
 325 strings out of 494671
 4371 string characters out of 6148971
 44627 words of memory out of 5000000
 1954 multiletter control sequences out of 15000+600000
 21194 words of font info for 66 fonts, out of 8000000 for 9000
 1420 hyphenation exceptions out of 8191
 10i,6n,8p,712b,70s stack positions out of 5000i,500n,10000p,200000b,80000s
</usr/local/texlive/2015/texmf-dist/fonts/type1/public/amsfonts/cm/cmss10
.pfb></usr/local/texlive/2015/texmf-dist/fonts/type1/public/amsfonts/cm/cmssi10
.pfb></usr/local/texlive/2015/texmf-dist/fonts/type1/public/amsfonts/cm/cmti10.
pfb></usr/local/texlive/2015/texmf-dist/fonts/type1/public/cs/csss10.pfb></usr/
local/texlive/2015/texmf-dist/fonts/type1/public/cs/csssi10.pfb></usr/local/tex
live/2015/texmf-dist/fonts/type1/public/cs/csti10.pfb>
Output written on data.pdf (1 page, 180511 bytes).
PDF statistics:
 108 PDF objects out of 1000 (max. 8388607)
 59 compressed objects within 1 object stream
 0 named destinations out of 1000 (max. 500000)
 227 words of extra memory for PDF output out of 10000 (max. 10000000)


##################### end of pdftex log file #####################
done
processing projection plan ... done
average distortion: 0.05%


############### export maps & scraps selection #################
M   826.72 MP-Vertikalnaya@Vertikalnaya (Vertikalnaya)
S   849.59 SP-Vertikalnaya-00@Vertikalnaya ()
S   803.84 SP-Vertikalnaya-01@Vertikalnaya ()
########## end of export maps & scraps selection ###############
writing Outputs/Vertikalnaya-plan.pdf ...
####################### metapost log file ########################
This is MetaPost, version 1.999 (TeX Live 2015) (kpathsea version 6.2.1)  10 MAY 2024 11:38
**data.mp
(/usr/local/texlive/2015/texmf-dist/metapost/base/mpost.mp
(/usr/local/texlive/2015/texmf-dist/metapost/base/plain.mp
Preloading the plain mem file, version 1.005) ) (./data.mp
{randomseed:=42}
 [1] [2] [3] [4]
[5] [6] [7] [8] [9] [10] [11] [12] [13] [14]
[15] [1] [2] [3] [4] [5] [6] [7] [8] (./mptextmp.mp) [9] (./mptextmp.mp)
(./mptextmp.mp) (./mptextmp.mp) (./mptextmp.mp) (./mptextmp.mp) (./mptextmp.mp)
[10] [11] [12] [13] [14] [15] [16] [17] [18] [19] )
 
Here is how much of MetaPost's memory you used:
 5596 strings using 145466 characters
 4355944 bytes of node memory
 1748 symbolic tokens
 9i,81n,16p,312b,5f stack positions out of 16i,96n,20p,312b,6f
34 output files written: data-patt.1 .. data.19


#################### end of metapost log file ####################
converting scraps ... done
making map ... done
######################## pdftex log file #########################
This is pdfTeX, Version 3.14159265-2.6-1.40.16 (TeX Live 2015) (preloaded format=pdftex 2016.5.13)  10 MAY 2024 11:38
entering extended mode
 restricted \write18 enabled.
 %&-line parsing enabled.
**data.tex
(./data.tex (./th_enc.tex) (./th_texts.tex) (./th_resources.tex
(/usr/local/texlive/2015/texmf-dist/tex/generic/pdftex/glyphtounicode.tex))
(./th_fontdef.tex{/usr/local/texlive/2015/texmf-var/fonts/map/pdftex/updmap/pdf
tex.map}<<th_gour_aaaaaaa.dat>><<th_gour_aaaaaab.dat>>)
(./th_formdef.tex) (./th_pagedef.tex </Users/robertxaold/Documents/Speleo/Expes
/Turkmenistan/Topos/Data/Vertikalnaya/../../Logos/Logo_FFS_small.jpg> </Users/r
obertxaold/Documents/Speleo/Expes/Turkmenistan/Topos/Data/Vertikalnaya/../../Lo
gos/Logo_TKM_2024_small.jpg>) (./th_pages.tex)
 72 numeric registers used out of 32768
 [1] ) 
Here is how much of TeX's memory you used:
 328 strings out of 494671
 4362 string characters out of 6148971
 93841 words of memory out of 5000000
 1957 multiletter control sequences out of 15000+600000
 21194 words of font info for 66 fonts, out of 8000000 for 9000
 1420 hyphenation exceptions out of 8191
 10i,6n,8p,712b,66s stack positions out of 5000i,500n,10000p,200000b,80000s
</usr/local/texlive/2015/texmf-dist/fonts/type1/public/amsfonts/cm/cmss10
.pfb></usr/local/texlive/2015/texmf-dist/fonts/type1/public/amsfonts/cm/cmssi10
.pfb></usr/local/texlive/2015/texmf-dist/fonts/type1/public/amsfonts/cm/cmti10.
pfb></usr/local/texlive/2015/texmf-dist/fonts/type1/public/cs/csss10.pfb></usr/
local/texlive/2015/texmf-dist/fonts/type1/public/cs/csssi10.pfb>
Output written on data.pdf (1 page, 194741 bytes).
PDF statistics:
 105 PDF objects out of 1000 (max. 8388607)
 57 compressed objects within 1 object stream
 0 named destinations out of 1000 (max. 500000)
 231 words of extra memory for PDF output out of 10000 (max. 10000000)


##################### end of pdftex log file #####################
done
writing Outputs/Vertikalnaya.lox ..... done
writing Outputs/Vertikalnaya.kml ... done
writing Outputs/Vertikalnaya-model.kml ... done
writing Outputs/Vertikalnaya.html ... done
writing xtherion file ... done
compilation time: 4 sec


###################### scrap distortions #######################
 PROJECTION: plan
 AVERAGE  MAXIMAL  SCRAP
   0.13%    7.40%  SP-Vertikalnaya-00@Vertikalnaya
   0.00%    0.04%  SP-Vertikalnaya-01@Vertikalnaya
################### end of scrap distortions ###################


###################### scrap distortions #######################
 PROJECTION: extended
 AVERAGE  MAXIMAL  SCRAP
   0.32%   33.40%  SC-Vertikalnaya-Coupe-01@Vertikalnaya
   0.02%    1.23%  SC-Vertikalnaya-Coupe-00@Vertikalnaya
   0.04%    0.99%  SC-Vertikalnaya-Coupe-02@Vertikalnaya
################### end of scrap distortions ###################

############# CRS transformations chosen by PROJ ###############
  Area of Use (AoU): (66.391, 37.682) (66.391, 37.682)
  [LONG-LAT → LAT-LONG] AoU: [no] transformation: [axis order change (2D) + Null geographic offset from WGS 84 to WGS 84 + axis order change (2D)] definition: [proj=noop ellps=GRS80] accuracy: [0.000 m]
  [LONG-LAT → LAT-LONG] AoU: [yes] transformation: [axis order change (2D) + Null geographic offset from WGS 84 to WGS 84 + axis order change (2D)] definition: [proj=noop ellps=GRS80] accuracy: [0.000 m]
  [LONG-LAT → UTM42] AoU: [yes] transformation: [axis order change (2D) + UTM zone 42N] definition: [proj=pipeline step proj=unitconvert xy_in=deg xy_out=rad step proj=utm zone=42 ellps=WGS84] accuracy: [0.000 m]
  [LONG-LAT → EPSG:4326] AoU: [yes] transformation: [axis order change (2D) + Null geographic offset from WGS 84 to WGS 84 + axis order change (2D)] definition: [proj=noop ellps=GRS80] accuracy: [0.000 m]
  [UTM42 → LONG-LAT] AoU: [yes] transformation: [Inverse of UTM zone 42N + axis order change (2D)] definition: [proj=pipeline step inv proj=utm zone=42 ellps=WGS84 step proj=unitconvert xy_in=rad xy_out=deg] accuracy: [0.000 m]
  [UTM42 → UTM42] AoU: [yes] transformation: [Inverse of UTM zone 42N + UTM zone 42N] definition: [proj=noop ellps=GRS80] accuracy: [0.000 m]
  [UTM42 → EPSG:4326] AoU: [yes] transformation: [Inverse of UTM zone 42N + axis order change (2D)] definition: [proj=pipeline step inv proj=utm zone=42 ellps=WGS84 step proj=unitconvert xy_in=rad xy_out=deg] accuracy: [0.000 m]
  [EPSG:4326 → UTM42] AoU: [yes] transformation: [axis order change (2D) + UTM zone 42N] definition: [proj=pipeline step proj=unitconvert xy_in=deg xy_out=rad step proj=utm zone=42 ellps=WGS84] accuracy: [0.000 m]
########## end of CRS transformations chosen by PROJ ###########
