therion 6.1.8 (2023-06-14)
  - using Proj 9.2.1, compiled against 9.2.1
initialization file: C:\Program Files (x86)\Therion/therion.ini
reading ... done
configuration file: Philippe1.thconfig
reading ... done
reading source files ... done
preprocessing database ... done
scanning centreline tree ... done
searching for centerline loops ... done
calculating station coordinates ... done
average loop error: 3.62%
processing survey data ... 
####################### cavern log file ########################
 1> Survex 1.4.3
 2> Copyright ¸ 1990-2021 Olly Betts
 3> La topographie n'a pas de points fixes. Par cons‚quent j'ai fix‚ 1 … (0,0,0)
 4> 
 5> La topographie contient 277 stations, connect‚es par 277 vis‚es.
 6> Il y a 2 bouclages.
 7> La topographie contient 2 composants connect‚s.
 8> Longueur totale de la topographie =  467.64m ( 468.32m ajust‚)
 9> Longueur totale en projection horizontale =  451.43m
10> Longueur totale verticale =   86.42m
11> Intervalle vertical = 40.95m (de 7 … 2.80m jusqu'… 140 … -38.16m)
12> Intervalle Nord-Sud = 103.14m (de 210 … 25.24m jusqu'… 74 … -77.89m)
13> Intervalle Est-Ouest = 211.76m (de 2 … 33.12m jusqu'… 154 … -178.64m)
14>  232 1-noeuds.
15>    4 2-noeuds.
16>   18 6-noeuds.
17>    6 7-noeuds.
18>    6 8-noeuds.
19>    3 9-noeuds.
20>    3 10-noeuds.
21>    2 11-noeuds.
22>    2 12-noeuds.
23>    1 13-noeud.
24> 
######################### transcription ########################
 3> 1 : PTR_FR24_A98_0@Promeszutochnaya_01.Philippe1
 5> 277 : 41@Promeszutochnaya_01.Philippe1 -- 277 : 41@Promeszutochnaya_01.Philippe1
 6> 2 : .@Promeszutochnaya_01.Philippe1
 7> 2 : .@Promeszutochnaya_01.Philippe1
11> 7 : .@Promeszutochnaya_01.Philippe1 -- 140 : .@Promeszutochnaya_01.Philippe1
12> 210 : .@Promeszutochnaya_01.Philippe1 -- 74 : .@Promeszutochnaya_01.Philippe1
13> 2 : .@Promeszutochnaya_01.Philippe1 -- 154 : .@Promeszutochnaya_01.Philippe1
14> 232 : .@Promeszutochnaya_01.Philippe1
15> 4 : .@Promeszutochnaya_01.Philippe1
16> 18 : .@Promeszutochnaya_01.Philippe1
17> 6 : .@Promeszutochnaya_01.Philippe1
18> 6 : .@Promeszutochnaya_01.Philippe1
19> 3 : .@Promeszutochnaya_01.Philippe1
20> 3 : .@Promeszutochnaya_01.Philippe1
21> 2 : .@Promeszutochnaya_01.Philippe1
22> 2 : .@Promeszutochnaya_01.Philippe1
23> 1 : PTR_FR24_A98_0@Promeszutochnaya_01.Philippe1
#################### end of cavern log file ####################
done
calculating basic statistics ... done
processing extended elevation ... done
processing references ... 
C:\Program Files (x86)\Therion\therion.exe: warning -- Philippe1.thconfig [56] -- source layout not found -- Coords_Header_CDa
done
selecting export objects ... 
C:\Program Files (x86)\Therion\therion.exe: warning -- Philippe1.thconfig [303] -- object not found -- "MP-Philippe1-plan"

C:\Program Files (x86)\Therion\therion.exe: warning -- Philippe1.thconfig [304] -- object not found -- "MC-Philippe1-coupe"
done
processing projection extended ... done


############### export maps & scraps selection #################
S     -.-- @ ()
########## end of export maps & scraps selection ###############
writing Outputs/Philippe1-coupe.pdf ...
####################### metapost log file ########################
This is MetaPost, version 2.01 (TeX Live 2021/W32TeX) (kpathsea version 6.3.3)  25 APR 2024 14:51
**data.mp
(c:/Program Files (x86)/Therion/texmf/mpost/mpost.mp
(c:/Program Files (x86)/Therion/texmf/mpost/plain.mp
Preloading the plain mem file, version 1.005) ) (./data.mp
{randomseed:=42}
 [1] [2] [3] [4]
[5] [6] [7] [8] [9] [10] [11] [12] [13] [14]
[15] [1] [2] (./mptextmp.mp) [3] (./mptextmp.mp) [4] )
 
Here is how much of MetaPost's memory you used:
 6444 strings using 193319 characters
 2614904 bytes of node memory
 1743 symbolic tokens
 8i,82n,16p,312b,5f stack positions out of 16i,98n,20p,312b,6f
19 output files written: data-patt.1 .. data-patt.15


#################### end of metapost log file ####################
converting scraps ... done
making map ... done
######################## pdftex log file #########################
This is pdfTeX, Version 3.141592653-2.6-1.40.22 (TeX Live 2021/W32TeX) (preloaded format=pdftex 2021.6.19)  25 APR 2024 14:51
entering extended mode
**data.tex
(./data.tex (./th_enc.tex) (./th_texts.tex) (./th_resources.tex
(c:/Program Files (x86)/Therion/texmf/tex/glyphtounicode.tex))
(./th_fontdef.tex{c:/Program Files (x86)/Therion/texmf/fonts/pdftex.map})
(./th_formdef.tex) (./th_pagedef.tex) (./th_pages.tex)
 51 numeric registers used out of 32768
 [1] ) 
Here is how much of TeX's memory you used:
 273 strings out of 94604
 3855 string characters out of 1142524
 69540 words of memory out of 5050268
 1930 multiletter control sequences out of 15000+50000
 16503 words of font info for 54 fonts, out of 1000000 for 2000
 1416 hyphenation exceptions out of 5000
 7i,5n,6p,229b,42s stack positions out of 5000i,500n,10000p,200000b,50000s
<c:/Program Files (x86)/Therion/texmf/fonts/type1/cmss10.pfb>
Output written on data.pdf (1 page, 27662 bytes).
PDF statistics:
 33 PDF objects out of 1000 (max. 8388607)
 20 compressed objects within 1 object stream
 0 named destinations out of 1000 (max. 500000)
 67 words of extra memory for PDF output out of 10000 (max. 10000000)


##################### end of pdftex log file #####################
done
processing projection plan ... done


############### export maps & scraps selection #################
S     -.-- @ ()
########## end of export maps & scraps selection ###############
writing Outputs/Philippe1-plan.pdf ...
####################### metapost log file ########################
This is MetaPost, version 2.01 (TeX Live 2021/W32TeX) (kpathsea version 6.3.3)  25 APR 2024 14:51
**data.mp
(c:/Program Files (x86)/Therion/texmf/mpost/mpost.mp
(c:/Program Files (x86)/Therion/texmf/mpost/plain.mp
Preloading the plain mem file, version 1.005) ) (./data.mp
{randomseed:=42}
 [1] [2] [3] [4]
[5] [6] [7] [8] [9] [10] [11] [12] [13] [14]
[15] [1] [2] (./mptextmp.mp) [3] (./mptextmp.mp) (./mptextmp.mp) (./mptextmp.mp
) (./mptextmp.mp) (./mptextmp.mp) (./mptextmp.mp) [4] )
 
Here is how much of MetaPost's memory you used:
 6440 strings using 195890 characters
 2623316 bytes of node memory
 1744 symbolic tokens
 9i,82n,16p,312b,5f stack positions out of 16i,98n,20p,312b,6f
19 output files written: data-patt.1 .. data-patt.15


#################### end of metapost log file ####################
converting scraps ... done
making map ... done
######################## pdftex log file #########################
This is pdfTeX, Version 3.141592653-2.6-1.40.22 (TeX Live 2021/W32TeX) (preloaded format=pdftex 2021.6.19)  25 APR 2024 14:51
entering extended mode
**data.tex
(./data.tex (./th_enc.tex) (./th_texts.tex) (./th_resources.tex
(c:/Program Files (x86)/Therion/texmf/tex/glyphtounicode.tex))
(./th_fontdef.tex{c:/Program Files (x86)/Therion/texmf/fonts/pdftex.map})
(./th_formdef.tex) (./th_pagedef.tex) (./th_pages.tex)
 51 numeric registers used out of 32768
 [1] ) 
Here is how much of TeX's memory you used:
 299 strings out of 94604
 4061 string characters out of 1142524
 70521 words of memory out of 5052249
 1954 multiletter control sequences out of 15000+50000
 20080 words of font info for 63 fonts, out of 1000000 for 2000
 1416 hyphenation exceptions out of 5000
 9i,5n,8p,241b,53s stack positions out of 5000i,500n,10000p,200000b,50000s
<c:/Program Files (x86)/Therion/texmf/fonts/type1/cmss10.pfb><c:/Program 
Files (x86)/Therion/texmf/fonts/type1/cmssi10.pfb><c:/Program Files (x86)/Theri
on/texmf/fonts/type1/csss10.pfb><c:/Program Files (x86)/Therion/texmf/fonts/typ
e1/csssi10.pfb>
Output written on data.pdf (1 page, 49299 bytes).
PDF statistics:
 50 PDF objects out of 1000 (max. 8388607)
 30 compressed objects within 1 object stream
 0 named destinations out of 1000 (max. 500000)
 73 words of extra memory for PDF output out of 10000 (max. 10000000)


##################### end of pdftex log file #####################
done
writing Outputs/Philippe1.lox ... done
C:\Program Files (x86)\Therion\therion.exe: warning -- data not georeferenced -- unable to export KML file
C:\Program Files (x86)\Therion\therion.exe: warning -- data not georeferenced -- unable to export KML file
writing Outputs/Philippe1.html ... done
writing xtherion file ... done
compilation time: 2 sec


######################### loop errors ##########################
REL-ERR ABS-ERR TOTAL-L STS X-ERROR Y-ERROR Z-ERROR STATIONS
  3.62%   10.4m  286.8m  32   -5.7m   -4.4m   -7.5m [A91@Promeszutochnaya_01.Philippe1 - 41 - 40 - 39 - 38 - 37 - 36 - 35 - 34 - 33 - 32 - A93 - 30 - A92 - 29 - 28 - 27 - 26 - 25 - 24 - 23 - 22 - 21 - 20 - 19 - 18 - 17 - 16 - 15 - 14 - 13 - 12 - A91]
##################### end of loop errors #######################
