therion 6.2.0+dev (compiled on 2024-03-19)
  - using Proj 6.3.2, compiled against 6.3.2
initialization file: /usr/local/etc/therion.ini
reading ... done
checking optional fonts csr10 csti10 csbx10 csss10 csssi10 ... OK
checking optional fonts cmcyr10 cmcti10 cmcbx10 cmcss10 cmcssi10 ... OK
configuration file: Koytendag.thconfig
reading ... done
reading source files ... done
preprocessing database ... done
output coordinate system: UTM42
meridian convergence (deg): 1.5821
geomag declinations (deg):
  2023.1.1  4.6086
  2024.1.1  4.6534
  2025.1.1  4.6983
scanning centreline tree ... done
searching for centerline loops ... done
calculating station coordinates ... done
average loop error: 1.44%
processing survey data ... 
####################### cavern log file ########################
 1> Survex 1.4.8
 2> Copyright © 1990-2024 Olly Betts
 3> 
 4> La topographie contient 9955 stations, connectées par 9967 visées.
 5> Il y a 51 bouclages.
 6> La topographie contient 39 composants connectés.
 7> Longueur totale de la topographie = 17494.78m (17500.13m ajusté)
 8> Longueur totale en projection horizontale = 16636.38m
 9> Longueur totale verticale = 3175.93m
10> Intervalle vertical = 1196.08m (de 5593 à 1509.52m jusqu’à 3797 à 313.44m)
11> Intervalle Nord-Sud = 38303.76m (de 169 à 4202405.51m jusqu’à 4149 à 4164101.75m)
12> Intervalle Est-Ouest = 30436.23m (de 4 à 294063.34m jusqu’à 6717 à 263627.10m)
13> 8830 1-nœuds.
14>  100 2-nœuds.
15>   15 3-nœuds.
16>    6 4-nœuds.
17>   39 5-nœuds.
18>  146 6-nœuds.
19>   79 7-nœuds.
20>   96 8-nœuds.
21>  121 9-nœuds.
22>  122 10-nœuds.
23>   85 11-nœuds.
24>   68 12-nœuds.
25>   51 13-nœuds.
26>   45 14-nœuds.
27>   27 15-nœuds.
28>   26 16-nœuds.
29>   15 17-nœuds.
30>   11 18-nœuds.
31>   12 19-nœuds.
32>    7 20-nœuds.
33>   11 21-nœuds.
34>    5 22-nœuds.
35>    4 23-nœuds.
36>    4 24-nœuds.
37>    3 25-nœuds.
38>    5 26-nœuds.
39>    2 27-nœuds.
40>    5 28-nœuds.
41>    1 29-nœud.
42>    2 31-nœuds.
43>    1 32-nœud.
44>    3 33-nœuds.
45>    1 34-nœud.
46>    3 36-nœuds.
47>    1 37-nœud.
48>    1 39-nœud.
49>    2 40-nœuds.
50> 
######################### transcription ########################
 4> 9955 : -@0tkm_79.Chevres.Koytendag
 5> 51 : .@HanakaMain.HanakaMain.Hanaka.Koytendag
 6> 39 : .@HanakaMain.HanakaMain.Hanaka.Koytendag
10> 5593 : .@general.Petit-General.Koytendag -- 3797 : .@Grotte_du_lac_00.Entree_00.Grotte_du_lac.Koytendag
11> 169 : .@Ahmethan.Ahmethan.Hanaka.Koytendag -- 4149 : 3@New_collapse_2022.New_collapse_2022.Koytendag
12> 4 : .@HanakaMain.HanakaMain.Hanaka.Koytendag -- 6717 : 4@RussesBauge.RussesBauge.Russes-CA.Koytendag
13> 8830 : .@Tush-Yurruck_03.Alex3.Tush-Yurruck.Koytendag
14> 100 : .@HanakaMain.HanakaMain.Hanaka.Koytendag
15> 15 : .@HanakaMain.HanakaMain.Hanaka.Koytendag
16> 6 : .@HanakaMain.HanakaMain.Hanaka.Koytendag
17> 39 : .@HanakaMain.HanakaMain.Hanaka.Koytendag
18> 146 : .@Ahmethan.Ahmethan.Hanaka.Koytendag
19> 79 : .@HanakaMain.HanakaMain.Hanaka.Koytendag
20> 96 : .@HanakaMain.HanakaMain.Hanaka.Koytendag
21> 121 : 10@Ahmethan.Ahmethan.Hanaka.Koytendag
22> 122 : 11@Ahmethan.Ahmethan.Hanaka.Koytendag
23> 85 : .@HanakaMain.HanakaMain.Hanaka.Koytendag
24> 68 : 7@HanakaMain.HanakaMain.Hanaka.Koytendag
25> 51 : .@HanakaMain.HanakaMain.Hanaka.Koytendag
26> 45 : .@HanakaMain.HanakaMain.Hanaka.Koytendag
27> 27 : .@HanakaMain.HanakaMain.Hanaka.Koytendag
28> 26 : .@HanakaMain.HanakaMain.Hanaka.Koytendag
29> 15 : .@HanakaMain.HanakaMain.Hanaka.Koytendag
30> 11 : .@HanakaMain.HanakaMain.Hanaka.Koytendag
31> 12 : 1@HanakaMain.HanakaMain.Hanaka.Koytendag
32> 7 : .@HanakaMain.HanakaMain.Hanaka.Koytendag
33> 11 : .@HanakaMain.HanakaMain.Hanaka.Koytendag
34> 5 : .@HanakaMain.HanakaMain.Hanaka.Koytendag
35> 4 : .@HanakaMain.HanakaMain.Hanaka.Koytendag
36> 4 : .@HanakaMain.HanakaMain.Hanaka.Koytendag
37> 3 : .@HanakaMain.HanakaMain.Hanaka.Koytendag
38> 5 : .@HanakaMain.HanakaMain.Hanaka.Koytendag
39> 2 : .@HanakaMain.HanakaMain.Hanaka.Koytendag
40> 5 : .@HanakaMain.HanakaMain.Hanaka.Koytendag
41> 1 : 0@HanakaMain.HanakaMain.Hanaka.Koytendag
42> 2 : .@HanakaMain.HanakaMain.Hanaka.Koytendag
43> 1 : 0@HanakaMain.HanakaMain.Hanaka.Koytendag
44> 3 : .@HanakaMain.HanakaMain.Hanaka.Koytendag
45> 1 : 0@HanakaMain.HanakaMain.Hanaka.Koytendag
46> 3 : .@HanakaMain.HanakaMain.Hanaka.Koytendag
47> 1 : 0@HanakaMain.HanakaMain.Hanaka.Koytendag
48> 1 : 0@HanakaMain.HanakaMain.Hanaka.Koytendag
49> 2 : .@HanakaMain.HanakaMain.Hanaka.Koytendag
#################### end of cavern log file ####################
done
calculating basic statistics ... done
processing extended elevation ... done
processing references ... done
selecting export objects ... done
writing Outputs/Koytendag.lox ...
processing projection plan ... done
average distortion: 0.49%
...
therion: warning -- SP-Ahmethan1@Ahmethan.Hanaka.Koytendag -- multiple scrap outer outlines not supported yet
...................
therion: warning -- SP-Entree-00-3@Entree_00.Grotte_du_lac.Koytendag -- invalid scrap outline
...........
therion: warning -- SP-Xav1-3@Tush_YurruckXR1.Tush-Yurruck.Koytendag -- multiple scrap outer outlines not supported yet
