therion 6.1.8 (2023-06-14)
  - using Proj 9.2.1, compiled against 9.2.1
initialization file: C:\Program Files (x86)\Therion/therion.ini
reading ... done
configuration file: Alex6.thconfig
reading ... done
reading source files ... done
preprocessing database ... done
scanning centreline tree ... done
searching for centerline loops ... done
calculating station coordinates ... done
processing survey data ... 
####################### cavern log file ########################
 1> Survex 1.4.3
 2> Copyright ¸ 1990-2021 Olly Betts
 3> La topographie n'a pas de points fixes. Par cons‚quent j'ai fix‚ 1 … (0,0,0)
 4> 
 5> La topographie contient 159 stations, connect‚es par 158 vis‚es.
 6> Il y a 0 bouclages.
 7> Longueur totale de la topographie =  180.63m ( 180.63m ajust‚)
 8> Longueur totale en projection horizontale =  176.95m
 9> Longueur totale verticale =   25.62m
10> Intervalle vertical = 20.13m (de 9 … 10.56m jusqu'… 104 … -9.57m)
11> Intervalle Nord-Sud = 47.32m (de 1 … 0.00m jusqu'… 121 … -47.32m)
12> Intervalle Est-Ouest = 72.01m (de 67 … 72.01m jusqu'… 1 … 0.00m)
13>  140 1-noeuds.
14>    1 5-noeud.
15>    2 6-noeuds.
16>    2 7-noeuds.
17>    2 8-noeuds.
18>    4 9-noeuds.
19>    2 10-noeuds.
20>    2 11-noeuds.
21>    2 12-noeuds.
22>    1 13-noeud.
23>    1 14-noeud.
24> 
######################### transcription ########################
 3> 1 : PTR_FR24_A79_00@Tush-Yurruck_06.Alex6
 5> 159 : PTR_FR24_A65_21@Tush-Yurruck_06.Alex6 -- 158 : .@Tush-Yurruck_06.Alex6
10> 9 : .@Tush-Yurruck_06.Alex6 -- 104 : .@Tush-Yurruck_06.Alex6
11> 1 : PTR_FR24_A79_00@Tush-Yurruck_06.Alex6 -- 121 : .@Tush-Yurruck_06.Alex6
12> 67 : .@Tush-Yurruck_06.Alex6 -- 1 : PTR_FR24_A79_00@Tush-Yurruck_06.Alex6
13> 140 : .@Tush-Yurruck_06.Alex6
14> 1 : PTR_FR24_A79_00@Tush-Yurruck_06.Alex6
15> 2 : 1@Tush-Yurruck_06.Alex6
16> 2 : 1@Tush-Yurruck_06.Alex6
17> 2 : 1@Tush-Yurruck_06.Alex6
18> 4 : .@Tush-Yurruck_06.Alex6
19> 2 : 1@Tush-Yurruck_06.Alex6
20> 2 : 1@Tush-Yurruck_06.Alex6
21> 2 : 1@Tush-Yurruck_06.Alex6
22> 1 : PTR_FR24_A79_00@Tush-Yurruck_06.Alex6
23> 1 : PTR_FR24_A79_00@Tush-Yurruck_06.Alex6
#################### end of cavern log file ####################
done
calculating basic statistics ... done
processing extended elevation ... done
processing references ... 
C:\Program Files (x86)\Therion\therion.exe: warning -- Alex6.thconfig [56] -- source layout not found -- Coords_Header_CDa
done
selecting export objects ... 
C:\Program Files (x86)\Therion\therion.exe: warning -- Alex6.thconfig [303] -- object not found -- "MP-Alex6-plan"

C:\Program Files (x86)\Therion\therion.exe: warning -- Alex6.thconfig [304] -- object not found -- "MC-Alex6-coupe"
done
processing projection plan ... done
average distortion: 0.00%
writing Data/Alex6-map.xvi ... done
processing projection extended ... done


############### export maps & scraps selection #################
S     -.-- @ ()
########## end of export maps & scraps selection ###############
writing Outputs/Alex6-coupe.pdf ...
####################### metapost log file ########################
This is MetaPost, version 2.01 (TeX Live 2021/W32TeX) (kpathsea version 6.3.3)  28 APR 2024 07:15
**data.mp
(c:/Program Files (x86)/Therion/texmf/mpost/mpost.mp
(c:/Program Files (x86)/Therion/texmf/mpost/plain.mp
Preloading the plain mem file, version 1.005) ) (./data.mp
{randomseed:=42}
 [1] [2] [3] [4]
[5] [6] [7] [8] [9] [10] [11] [12] [13] [14]
[15] [1] [2] (./mptextmp.mp) [3] (./mptextmp.mp) [4] )
 
Here is how much of MetaPost's memory you used:
 3861 strings using 108551 characters
 2552068 bytes of node memory
 1743 symbolic tokens
 8i,82n,16p,312b,5f stack positions out of 16i,98n,20p,312b,6f
19 output files written: data-patt.1 .. data-patt.15


#################### end of metapost log file ####################
converting scraps ... done
making map ... done
######################## pdftex log file #########################
This is pdfTeX, Version 3.141592653-2.6-1.40.22 (TeX Live 2021/W32TeX) (preloaded format=pdftex 2021.6.19)  28 APR 2024 07:16
entering extended mode
**data.tex
(./data.tex (./th_enc.tex) (./th_texts.tex) (./th_resources.tex
(c:/Program Files (x86)/Therion/texmf/tex/glyphtounicode.tex))
(./th_fontdef.tex{c:/Program Files (x86)/Therion/texmf/fonts/pdftex.map})
(./th_formdef.tex) (./th_pagedef.tex) (./th_pages.tex)
 51 numeric registers used out of 32768
 [1] ) 
Here is how much of TeX's memory you used:
 273 strings out of 94604
 3855 string characters out of 1142524
 41640 words of memory out of 5025368
 1930 multiletter control sequences out of 15000+50000
 16503 words of font info for 54 fonts, out of 1000000 for 2000
 1416 hyphenation exceptions out of 5000
 7i,5n,6p,229b,42s stack positions out of 5000i,500n,10000p,200000b,50000s
<c:/Program Files (x86)/Therion/texmf/fonts/type1/cmss10.pfb>
Output written on data.pdf (1 page, 20844 bytes).
PDF statistics:
 33 PDF objects out of 1000 (max. 8388607)
 20 compressed objects within 1 object stream
 0 named destinations out of 1000 (max. 500000)
 67 words of extra memory for PDF output out of 10000 (max. 10000000)


##################### end of pdftex log file #####################
done


############### export maps & scraps selection #################
M    -5.72 MP-Alex6@Alex6 (Alex6)
S    -3.54 SP-Alex6-1@Alex6 ()
S    -7.90 SP-Alex6-2@Alex6 ()
########## end of export maps & scraps selection ###############
writing Outputs/Alex6-plan.pdf ...
####################### metapost log file ########################
This is MetaPost, version 2.01 (TeX Live 2021/W32TeX) (kpathsea version 6.3.3)  28 APR 2024 07:16
**data.mp
(c:/Program Files (x86)/Therion/texmf/mpost/mpost.mp
(c:/Program Files (x86)/Therion/texmf/mpost/plain.mp
Preloading the plain mem file, version 1.005) ) (./data.mp
{randomseed:=42}
 [1] [2] [3] [4]
[5] [6] [7] [8] [9] [10] [11] [12] [13] [14]
[15] [1]
[Warning: scrap outline intersects itself in scrap SP-Alex6-2@Alex6] [2] [3]
[4] [5] [6] [7] [8] (./mptextmp.mp) [9] (./mptextmp.mp) (./mptextmp.mp)
(./mptextmp.mp) (./mptextmp.mp) (./mptextmp.mp) (./mptextmp.mp) [10] )
 
Here is how much of MetaPost's memory you used:
 5087 strings using 132437 characters
 2585312 bytes of node memory
 1744 symbolic tokens
 9i,82n,16p,312b,5f stack positions out of 16i,98n,20p,312b,6f
25 output files written: data-patt.1 .. data-patt.15


#################### end of metapost log file ####################
converting scraps ... done
making map ... done
######################## pdftex log file #########################
This is pdfTeX, Version 3.141592653-2.6-1.40.22 (TeX Live 2021/W32TeX) (preloaded format=pdftex 2021.6.19)  28 APR 2024 07:16
entering extended mode
**data.tex
(./data.tex (./th_enc.tex) (./th_texts.tex) (./th_resources.tex
(c:/Program Files (x86)/Therion/texmf/tex/glyphtounicode.tex))
(./th_fontdef.tex{c:/Program Files (x86)/Therion/texmf/fonts/pdftex.map})
(./th_formdef.tex) (./th_pagedef.tex) (./th_pages.tex)
 61 numeric registers used out of 32768
 [1] ) 
Here is how much of TeX's memory you used:
 309 strings out of 94604
 4183 string characters out of 1142524
 34683 words of memory out of 5019411
 1964 multiletter control sequences out of 15000+50000
 20080 words of font info for 63 fonts, out of 1000000 for 2000
 1416 hyphenation exceptions out of 5000
 9i,5n,8p,712b,53s stack positions out of 5000i,500n,10000p,200000b,50000s
<c:/Program Files (x86)/Therion/texmf/fonts/type1/cmss10.pfb><c:/Program 
Files (x86)/Therion/texmf/fonts/type1/cmssi10.pfb><c:/Program Files (x86)/Theri
on/texmf/fonts/type1/csss10.pfb><c:/Program Files (x86)/Therion/texmf/fonts/typ
e1/csssi10.pfb>
Output written on data.pdf (1 page, 51069 bytes).
PDF statistics:
 72 PDF objects out of 1000 (max. 8388607)
 41 compressed objects within 1 object stream
 0 named destinations out of 1000 (max. 500000)
 139 words of extra memory for PDF output out of 10000 (max. 10000000)


##################### end of pdftex log file #####################
done
writing Outputs/Alex6.lox ..... done
C:\Program Files (x86)\Therion\therion.exe: warning -- data not georeferenced -- unable to export KML file
C:\Program Files (x86)\Therion\therion.exe: warning -- data not georeferenced -- unable to export KML file
writing Outputs/Alex6.html ... done
writing xtherion file ... done
compilation time: 16 sec


###################### scrap distortions #######################
 PROJECTION: plan
 AVERAGE  MAXIMAL  SCRAP
   0.00%    0.03%  SP-Alex6-1@Alex6
   0.00%    0.01%  SP-Alex6-2@Alex6
################### end of scrap distortions ###################
