therion 6.1.8 (2023-06-14)
  - using Proj 9.2.1, compiled against 9.2.1
initialization file: C:\Program Files (x86)\Therion/therion.ini
reading ... done
configuration file: Alex0.thconfig
reading ... done
reading source files ... done
preprocessing database ... done
output coordinate system: UTM42
meridian convergence (deg): 1.5803
geomag declinations (deg):
  2024.1.1  4.6366
  2025.1.1  4.6815
scanning centreline tree ... done
searching for centerline loops ... done
calculating station coordinates ... done
processing survey data ... 
####################### cavern log file ########################
 1> Survex 1.4.3
 2> Copyright ¸ 1990-2021 Olly Betts
 3> 
 4> La topographie contient 483 stations, connect‚es par 482 vis‚es.
 5> Il y a 0 bouclages.
 6> Longueur totale de la topographie =  561.38m ( 561.38m ajust‚)
 7> Longueur totale en projection horizontale =  557.53m
 8> Longueur totale verticale =   43.01m
 9> Intervalle vertical = 12.52m (de 344 … 886.62m jusqu'… 202 … 874.10m)
10> Intervalle Nord-Sud = 191.79m (de 10 … 4170922.92m jusqu'… 456 … 4170731.14m)
11> Intervalle Est-Ouest = 291.97m (de 428 … 272209.36m jusqu'… 8 … 271917.38m)
12>  434 1-noeuds.
13>    1 2-noeud.
14>    2 5-noeuds.
15>    1 6-noeud.
16>    2 7-noeuds.
17>    2 8-noeuds.
18>    7 9-noeuds.
19>    7 10-noeuds.
20>   11 11-noeuds.
21>    2 12-noeuds.
22>    6 13-noeuds.
23>    3 14-noeuds.
24>    2 15-noeuds.
25>    1 17-noeud.
26>    1 18-noeud.
27>    1 19-noeud.
28> 
######################### transcription ########################
 4> 483 : .@Tush-Yurruck_Entree.Trush-Yurruck-Entree -- 482 : .@Tush-Yurruck_Entree.Trush-Yurruck-Entree
 9> 344 : .@Tush-Yurruck_Entree.Trush-Yurruck-Entree -- 202 : .@Tush-Yurruck_Entree.Trush-Yurruck-Entree
10> 10 : .@Tush-Yurruck_Entree.Trush-Yurruck-Entree -- 456 : .@Tush-Yurruck_Entree.Trush-Yurruck-Entree
11> 428 : .@Tush-Yurruck_Entree.Trush-Yurruck-Entree -- 8 : .@Tush-Yurruck_Entree.Trush-Yurruck-Entree
12> 434 : .@Tush-Yurruck_Entree.Trush-Yurruck-Entree
13> 1 : 00@Tush-Yurruck_Entree.Trush-Yurruck-Entree
14> 2 : PTR_FR24_A60_1@Tush-Yurruck_Entree.Trush-Yurruck-Entree
15> 1 : 00@Tush-Yurruck_Entree.Trush-Yurruck-Entree
16> 2 : PTR_FR24_A60_1@Tush-Yurruck_Entree.Trush-Yurruck-Entree
17> 2 : PTR_FR24_A60_1@Tush-Yurruck_Entree.Trush-Yurruck-Entree
18> 7 : .@Tush-Yurruck_Entree.Trush-Yurruck-Entree
19> 7 : .@Tush-Yurruck_Entree.Trush-Yurruck-Entree
20> 11 : .@Tush-Yurruck_Entree.Trush-Yurruck-Entree
21> 2 : PTR_FR24_A60_1@Tush-Yurruck_Entree.Trush-Yurruck-Entree
22> 6 : .@Tush-Yurruck_Entree.Trush-Yurruck-Entree
23> 3 : 2@Tush-Yurruck_Entree.Trush-Yurruck-Entree
24> 2 : PTR_FR24_A60_1@Tush-Yurruck_Entree.Trush-Yurruck-Entree
25> 1 : 00@Tush-Yurruck_Entree.Trush-Yurruck-Entree
26> 1 : 00@Tush-Yurruck_Entree.Trush-Yurruck-Entree
27> 1 : 00@Tush-Yurruck_Entree.Trush-Yurruck-Entree
#################### end of cavern log file ####################
done
calculating basic statistics ... done
processing extended elevation ... done
processing references ... 
C:\Program Files (x86)\Therion\therion.exe: warning -- Alex0.thconfig [56] -- source layout not found -- Coords_Header_CDa
done
selecting export objects ... 
C:\Program Files (x86)\Therion\therion.exe: warning -- Alex0.thconfig [303] -- object not found -- "MP-Alex0-plan"

C:\Program Files (x86)\Therion\therion.exe: warning -- Alex0.thconfig [304] -- object not found -- "MC-Alex0-coupe"
done
processing projection extended ... done


############### export maps & scraps selection #################
S     -.-- @ ()
########## end of export maps & scraps selection ###############
writing Outputs/Alex0-coupe.pdf ...
####################### metapost log file ########################
This is MetaPost, version 2.01 (TeX Live 2021/W32TeX) (kpathsea version 6.3.3)  21 APR 2024 19:11
**data.mp
(c:/Program Files (x86)/Therion/texmf/mpost/mpost.mp
(c:/Program Files (x86)/Therion/texmf/mpost/plain.mp
Preloading the plain mem file, version 1.005) ) (./data.mp
{randomseed:=42}
 [1] [2] [3] [4]
[5] [6] [7] [8] [9] [10] [11] [12] [13] [14]
[15] [1] [2] (./mptextmp.mp) [3] (./mptextmp.mp) [4] )
 
Here is how much of MetaPost's memory you used:
 6834 strings using 199230 characters
 2647924 bytes of node memory
 1744 symbolic tokens
 8i,82n,16p,312b,5f stack positions out of 16i,98n,20p,312b,6f
19 output files written: data-patt.1 .. data-patt.15


#################### end of metapost log file ####################
converting scraps ... done
making map ... done
######################## pdftex log file #########################
This is pdfTeX, Version 3.141592653-2.6-1.40.22 (TeX Live 2021/W32TeX) (preloaded format=pdftex 2021.6.19)  21 APR 2024 19:11
entering extended mode
**data.tex
(./data.tex (./th_enc.tex) (./th_texts.tex) (./th_resources.tex
(c:/Program Files (x86)/Therion/texmf/tex/glyphtounicode.tex))
(./th_fontdef.tex{c:/Program Files (x86)/Therion/texmf/fonts/pdftex.map})
(./th_formdef.tex) (./th_pagedef.tex) (./th_pages.tex)
 51 numeric registers used out of 32768
 [1] ) 
Here is how much of TeX's memory you used:
 273 strings out of 94604
 3855 string characters out of 1142524
 78491 words of memory out of 5058219
 1930 multiletter control sequences out of 15000+50000
 16503 words of font info for 54 fonts, out of 1000000 for 2000
 1416 hyphenation exceptions out of 5000
 7i,5n,6p,229b,42s stack positions out of 5000i,500n,10000p,200000b,50000s
<c:/Program Files (x86)/Therion/texmf/fonts/type1/cmss10.pfb>
Output written on data.pdf (1 page, 29976 bytes).
PDF statistics:
 33 PDF objects out of 1000 (max. 8388607)
 20 compressed objects within 1 object stream
 0 named destinations out of 1000 (max. 500000)
 67 words of extra memory for PDF output out of 10000 (max. 10000000)


##################### end of pdftex log file #####################
done
processing projection plan ... done
average distortion: 0.04%


############### export maps & scraps selection #################
S   876.97 SP-Alex0-1@Trush-Yurruck-Entree ()
########## end of export maps & scraps selection ###############
writing Outputs/Alex0-plan.pdf ...
####################### metapost log file ########################
This is MetaPost, version 2.01 (TeX Live 2021/W32TeX) (kpathsea version 6.3.3)  21 APR 2024 19:11
**data.mp
(c:/Program Files (x86)/Therion/texmf/mpost/mpost.mp
(c:/Program Files (x86)/Therion/texmf/mpost/plain.mp
Preloading the plain mem file, version 1.005) ) (./data.mp
{randomseed:=42}
 [1] [2] [3] [4]
[5] [6] [7] [8] [9] [10] [11] [12] [13] [14]
[15] [1] [2] [3] [4] (./mptextmp.mp) [5] (./mptextmp.mp) (./mptextmp.mp)
(./mptextmp.mp) (./mptextmp.mp) (./mptextmp.mp) (./mptextmp.mp) [6] )
 
Here is how much of MetaPost's memory you used:
 9733 strings using 264328 characters
 2674732 bytes of node memory
 1745 symbolic tokens
 9i,82n,16p,312b,5f stack positions out of 16i,98n,20p,312b,6f
21 output files written: data-patt.1 .. data-patt.15


#################### end of metapost log file ####################
converting scraps ... done
making map ... done
######################## pdftex log file #########################
This is pdfTeX, Version 3.141592653-2.6-1.40.22 (TeX Live 2021/W32TeX) (preloaded format=pdftex 2021.6.19)  21 APR 2024 19:11
entering extended mode
**data.tex
(./data.tex (./th_enc.tex) (./th_texts.tex) (./th_resources.tex
(c:/Program Files (x86)/Therion/texmf/tex/glyphtounicode.tex))
(./th_fontdef.tex{c:/Program Files (x86)/Therion/texmf/fonts/pdftex.map})
(./th_formdef.tex) (./th_pagedef.tex) (./th_pages.tex)
 55 numeric registers used out of 32768
 [1] ) 
Here is how much of TeX's memory you used:
 303 strings out of 94604
 4111 string characters out of 1142524
 67766 words of memory out of 5050494
 1958 multiletter control sequences out of 15000+50000
 20080 words of font info for 63 fonts, out of 1000000 for 2000
 1416 hyphenation exceptions out of 5000
 9i,5n,8p,712b,53s stack positions out of 5000i,500n,10000p,200000b,50000s
<c:/Program Files (x86)/Therion/texmf/fonts/type1/cmss10.pfb><c:/Program 
Files (x86)/Therion/texmf/fonts/type1/cmssi10.pfb><c:/Program Files (x86)/Theri
on/texmf/fonts/type1/csss10.pfb><c:/Program Files (x86)/Therion/texmf/fonts/typ
e1/csssi10.pfb>
Output written on data.pdf (1 page, 63684 bytes).
PDF statistics:
 58 PDF objects out of 1000 (max. 8388607)
 34 compressed objects within 1 object stream
 0 named destinations out of 1000 (max. 500000)
 97 words of extra memory for PDF output out of 10000 (max. 10000000)


##################### end of pdftex log file #####################
done
writing Outputs/Alex0.lox .... done
writing Outputs/Alex0.kml ... done
writing Outputs/Alex0-model.kml ... done
writing Outputs/Alex0.html ... done
writing xtherion file ... done
compilation time: 9 sec


###################### scrap distortions #######################
 PROJECTION: plan
 AVERAGE  MAXIMAL  SCRAP
   0.04%    5.96%  SP-Alex0-1@Trush-Yurruck-Entree
################### end of scrap distortions ###################

############# CRS transformations chosen by PROJ ###############
  Area of Use (AoU): (66.414, 37.657) (66.414, 37.657)
  [LONG-LAT â†’ LAT-LONG] AoU: [no] transformation: [axis order change (2D) + Null geographic offset from WGS 84 to WGS 84 + axis order change (2D)] definition: [proj=noop ellps=GRS80] accuracy: [0.000 m]
  [LONG-LAT â†’ LAT-LONG] AoU: [yes] transformation: [axis order change (2D) + Null geographic offset from WGS 84 to WGS 84 + axis order change (2D)] definition: [proj=noop ellps=GRS80] accuracy: [0.000 m]
  [LONG-LAT â†’ UTM42] AoU: [yes] transformation: [axis order change (2D) + UTM zone 42N] definition: [proj=pipeline step proj=unitconvert xy_in=deg xy_out=rad step proj=utm zone=42 ellps=WGS84] accuracy: [0.000 m]
  [LONG-LAT â†’ EPSG:4326] AoU: [yes] transformation: [axis order change (2D) + Null geographic offset from WGS 84 to WGS 84 + axis order change (2D)] definition: [proj=noop ellps=GRS80] accuracy: [0.000 m]
  [UTM42 â†’ LONG-LAT] AoU: [yes] transformation: [Inverse of UTM zone 42N + axis order change (2D)] definition: [proj=pipeline step inv proj=utm zone=42 ellps=WGS84 step proj=unitconvert xy_in=rad xy_out=deg] accuracy: [0.000 m]
  [UTM42 â†’ UTM42] AoU: [yes] transformation: [Inverse of UTM zone 42N + UTM zone 42N] definition: [proj=noop ellps=GRS80] accuracy: [0.000 m]
  [UTM42 â†’ EPSG:4326] AoU: [yes] transformation: [Inverse of UTM zone 42N + axis order change (2D)] definition: [proj=pipeline step inv proj=utm zone=42 ellps=WGS84 step proj=unitconvert xy_in=rad xy_out=deg] accuracy: [0.000 m]
  [EPSG:4326 â†’ UTM42] AoU: [yes] transformation: [axis order change (2D) + UTM zone 42N] definition: [proj=pipeline step proj=unitconvert xy_in=deg xy_out=rad step proj=utm zone=42 ellps=WGS84] accuracy: [0.000 m]
########## end of CRS transformations chosen by PROJ ###########
