therion 6.1.7+dev (compiled on 2023-06-02)
  - using Proj 9.4.0, compiled against 9.2.1
therion: warning -- Proj version mismatch: using 9.4.0, compiled against 9.2.1
initialization file: /usr/local/etc/therion.ini
reading ... done
checking optional fonts csr10 csti10 csbx10 csss10 csssi10 ... OK
checking optional fonts cmcyr10 cmcti10 cmcbx10 cmcss10 cmcssi10 ... OK
configuration file: Kaptarhana.thconfig
reading ... done
reading source files ... done
preprocessing database ... done
output coordinate system: UTM42
meridian convergence (deg): 1.5889
geomag declinations (deg):
  2023.1.1  4.6506
  2024.1.1  4.6954
scanning centreline tree ... done
searching for centerline loops ... done
calculating station coordinates ... done
processing survey data ... 
####################### cavern log file ########################

therion: warning -- can't open cavern log file for input
calculating basic statistics ... done
processing extended elevation ... done
processing references ... done
selecting export objects ... 
therion: warning -- Kaptarhana.thconfig [306] -- object not found -- "MC-Kaptarhana-coupe"
done
processing projection plan ... done
average distortion: 0.21%
writing Data/Kaptarhana-map.xvi ... done
processing projection extended ... done


############### export maps & scraps selection #################
S     -.-- @ ()
########## end of export maps & scraps selection ###############
writing Outputs/Kaptarhana-coupe.pdf ...
####################### metapost log file ########################
This is MetaPost, version 1.999 (TeX Live 2015) (kpathsea version 6.2.1)  12 MAR 2024 10:43
**data.mp
(/usr/local/texlive/2015/texmf-dist/metapost/base/mpost.mp
(/usr/local/texlive/2015/texmf-dist/metapost/base/plain.mp
Preloading the plain mem file, version 1.005) ) (./data.mp
{randomseed:=42}
 [1] [2] [3] [4]
[5] [6] [7] [8] [9] [10] [11] [12] [13] [14]
[15] [1] [2] (./mptextmp.mp) [3] (./mptextmp.mp) [4] )
 
Here is how much of MetaPost's memory you used:
 5059 strings using 152852 characters
 3687560 bytes of node memory
 1741 symbolic tokens
 8i,81n,16p,312b,5f stack positions out of 16i,96n,20p,312b,6f
19 output files written: data-patt.1 .. data-patt.15


#################### end of metapost log file ####################
converting scraps ... done
making map ... done
######################## pdftex log file #########################
This is pdfTeX, Version 3.14159265-2.6-1.40.16 (TeX Live 2015) (preloaded format=pdftex 2016.5.13)  12 MAR 2024 10:43
entering extended mode
 restricted \write18 enabled.
 %&-line parsing enabled.
**data.tex
(./data.tex (./th_enc.tex) (./th_texts.tex) (./th_resources.tex
(/usr/local/texlive/2015/texmf-dist/tex/generic/pdftex/glyphtounicode.tex))
(./th_fontdef.tex{/usr/local/texlive/2015/texmf-var/fonts/map/pdftex/updmap/pdf
tex.map})
(./th_formdef.tex) (./th_pagedef.tex) (./th_pages.tex)
 51 numeric registers used out of 32768
 [1] ) 
Here is how much of TeX's memory you used:
 273 strings out of 494671
 3884 string characters out of 6148971
 51959 words of memory out of 5000000
 1906 multiletter control sequences out of 15000+600000
 16503 words of font info for 54 fonts, out of 8000000 for 9000
 1420 hyphenation exceptions out of 8191
 7i,5n,6p,322b,42s stack positions out of 5000i,500n,10000p,200000b,80000s
</usr/local/texlive/2015/texmf-dist/fonts/type1/public/amsfonts/cm/cmss10
.pfb>
Output written on data.pdf (1 page, 23247 bytes).
PDF statistics:
 33 PDF objects out of 1000 (max. 8388607)
 20 compressed objects within 1 object stream
 0 named destinations out of 1000 (max. 500000)
 67 words of extra memory for PDF output out of 10000 (max. 10000000)


##################### end of pdftex log file #####################
done


############### export maps & scraps selection #################
M   594.43 MP-Kaptarhana@Kaptarhana (Kaptarhana)
S   594.43 SP-Kaptarhana-1@Kaptarhana ()
########## end of export maps & scraps selection ###############
writing Outputs/Kaptarhana-plan.pdf ...
processing projection none ... done
####################### metapost log file ########################
This is MetaPost, version 1.999 (TeX Live 2015) (kpathsea version 6.2.1)  12 MAR 2024 10:43
**data.mp
(/usr/local/texlive/2015/texmf-dist/metapost/base/mpost.mp
(/usr/local/texlive/2015/texmf-dist/metapost/base/plain.mp
Preloading the plain mem file, version 1.005) ) (./data.mp
{randomseed:=42}
 [1] [2] [3] [4]
[5] [6] [7] [8] [9] [10] [11] [12] [13] [14]
[15] [1] [2] [3] [4] [5] [6] [7] [8] [9] [10] [11] [12] [13] [14] [15] [16]
[17] (./mptextmp.mp) [18] (./mptextmp.mp) (./mptextmp.mp) (./mptextmp.mp)
(./mptextmp.mp) (./mptextmp.mp) (./mptextmp.mp) [19] (./mptextmp.mp)
(./mptextmp.mp) (./mptextmp.mp) (./mptextmp.mp) (./mptextmp.mp) (./mptextmp.mp)
(./mptextmp.mp) [20] )
 
Here is how much of MetaPost's memory you used:
 5851 strings using 149556 characters
 5110776 bytes of node memory
 1755 symbolic tokens
 11i,81n,19p,460b,5f stack positions out of 16i,96n,22p,487b,6f
35 output files written: data-patt.1 .. data.20


#################### end of metapost log file ####################
converting scraps ... done
making map ... done
######################## pdftex log file #########################
This is pdfTeX, Version 3.14159265-2.6-1.40.16 (TeX Live 2015) (preloaded format=pdftex 2016.5.13)  12 MAR 2024 10:43
entering extended mode
 restricted \write18 enabled.
 %&-line parsing enabled.
**data.tex
(./data.tex (./th_enc.tex) (./th_texts.tex) (./th_resources.tex
(/usr/local/texlive/2015/texmf-dist/tex/generic/pdftex/glyphtounicode.tex))
(./th_fontdef.tex{/usr/local/texlive/2015/texmf-var/fonts/map/pdftex/updmap/pdf
tex.map}<<th_gour_aaaaaaa.dat>>)
(./th_formdef.tex) (./th_pagedef.tex (./th_legendcolor.tex)) (./th_pages.tex)
 86 numeric registers used out of 32768

[1] ) 
Here is how much of TeX's memory you used:
 344 strings out of 494671
 4574 string characters out of 6148971
 454640 words of memory out of 5000000
 1972 multiletter control sequences out of 15000+600000
 21229 words of font info for 66 fonts, out of 8000000 for 9000
 1420 hyphenation exceptions out of 8191
 10i,6n,8p,712b,66s stack positions out of 5000i,500n,10000p,200000b,80000s
</usr/local/texlive/2015/texmf-dist/fonts/type1/public/amsfonts/cm/cmbx10.
pfb></usr/local/texlive/2015/texmf-dist/fonts/type1/public/amsfonts/cm/cmss10.p
fb></usr/local/texlive/2015/texmf-dist/fonts/type1/public/amsfonts/cm/cmssi10.p
fb></usr/local/texlive/2015/texmf-dist/fonts/type1/public/cs/csss10.pfb></usr/l
ocal/texlive/2015/texmf-dist/fonts/type1/public/cs/csssi10.pfb>
Output written on data.pdf (1 page, 145520 bytes).
PDF statistics:
 121 PDF objects out of 1000 (max. 8388607)
 69 compressed objects within 1 object stream
 0 named destinations out of 1000 (max. 500000)
 279 words of extra memory for PDF output out of 10000 (max. 10000000)


##################### end of pdftex log file #####################
done
writing Outputs/Kaptarhana.lox .... done
####################### metapost log file ########################
This is MetaPost, version 1.999 (TeX Live 2015) (kpathsea version 6.2.1)  12 MAR 2024 10:43
**data.mp
(/usr/local/texlive/2015/texmf-dist/metapost/base/mpost.mp
(/usr/local/texlive/2015/texmf-dist/metapost/base/plain.mp
Preloading the plain mem file, version 1.005) ) (./data.mp [1] )
1 output file written: data.1


#################### end of metapost log file ####################
writing Outputs/Kaptarhana ... done
writing Outputs/Kaptarhana.kml ... done
writing Outputs/Kaptarhana-model.kml ... done
writing Outputs/Kaptarhana.html ... done
writing xtherion file ... done
compilation time: 9 sec


###################### scrap distortions #######################
 PROJECTION: plan
 AVERAGE  MAXIMAL  SCRAP
   0.21%    7.68%  SP-Kaptarhana-1@Kaptarhana
################### end of scrap distortions ###################

############# CRS transformations chosen by PROJ ###############
  Area of Use (AoU): (66.410, 37.828) (66.410, 37.828)
  [LONG-LAT → LAT-LONG] AoU: [no] transformation: [axis order change (2D) + Null geographic offset from WGS 84 to WGS 84 + axis order change (2D)] definition: [proj=noop ellps=GRS80] accuracy: [0.000 m]
  [LONG-LAT → LAT-LONG] AoU: [yes] transformation: [axis order change (2D) + Null geographic offset from WGS 84 to WGS 84 + axis order change (2D)] definition: [proj=noop ellps=GRS80] accuracy: [0.000 m]
  [LONG-LAT → UTM42] AoU: [yes] transformation: [axis order change (2D) + UTM zone 42N] definition: [proj=pipeline step proj=unitconvert xy_in=deg xy_out=rad step proj=utm zone=42 ellps=WGS84] accuracy: [0.000 m]
  [LONG-LAT → EPSG:4326] AoU: [yes] transformation: [axis order change (2D) + Null geographic offset from WGS 84 to WGS 84 + axis order change (2D)] definition: [proj=noop ellps=GRS80] accuracy: [0.000 m]
  [UTM42 → LONG-LAT] AoU: [yes] transformation: [Inverse of UTM zone 42N + axis order change (2D)] definition: [proj=pipeline step inv proj=utm zone=42 ellps=WGS84 step proj=unitconvert xy_in=rad xy_out=deg] accuracy: [0.000 m]
  [UTM42 → UTM42] AoU: [yes] transformation: [Inverse of UTM zone 42N + UTM zone 42N] definition: [proj=noop ellps=GRS80] accuracy: [0.000 m]
  [UTM42 → EPSG:4326] AoU: [yes] transformation: [Inverse of UTM zone 42N + axis order change (2D)] definition: [proj=pipeline step inv proj=utm zone=42 ellps=WGS84 step proj=unitconvert xy_in=rad xy_out=deg] accuracy: [0.000 m]
  [EPSG:4326 → UTM42] AoU: [yes] transformation: [axis order change (2D) + UTM zone 42N] definition: [proj=pipeline step proj=unitconvert xy_in=deg xy_out=rad step proj=utm zone=42 ellps=WGS84] accuracy: [0.000 m]
########## end of CRS transformations chosen by PROJ ###########
