therion 6.1.8 (2023-06-14)
  - using Proj 9.2.1, compiled against 9.2.1
initialization file: C:\Program Files (x86)\Therion/therion.ini
reading ... done
configuration file: Alex3.thconfig
reading ... done
reading source files ... done
preprocessing database ... done
scanning centreline tree ... done
searching for centerline loops ... done
calculating station coordinates ... done
average loop error: 0.88%
processing survey data ... 
####################### cavern log file ########################
 1> Survex 1.4.3
 2> Copyright ¸ 1990-2021 Olly Betts
 3> La topographie n'a pas de points fixes. Par cons‚quent j'ai fix‚ 1 … (0,0,0)
 4> 
 5> La topographie contient 240 stations, connect‚es par 240 vis‚es.
 6> Il y a 2 bouclages.
 7> La topographie contient 2 composants connect‚s.
 8> Longueur totale de la topographie =  534.54m ( 534.56m ajust‚)
 9> Longueur totale en projection horizontale =  523.56m
10> Longueur totale verticale =   84.77m
11> Intervalle vertical = 29.87m (de 159 … 11.42m jusqu'… 121 … -18.45m)
12> Intervalle Nord-Sud = 139.63m (de 3 … 8.92m jusqu'… 160 … -130.71m)
13> Intervalle Est-Ouest = 219.73m (de 240 … 205.75m jusqu'… 5 … -13.98m)
14>  206 1-noeuds.
15>    7 6-noeuds.
16>    5 7-noeuds.
17>    8 8-noeuds.
18>    8 9-noeuds.
19>    5 10-noeuds.
20>    1 11-noeud.
21> 
######################### transcription ########################
 3> 1 : PTR_FR24_B59_00@Geophyscaya_03.Alex3
 5> 240 : .@Geophyscaya_03.Alex3 -- 240 : .@Geophyscaya_03.Alex3
 6> 2 : .@Geophyscaya_03.Alex3
 7> 2 : .@Geophyscaya_03.Alex3
11> 159 : .@Geophyscaya_03.Alex3 -- 121 : .@Geophyscaya_03.Alex3
12> 3 : .@Geophyscaya_03.Alex3 -- 160 : .@Geophyscaya_03.Alex3
13> 240 : .@Geophyscaya_03.Alex3 -- 5 : .@Geophyscaya_03.Alex3
14> 206 : 42@Geophyscaya_03.Alex3
15> 7 : .@Geophyscaya_03.Alex3
16> 5 : .@Geophyscaya_03.Alex3
17> 8 : .@Geophyscaya_03.Alex3
18> 8 : .@Geophyscaya_03.Alex3
19> 5 : .@Geophyscaya_03.Alex3
20> 1 : PTR_FR24_B59_00@Geophyscaya_03.Alex3
#################### end of cavern log file ####################
done
calculating basic statistics ... done
processing extended elevation ... done
processing references ... 
C:\Program Files (x86)\Therion\therion.exe: warning -- Alex3.thconfig [56] -- source layout not found -- Coords_Header_CDa
done
selecting export objects ... 
C:\Program Files (x86)\Therion\therion.exe: warning -- Alex3.thconfig [303] -- object not found -- "MP-Alex3-plan"

C:\Program Files (x86)\Therion\therion.exe: warning -- Alex3.thconfig [304] -- object not found -- "MC-Alex3-coupe"
done
processing projection plan ... done
average distortion: 0.00%
writing Data/Alex3-map.xvi ... done


############### export maps & scraps selection #################
M    -1.18 MP-Alex3@Alex3 (Alex3)
S    -1.18 SP-Alex3-1@Alex3 ()
########## end of export maps & scraps selection ###############
writing Outputs/Alex3-plan.pdf ...
####################### metapost log file ########################
This is MetaPost, version 2.01 (TeX Live 2021/W32TeX) (kpathsea version 6.3.3)  30 APR 2024 12:10
**data.mp
(c:/Program Files (x86)/Therion/texmf/mpost/mpost.mp
(c:/Program Files (x86)/Therion/texmf/mpost/plain.mp
Preloading the plain mem file, version 1.005) ) (./data.mp
{randomseed:=42}
 [1] [2] [3] [4]
[5] [6] [7] [8] [9] [10] [11] [12] [13] [14]
[15] [1]
[Warning: scrap outline intersects itself in scrap SP-Alex3-1@Alex3] [2] [3]
[4] (./mptextmp.mp) [5] (./mptextmp.mp) (./mptextmp.mp) (./mptextmp.mp)
(./mptextmp.mp) (./mptextmp.mp) (./mptextmp.mp) [6] )
 
Here is how much of MetaPost's memory you used:
 7170 strings using 200448 characters
 5093172 bytes of node memory
 1745 symbolic tokens
 11i,82n,16p,312b,5f stack positions out of 16i,98n,17p,312b,6f
21 output files written: data-patt.1 .. data-patt.15


#################### end of metapost log file ####################
converting scraps ... done
making map ... done
######################## pdftex log file #########################
This is pdfTeX, Version 3.141592653-2.6-1.40.22 (TeX Live 2021/W32TeX) (preloaded format=pdftex 2021.6.19)  30 APR 2024 12:10
entering extended mode
**data.tex
(./data.tex (./th_enc.tex) (./th_texts.tex) (./th_resources.tex
(c:/Program Files (x86)/Therion/texmf/tex/glyphtounicode.tex))
(./th_fontdef.tex{c:/Program Files (x86)/Therion/texmf/fonts/pdftex.map})
(./th_formdef.tex) (./th_pagedef.tex) (./th_pages.tex)
 55 numeric registers used out of 32768
 [1] ) 
Here is how much of TeX's memory you used:
 303 strings out of 94604
 4111 string characters out of 1142524
 691151 words of memory out of 5585879
 1958 multiletter control sequences out of 15000+50000
 20080 words of font info for 63 fonts, out of 1000000 for 2000
 1416 hyphenation exceptions out of 5000
 9i,5n,8p,712b,53s stack positions out of 5000i,500n,10000p,200000b,50000s
<c:/Program Files (x86)/Therion/texmf/fonts/type1/cmss10.pfb><c:/Program 
Files (x86)/Therion/texmf/fonts/type1/cmssi10.pfb><c:/Program Files (x86)/Theri
on/texmf/fonts/type1/csss10.pfb><c:/Program Files (x86)/Therion/texmf/fonts/typ
e1/csssi10.pfb>
Output written on data.pdf (1 page, 159988 bytes).
PDF statistics:
 58 PDF objects out of 1000 (max. 8388607)
 34 compressed objects within 1 object stream
 0 named destinations out of 1000 (max. 500000)
 97 words of extra memory for PDF output out of 10000 (max. 10000000)


##################### end of pdftex log file #####################
done
writing Outputs/Alex3.lox .... done
C:\Program Files (x86)\Therion\therion.exe: warning -- data not georeferenced -- unable to export KML file
writing xtherion file ... done
compilation time: 3 sec


######################### loop errors ##########################
REL-ERR ABS-ERR TOTAL-L STS X-ERROR Y-ERROR Z-ERROR STATIONS
  0.88%    1.4m  154.3m  13   -0.2m    0.5m    1.2m [16@Geophyscaya_03.Alex3 - 38 - 37 - PTR_FR24_A12_36 - 35 - 34 - 33 - 32 - 31 - 30 - PTR_FR24_A19_19 - 18 - 17 - 16]
##################### end of loop errors #######################


###################### scrap distortions #######################
 PROJECTION: plan
 AVERAGE  MAXIMAL  SCRAP
   0.00%    0.01%  SP-Alex3-1@Alex3
################### end of scrap distortions ###################
