therion 6.2.0+dev (compiled on 2024-03-19)
  - using Proj 6.3.2, compiled against 6.3.2
initialization file: /usr/local/etc/therion.ini
reading ... done
checking optional fonts csr10 csti10 csbx10 csss10 csssi10 ... OK
checking optional fonts cmcyr10 cmcti10 cmcbx10 cmcss10 cmcssi10 ... OK
configuration file: Russes-CA.thconfig
reading ... done
reading source files ... done
preprocessing database ... done
output coordinate system: UTM42
meridian convergence (deg): 1.6394
geomag declinations (deg):
  2024.1.1  4.6552
  2025.1.1  4.7003
scanning centreline tree ... done
searching for centerline loops ... done
calculating station coordinates ... done
processing survey data ... 
####################### cavern log file ########################
 1> Survex 1.4.5
 2> Copyright © 1990-2021 Olly Betts
 3> 
 4> La topographie contient 178 stations, connectées par 175 visées.
 5> Il y a 1 bouclage.
 6> La topographie contient 4 composants connectés.
 7> Longueur totale de la topographie =   63.24m (  63.24m ajusté)
 8> Longueur totale en projection horizontale =   56.20m
 9> Longueur totale verticale =   22.35m
10> Intervalle vertical = 6.56m (de 8 à 421.31m jusqu’à 135 à 414.75m)
11> Intervalle Nord-Sud = 25.15m (de 34 à 4174358.27m jusqu’à 56 à 4174333.12m)
12> Intervalle Est-Ouest = 37.92m (de 13 à 263665.01m jusqu’à 82 à 263627.09m)
13>  160 1-nœuds.
14>    1 6-nœud.
15>    2 7-nœuds.
16>    2 8-nœuds.
17>    3 9-nœuds.
18>    2 10-nœuds.
19>    1 11-nœud.
20>    1 12-nœud.
21>    3 13-nœuds.
22>    1 14-nœud.
23>    1 15-nœud.
24>    1 16-nœud.
25> 
######################### transcription ########################
 4> 178 : 18@RussesBauge.RussesBauge.Russes-CA -- 175 : .@RussesBauge.RussesBauge.Russes-CA
 5> 1 : 0@Russes3.Russes3.Russes-CA
 6> 4 : .@Russes3.Russes3.Russes-CA
10> 8 : .@Russes3.Russes3.Russes-CA -- 135 : .@RussesBauge.RussesBauge.Russes-CA
11> 34 : .@Russes2.Russes2.Russes-CA -- 56 : 1@RussesBauge.RussesBauge.Russes-CA
12> 13 : 1@Russes3.Russes3.Russes-CA -- 82 : 4@RussesBauge.RussesBauge.Russes-CA
13> 160 : .@RussesBauge.RussesBauge.Russes-CA
14> 1 : 0@Russes3.Russes3.Russes-CA
15> 2 : .@Russes3.Russes3.Russes-CA
16> 2 : .@Russes3.Russes3.Russes-CA
17> 3 : .@Russes3.Russes3.Russes-CA
18> 2 : .@Russes3.Russes3.Russes-CA
19> 1 : 0@Russes3.Russes3.Russes-CA
20> 1 : 0@Russes3.Russes3.Russes-CA
21> 3 : .@Russes3.Russes3.Russes-CA
22> 1 : 0@Russes3.Russes3.Russes-CA
23> 1 : 0@Russes3.Russes3.Russes-CA
24> 1 : 0@Russes3.Russes3.Russes-CA
#################### end of cavern log file ####################
done
calculating basic statistics ... done
processing extended elevation ... done
processing references ... done
selecting export objects ... 
therion: warning -- Russes-CA.thconfig [306] -- object not found -- "MC-Russes-CA-coupe"
done
processing projection plan ... done
average distortion: 0.11%
writing Data/Russes-CA-map.xvi ... done
processing projection extended ... done
writing Data/Russes-CA-coupe.xvi ... done


############### export maps & scraps selection #################
S     -.-- @ ()
########## end of export maps & scraps selection ###############
writing Outputs/Russes-CA-coupe.pdf ...
####################### metapost log file ########################
This is MetaPost, version 1.999 (TeX Live 2015) (kpathsea version 6.2.1)  11 APR 2024 18:08
**data.mp
(/usr/local/texlive/2015/texmf-dist/metapost/base/mpost.mp
(/usr/local/texlive/2015/texmf-dist/metapost/base/plain.mp
Preloading the plain mem file, version 1.005) ) (./data.mp
{randomseed:=42}
 [1] [2] [3] [4]
[5] [6] [7] [8] [9] [10] [11] [12] [13] [14]
[15] [1] [2] (./mptextmp.mp) [3] (./mptextmp.mp) [4] )
 
Here is how much of MetaPost's memory you used:
 4313 strings using 118892 characters
 3661040 bytes of node memory
 1741 symbolic tokens
 8i,81n,16p,312b,5f stack positions out of 16i,96n,20p,312b,6f
19 output files written: data-patt.1 .. data-patt.15


#################### end of metapost log file ####################
converting scraps ... done
making map ... done
######################## pdftex log file #########################
This is pdfTeX, Version 3.14159265-2.6-1.40.16 (TeX Live 2015) (preloaded format=pdftex 2016.5.13)  11 APR 2024 18:08
entering extended mode
 restricted \write18 enabled.
 %&-line parsing enabled.
**data.tex
(./data.tex (./th_enc.tex) (./th_texts.tex) (./th_resources.tex
(/usr/local/texlive/2015/texmf-dist/tex/generic/pdftex/glyphtounicode.tex))
(./th_fontdef.tex{/usr/local/texlive/2015/texmf-var/fonts/map/pdftex/updmap/pdf
tex.map})
(./th_formdef.tex) (./th_pagedef.tex) (./th_pages.tex)
 51 numeric registers used out of 32768
 [1] ) 
Here is how much of TeX's memory you used:
 273 strings out of 494671
 3884 string characters out of 6148971
 45190 words of memory out of 5000000
 1906 multiletter control sequences out of 15000+600000
 16503 words of font info for 54 fonts, out of 8000000 for 9000
 1420 hyphenation exceptions out of 8191
 7i,5n,6p,322b,42s stack positions out of 5000i,500n,10000p,200000b,80000s
</usr/local/texlive/2015/texmf-dist/fonts/type1/public/amsfonts/cm/cmss10
.pfb>
Output written on data.pdf (1 page, 21035 bytes).
PDF statistics:
 33 PDF objects out of 1000 (max. 8388607)
 20 compressed objects within 1 object stream
 0 named destinations out of 1000 (max. 500000)
 67 words of extra memory for PDF output out of 10000 (max. 10000000)


##################### end of pdftex log file #####################
done


############### export maps & scraps selection #################
M   418.25 MP-Russes-CA@Russes-CA (Russes-CA)
M   419.44 MP-Russes3@Russes3.Russes-CA (Russes3)
S   419.44 SP-Russes3-1@Russes3.Russes-CA ()
M   418.31 MP-Russes2@Russes2.Russes-CA (Russes2)
S   418.31 SP-Russes2-1@Russes2.Russes-CA ()
M   417.00 MP-RussesBauge@RussesBauge.Russes-CA (RussesBauge)
S   417.00 SP-RussesBauge-1@RussesBauge.Russes-CA ()
########## end of export maps & scraps selection ###############
writing Outputs/Russes-CA-plan.pdf ...
####################### metapost log file ########################
This is MetaPost, version 1.999 (TeX Live 2015) (kpathsea version 6.2.1)  11 APR 2024 18:08
**data.mp
(/usr/local/texlive/2015/texmf-dist/metapost/base/mpost.mp
(/usr/local/texlive/2015/texmf-dist/metapost/base/plain.mp
Preloading the plain mem file, version 1.005) ) (./data.mp
{randomseed:=42}
 [1] [2] [3] [4]
[5] [6] [7] [8] [9] [10] [11] [12] [13] [14]
[15] [1] [2] [3] [4] [5] [6] [7] [8] [9] [10] [11] [12] (./mptextmp.mp) [13]
(./mptextmp.mp) (./mptextmp.mp) (./mptextmp.mp) (./mptextmp.mp) (./mptextmp.mp)
(./mptextmp.mp) [14] (./mptextmp.mp) (./mptextmp.mp) (./mptextmp.mp)
(./mptextmp.mp) (./mptextmp.mp) (./mptextmp.mp) [15] )
 
Here is how much of MetaPost's memory you used:
 4584 strings using 111088 characters
 3802976 bytes of node memory
 1742 symbolic tokens
 10i,81n,19p,453b,5f stack positions out of 16i,96n,22p,487b,6f
30 output files written: data-patt.1 .. data.15


#################### end of metapost log file ####################
converting scraps ... done
making map ... done
######################## pdftex log file #########################
This is pdfTeX, Version 3.14159265-2.6-1.40.16 (TeX Live 2015) (preloaded format=pdftex 2016.5.13)  11 APR 2024 18:08
entering extended mode
 restricted \write18 enabled.
 %&-line parsing enabled.
**data.tex
(./data.tex (./th_enc.tex) (./th_texts.tex) (./th_resources.tex
(/usr/local/texlive/2015/texmf-dist/tex/generic/pdftex/glyphtounicode.tex))
(./th_fontdef.tex{/usr/local/texlive/2015/texmf-var/fonts/map/pdftex/updmap/pdf
tex.map}<<th_gour_aaaaaaa.dat>><<th_gour_aaaaaac.dat>><<th_gour_aaaaaae.dat>>)
(./th_formdef.tex) (./th_pagedef.tex (./th_legendcolor.tex)) (./th_pages.tex)
 86 numeric registers used out of 32768

[1] ) 
Here is how much of TeX's memory you used:
 342 strings out of 494671
 4565 string characters out of 6148971
 48314 words of memory out of 5000000
 1970 multiletter control sequences out of 15000+600000
 21229 words of font info for 66 fonts, out of 8000000 for 9000
 1420 hyphenation exceptions out of 8191
 10i,6n,8p,388b,66s stack positions out of 5000i,500n,10000p,200000b,80000s
</usr/local/texlive/2015/texmf-dist/fonts/type1/public/amsfonts/cm/cmss10.
pfb></usr/local/texlive/2015/texmf-dist/fonts/type1/public/amsfonts/cm/cmssi10.
pfb></usr/local/texlive/2015/texmf-dist/fonts/type1/public/cs/csss10.pfb></usr/
local/texlive/2015/texmf-dist/fonts/type1/public/cs/csssi10.pfb>
Output written on data.pdf (1 page, 74415 bytes).
PDF statistics:
 124 PDF objects out of 1000 (max. 8388607)
 70 compressed objects within 1 object stream
 0 named destinations out of 1000 (max. 500000)
 307 words of extra memory for PDF output out of 10000 (max. 10000000)


##################### end of pdftex log file #####################
done
writing Outputs/Russes-CA.lox ...... done
writing Outputs/Russes-CA.kml ... done
writing Outputs/Russes-CA-model.kml ... done
compilation time: 4 sec


###################### scrap distortions #######################
 PROJECTION: plan
 AVERAGE  MAXIMAL  SCRAP
   0.11%    1.50%  SP-RussesBauge-1@RussesBauge.Russes-CA
   0.13%    0.68%  SP-Russes3-1@Russes3.Russes-CA
   0.05%    0.17%  SP-Russes2-1@Russes2.Russes-CA
################### end of scrap distortions ###################

############# CRS transformations chosen by PROJ ###############
  Area of Use (AoU): (66.319, 37.686) (66.320, 37.686)
  [LONG-LAT → LAT-LONG] AoU: [no] transformation: [axis order change (2D) + Null geographic offset from WGS 84 to WGS 84 + axis order change (2D)] definition: [proj=noop ellps=GRS80] accuracy: [0.000 m]
  [LONG-LAT → LAT-LONG] AoU: [yes] transformation: [axis order change (2D) + Null geographic offset from WGS 84 to WGS 84 + axis order change (2D)] definition: [proj=noop ellps=GRS80] accuracy: [0.000 m]
  [LONG-LAT → UTM42] AoU: [yes] transformation: [axis order change (2D) + UTM zone 42N] definition: [proj=pipeline step proj=unitconvert xy_in=deg xy_out=rad step proj=utm zone=42 ellps=WGS84] accuracy: [0.000 m]
  [LONG-LAT → EPSG:4326] AoU: [yes] transformation: [axis order change (2D) + Null geographic offset from WGS 84 to WGS 84 + axis order change (2D)] definition: [proj=noop ellps=GRS80] accuracy: [0.000 m]
  [UTM42 → LONG-LAT] AoU: [yes] transformation: [Inverse of UTM zone 42N + axis order change (2D)] definition: [proj=pipeline step inv proj=utm zone=42 ellps=WGS84 step proj=unitconvert xy_in=rad xy_out=deg] accuracy: [0.000 m]
  [UTM42 → EPSG:4326] AoU: [yes] transformation: [Inverse of UTM zone 42N + axis order change (2D)] definition: [proj=pipeline step inv proj=utm zone=42 ellps=WGS84 step proj=unitconvert xy_in=rad xy_out=deg] accuracy: [0.000 m]
  [EPSG:4326 → UTM42] AoU: [yes] transformation: [axis order change (2D) + UTM zone 42N] definition: [proj=pipeline step proj=unitconvert xy_in=deg xy_out=rad step proj=utm zone=42 ellps=WGS84] accuracy: [0.000 m]
########## end of CRS transformations chosen by PROJ ###########
