therion 6.1.8 (2023-06-14)
  - using Proj 9.2.1, compiled against 9.2.1
initialization file: C:\Program Files (x86)\Therion/therion.ini
reading ... done
configuration file: JPH3.thconfig
reading ... done
reading source files ... done
preprocessing database ... done
output coordinate system: UTM42
meridian convergence (deg): 1.5887
geomag declinations (deg):
  2024.1.1  4.6322
  2025.1.1  4.6771
scanning centreline tree ... done
searching for centerline loops ... done
calculating station coordinates ... done
processing survey data ... 
####################### cavern log file ########################
 1> Survex 1.4.3
 2> Copyright ¸ 1990-2021 Olly Betts
 3> 
 4> La topographie contient 96 stations, connect‚es par 95 vis‚es.
 5> Il y a 0 bouclages.
 6> Longueur totale de la topographie =  123.31m ( 123.31m ajust‚)
 7> Longueur totale en projection horizontale =  121.71m
 8> Longueur totale verticale =   14.45m
 9> Intervalle vertical = 30.10m (de 93 … 622.50m jusqu'… 19 … 592.41m)
10> Intervalle Nord-Sud = 61.33m (de 15 … 4169063.34m jusqu'… 93 … 4169002.01m)
11> Intervalle Est-Ouest = 100.51m (de 91 … 270674.51m jusqu'… 2 … 270574.00m)
12>   83 1-noeuds.
13>    6 7-noeuds.
14>    4 8-noeuds.
15>    2 9-noeuds.
16>    1 15-noeud.
17> 
######################### transcription ########################
 4> 96 : -@0tkm_80.JPH3 -- 95 : -@0tkm_80.JPH3
 9> 93 : -@0tkm_80.JPH3 -- 19 : -@0tkm_80.JPH3
10> 15 : -@0tkm_80.JPH3 -- 93 : -@0tkm_80.JPH3
11> 91 : -@0tkm_80.JPH3 -- 2 : Promeszutochnaya_Entree_Nat@0tkm_80.JPH3
12> 83 : -@0tkm_80.JPH3
13> 6 : 5@0tkm_80.JPH3
14> 4 : 3@0tkm_80.JPH3
15> 2 : Promeszutochnaya_Entree_Nat@0tkm_80.JPH3
16> 1 : 1@0tkm_80.JPH3
#################### end of cavern log file ####################
done
calculating basic statistics ... done
processing extended elevation ... done
processing references ... 
C:\Program Files (x86)\Therion\therion.exe: warning -- JPH3.thconfig [56] -- source layout not found -- Coords_Header_CDa
done
selecting export objects ... 
C:\Program Files (x86)\Therion\therion.exe: warning -- JPH3.thconfig [303] -- object not found -- "MP-JPH3-plan"

C:\Program Files (x86)\Therion\therion.exe: warning -- JPH3.thconfig [304] -- object not found -- "MC-JPH3-coupe"
done
processing projection plan ... done
writing Data/JPH3-map.xvi ... done
processing projection extended ... done


############### export maps & scraps selection #################
S     -.-- @ ()
########## end of export maps & scraps selection ###############
writing Outputs/JPH3-coupe.pdf ...
####################### metapost log file ########################
This is MetaPost, version 2.01 (TeX Live 2021/W32TeX) (kpathsea version 6.3.3)  25 APR 2024 15:30
**data.mp
(c:/Program Files (x86)/Therion/texmf/mpost/mpost.mp
(c:/Program Files (x86)/Therion/texmf/mpost/plain.mp
Preloading the plain mem file, version 1.005) ) (./data.mp
{randomseed:=42}
 [1] [2] [3] [4]
[5] [6] [7] [8] [9] [10] [11] [12] [13] [14]
[15] [1] [2] (./mptextmp.mp) [3] (./mptextmp.mp) [4] )
 
Here is how much of MetaPost's memory you used:
 3044 strings using 86103 characters
 2529956 bytes of node memory
 1745 symbolic tokens
 8i,82n,16p,440b,5f stack positions out of 16i,98n,20p,487b,6f
19 output files written: data-patt.1 .. data-patt.15


#################### end of metapost log file ####################
converting scraps ... done
making map ... done
######################## pdftex log file #########################
This is pdfTeX, Version 3.141592653-2.6-1.40.22 (TeX Live 2021/W32TeX) (preloaded format=pdftex 2021.6.19)  25 APR 2024 15:30
entering extended mode
**data.tex
(./data.tex (./th_enc.tex) (./th_texts.tex) (./th_resources.tex
(c:/Program Files (x86)/Therion/texmf/tex/glyphtounicode.tex))
(./th_fontdef.tex{c:/Program Files (x86)/Therion/texmf/fonts/pdftex.map})
(./th_formdef.tex) (./th_pagedef.tex) (./th_pages.tex)
 51 numeric registers used out of 32768
 [1] ) 
Here is how much of TeX's memory you used:
 273 strings out of 94604
 3855 string characters out of 1142524
 32073 words of memory out of 5016801
 1930 multiletter control sequences out of 15000+50000
 16503 words of font info for 54 fonts, out of 1000000 for 2000
 1416 hyphenation exceptions out of 5000
 7i,5n,6p,229b,42s stack positions out of 5000i,500n,10000p,200000b,50000s
<c:/Program Files (x86)/Therion/texmf/fonts/type1/cmss10.pfb>
Output written on data.pdf (1 page, 19639 bytes).
PDF statistics:
 33 PDF objects out of 1000 (max. 8388607)
 20 compressed objects within 1 object stream
 0 named destinations out of 1000 (max. 500000)
 67 words of extra memory for PDF output out of 10000 (max. 10000000)


##################### end of pdftex log file #####################
done


############### export maps & scraps selection #################
S     -.-- @ ()
########## end of export maps & scraps selection ###############
writing Outputs/JPH3-plan.pdf ...
####################### metapost log file ########################
This is MetaPost, version 2.01 (TeX Live 2021/W32TeX) (kpathsea version 6.3.3)  25 APR 2024 15:30
**data.mp
(c:/Program Files (x86)/Therion/texmf/mpost/mpost.mp
(c:/Program Files (x86)/Therion/texmf/mpost/plain.mp
Preloading the plain mem file, version 1.005) ) (./data.mp
{randomseed:=42}
 [1] [2] [3] [4]
[5] [6] [7] [8] [9] [10] [11] [12] [13] [14]
[15] [1] [2] (./mptextmp.mp) [3] (./mptextmp.mp) (./mptextmp.mp) (./mptextmp.mp
) (./mptextmp.mp) (./mptextmp.mp) (./mptextmp.mp) [4] )
 
Here is how much of MetaPost's memory you used:
 3058 strings using 86975 characters
 2541884 bytes of node memory
 1746 symbolic tokens
 9i,82n,16p,439b,5f stack positions out of 16i,98n,20p,487b,6f
19 output files written: data-patt.1 .. data-patt.15


#################### end of metapost log file ####################
converting scraps ... done
making map ... done
######################## pdftex log file #########################
This is pdfTeX, Version 3.141592653-2.6-1.40.22 (TeX Live 2021/W32TeX) (preloaded format=pdftex 2021.6.19)  25 APR 2024 15:30
entering extended mode
**data.tex
(./data.tex (./th_enc.tex) (./th_texts.tex) (./th_resources.tex
(c:/Program Files (x86)/Therion/texmf/tex/glyphtounicode.tex))
(./th_fontdef.tex{c:/Program Files (x86)/Therion/texmf/fonts/pdftex.map})
(./th_formdef.tex) (./th_pagedef.tex) (./th_pages.tex)
 51 numeric registers used out of 32768
 [1] ) 
Here is how much of TeX's memory you used:
 299 strings out of 94604
 4061 string characters out of 1142524
 33874 words of memory out of 5018602
 1954 multiletter control sequences out of 15000+50000
 20080 words of font info for 63 fonts, out of 1000000 for 2000
 1416 hyphenation exceptions out of 5000
 9i,5n,8p,241b,53s stack positions out of 5000i,500n,10000p,200000b,50000s
<c:/Program Files (x86)/Therion/texmf/fonts/type1/cmss10.pfb><c:/Program 
Files (x86)/Therion/texmf/fonts/type1/cmssi10.pfb><c:/Program Files (x86)/Theri
on/texmf/fonts/type1/csss10.pfb><c:/Program Files (x86)/Therion/texmf/fonts/typ
e1/csssi10.pfb>
Output written on data.pdf (1 page, 40789 bytes).
PDF statistics:
 50 PDF objects out of 1000 (max. 8388607)
 30 compressed objects within 1 object stream
 0 named destinations out of 1000 (max. 500000)
 73 words of extra memory for PDF output out of 10000 (max. 10000000)


##################### end of pdftex log file #####################
done
writing Outputs/JPH3.lox ... done
writing Outputs/JPH3.kml ... done
writing Outputs/JPH3-model.kml ... done
writing Outputs/JPH3.html ... done
writing xtherion file ... done
compilation time: 2 sec

############# CRS transformations chosen by PROJ ###############
  Area of Use (AoU): (66.400, 37.640) (66.400, 37.640)
  [UTM42 â†’ LONG-LAT] AoU: [yes] transformation: [Inverse of UTM zone 42N + axis order change (2D)] definition: [proj=pipeline step inv proj=utm zone=42 ellps=WGS84 step proj=unitconvert xy_in=rad xy_out=deg] accuracy: [0.000 m]
  [UTM42 â†’ LAT-LONG] AoU: [no] transformation: [Inverse of UTM zone 42N + axis order change (2D)] definition: [proj=pipeline step inv proj=utm zone=42 ellps=WGS84 step proj=unitconvert xy_in=rad xy_out=deg] accuracy: [0.000 m]
  [UTM42 â†’ UTM42] AoU: [yes] transformation: [Inverse of UTM zone 42N + UTM zone 42N] definition: [proj=noop ellps=GRS80] accuracy: [0.000 m]
  [UTM42 â†’ EPSG:4326] AoU: [yes] transformation: [Inverse of UTM zone 42N + axis order change (2D)] definition: [proj=pipeline step inv proj=utm zone=42 ellps=WGS84 step proj=unitconvert xy_in=rad xy_out=deg] accuracy: [0.000 m]
  [EPSG:4326 â†’ UTM42] AoU: [yes] transformation: [axis order change (2D) + UTM zone 42N] definition: [proj=pipeline step proj=unitconvert xy_in=deg xy_out=rad step proj=utm zone=42 ellps=WGS84] accuracy: [0.000 m]
########## end of CRS transformations chosen by PROJ ###########
