therion 6.1.8 (2023-06-14)
  - using Proj 9.2.1, compiled against 9.2.1
initialization file: C:\Program Files (x86)\Therion/therion.ini
reading ... done
configuration file: Ochimoyuk.thconfig
reading ... done
reading source files ... done
preprocessing database ... done
scanning centreline tree ... done
searching for centerline loops ... done
calculating station coordinates ... done
average loop error: 3.48%
processing survey data ... 
####################### cavern log file ########################
 1> Survex 1.4.3
 2> Copyright ¸ 1990-2021 Olly Betts
 3> La topographie n'a pas de points fixes. Par cons‚quent j'ai fix‚ 50 … (0,0,0)
 4> 
 5> La topographie contient 1429 stations, connect‚es par 1438 vis‚es.
 6> Il y a 11 bouclages.
 7> La topographie contient 2 composants connect‚s.
 8> Longueur totale de la topographie = 3438.73m (3442.35m ajust‚)
 9> Longueur totale en projection horizontale = 3131.40m
10> Longueur totale verticale =  809.67m
11> Intervalle vertical = 161.29m (de 9 … 128.65m jusqu'… 355 … -32.64m)
12> Intervalle Nord-Sud = 540.94m (de 1234 … 391.07m jusqu'… 413 … -149.87m)
13> Intervalle Est-Ouest = 523.34m (de 1288 … 287.33m jusqu'… 6 … -236.01m)
14> 1251 1-noeuds.
15>   21 2-noeuds.
16>    3 3-noeuds.
17>    3 4-noeuds.
18>    5 5-noeuds.
19>   31 6-noeuds.
20>   22 7-noeuds.
21>   11 8-noeuds.
22>   11 9-noeuds.
23>   10 10-noeuds.
24>   13 11-noeuds.
25>    9 12-noeuds.
26>    6 13-noeuds.
27>    9 14-noeuds.
28>    8 15-noeuds.
29>    3 16-noeuds.
30>    6 19-noeuds.
31>    1 20-noeud.
32>    2 22-noeuds.
33>    1 23-noeud.
34>    1 24-noeud.
35>    1 29-noeud.
36>    1 33-noeud.
37> 
######################### transcription ########################
 3> 50 : B3@Entree2.Entree.Ochimoyuk
 5> 1429 : 70@ochy_muyuk.Boucle1.Ochimoyuk
 6> 11 : -@Entree.Entree.Ochimoyuk
 7> 2 : 1@Entree.Entree.Ochimoyuk
11> 9 : -@Entree.Entree.Ochimoyuk -- 355 : .@AshimyukFond.AshimyukFond.Ochimoyuk
12> 1234 : .@ochy_muyuk.Boucle1.Ochimoyuk -- 413 : 7@AshimyukFond.AshimyukFond.Ochimoyuk
13> 1288 : 49@ochy_muyuk.Boucle1.Ochimoyuk -- 6 : 5@Entree.Entree.Ochimoyuk
14> 1251 : .@ochy_muyuk.Boucle1.Ochimoyuk
15> 21 : 9@Entree2.Entree.Ochimoyuk
16> 3 : 2@Entree.Entree.Ochimoyuk
17> 3 : 2@Entree.Entree.Ochimoyuk
18> 5 : 4@Entree.Entree.Ochimoyuk
19> 31 : 19@Entree2.Entree.Ochimoyuk
20> 22 : 10@Entree2.Entree.Ochimoyuk
21> 11 : -@Entree.Entree.Ochimoyuk
22> 11 : -@Entree.Entree.Ochimoyuk
23> 10 : -@Entree.Entree.Ochimoyuk
24> 13 : 1@Entree2.Entree.Ochimoyuk
25> 9 : -@Entree.Entree.Ochimoyuk
26> 6 : 5@Entree.Entree.Ochimoyuk
27> 9 : -@Entree.Entree.Ochimoyuk
28> 8 : -@Entree.Entree.Ochimoyuk
29> 3 : 2@Entree.Entree.Ochimoyuk
30> 6 : 5@Entree.Entree.Ochimoyuk
31> 1 : 0@Entree.Entree.Ochimoyuk
32> 2 : 1@Entree.Entree.Ochimoyuk
33> 1 : 0@Entree.Entree.Ochimoyuk
34> 1 : 0@Entree.Entree.Ochimoyuk
35> 1 : 0@Entree.Entree.Ochimoyuk
36> 1 : 0@Entree.Entree.Ochimoyuk
#################### end of cavern log file ####################
done
calculating basic statistics ... done
processing extended elevation ... done
processing references ... done
selecting export objects ... 
C:\Program Files (x86)\Therion\therion.exe: warning -- Ochimoyuk.thconfig [305] -- object not found -- "MP-Ochimoyuk"

C:\Program Files (x86)\Therion\therion.exe: warning -- Ochimoyuk.thconfig [306] -- object not found -- "MC-Ochimoyuk-coupe"
done
processing projection plan ... done
writing Data/Ochimoyuk-map.xvi ... done
processing projection extended ... done
writing Data/Ochimoyuk-coupe.xvi ... done


############### export maps & scraps selection #################
S     -.-- @ ()
########## end of export maps & scraps selection ###############
writing Outputs/Ochimoyuk-coupe.pdf ...
####################### metapost log file ########################
This is MetaPost, version 2.01 (TeX Live 2021/W32TeX) (kpathsea version 6.3.3)  21 MAY 2024 16:14
**data.mp
(c:/Program Files (x86)/Therion/texmf/mpost/mpost.mp
(c:/Program Files (x86)/Therion/texmf/mpost/plain.mp
Preloading the plain mem file, version 1.005) ) (./data.mp
{randomseed:=42}
 [1] [2] [3] [4]
[5] [6] [7] [8] [9] [10] [11] [12] [13] [14]
[15] [1] [2] (./mptextmp.mp) [3] (./mptextmp.mp) [4] )
 
Here is how much of MetaPost's memory you used:
 24823 strings using 777202 characters
 3140572 bytes of node memory
 1744 symbolic tokens
 8i,82n,16p,312b,5f stack positions out of 16i,98n,20p,312b,6f
19 output files written: data-patt.1 .. data-patt.15


#################### end of metapost log file ####################
converting scraps ... done
making map ... done
######################## pdftex log file #########################
This is pdfTeX, Version 3.141592653-2.6-1.40.22 (TeX Live 2021/W32TeX) (preloaded format=pdftex 2021.6.19)  21 MAY 2024 16:14
entering extended mode
**data.tex
(./data.tex (./th_enc.tex) (./th_texts.tex) (./th_resources.tex
(c:/Program Files (x86)/Therion/texmf/tex/glyphtounicode.tex))
(./th_fontdef.tex{c:/Program Files (x86)/Therion/texmf/fonts/pdftex.map})
(./th_formdef.tex) (./th_pagedef.tex) (./th_pages.tex)
 51 numeric registers used out of 32768
 [1] ) 
Here is how much of TeX's memory you used:
 275 strings out of 94604
 3870 string characters out of 1142524
 321436 words of memory out of 5280164
 1930 multiletter control sequences out of 15000+50000
 18931 words of font info for 60 fonts, out of 1000000 for 2000
 1416 hyphenation exceptions out of 5000
 9i,5n,6p,229b,56s stack positions out of 5000i,500n,10000p,200000b,50000s
<c:/Program Files (x86)/Therion/texmf/fonts/type1/cmss10.pfb><c:/Program 
Files (x86)/Therion/texmf/fonts/type1/cmssi10.pfb><c:/Program Files (x86)/Theri
on/texmf/fonts/type1/csss10.pfb>
Output written on data.pdf (1 page, 98102 bytes).
PDF statistics:
 43 PDF objects out of 1000 (max. 8388607)
 26 compressed objects within 1 object stream
 0 named destinations out of 1000 (max. 500000)
 67 words of extra memory for PDF output out of 10000 (max. 10000000)


##################### end of pdftex log file #####################
done


############### export maps & scraps selection #################
S     -.-- @ ()
########## end of export maps & scraps selection ###############
writing Outputs/Ochimoyuk-plan.pdf ...
####################### metapost log file ########################
This is MetaPost, version 2.01 (TeX Live 2021/W32TeX) (kpathsea version 6.3.3)  21 MAY 2024 16:14
**data.mp
(c:/Program Files (x86)/Therion/texmf/mpost/mpost.mp
(c:/Program Files (x86)/Therion/texmf/mpost/plain.mp
Preloading the plain mem file, version 1.005) ) (./data.mp
{randomseed:=42}
 [1] [2] [3] [4]
[5] [6] [7] [8] [9] [10] [11] [12] [13] [14]
[15] [1] [2] (./mptextmp.mp) [3] (./mptextmp.mp) (./mptextmp.mp) (./mptextmp.mp
) (./mptextmp.mp) (./mptextmp.mp) (./mptextmp.mp) [4] (./mptextmp.mp)
(./mptextmp.mp) (./mptextmp.mp) (./mptextmp.mp) (./mptextmp.mp) (./mptextmp.mp)
(./mptextmp.mp) (./mptextmp.mp) [5] )
 
Here is how much of MetaPost's memory you used:
 24038 strings using 746042 characters
 3066524 bytes of node memory
 1745 symbolic tokens
 10i,82n,19p,457b,5f stack positions out of 16i,98n,20p,487b,6f
20 output files written: data-patt.1 .. data-patt.15


#################### end of metapost log file ####################
converting scraps ... done
making map ... done
######################## pdftex log file #########################
This is pdfTeX, Version 3.141592653-2.6-1.40.22 (TeX Live 2021/W32TeX) (preloaded format=pdftex 2021.6.19)  21 MAY 2024 16:14
entering extended mode
**data.tex
(./data.tex (./th_enc.tex) (./th_texts.tex) (./th_resources.tex
(c:/Program Files (x86)/Therion/texmf/tex/glyphtounicode.tex))
(./th_fontdef.tex{c:/Program Files (x86)/Therion/texmf/fonts/pdftex.map}<<th_go
ur_aaaaaaa.dat>>)
(./th_formdef.tex) (./th_pagedef.tex (./th_legendcolor.tex)) (./th_pages.tex)
 59 numeric registers used out of 32768

[1] ) 
Here is how much of TeX's memory you used:
 315 strings out of 94604
 4202 string characters out of 1142524
 302310 words of memory out of 5264038
 1967 multiletter control sequences out of 15000+50000
 21229 words of font info for 66 fonts, out of 1000000 for 2000
 1416 hyphenation exceptions out of 5000
 10i,6n,8p,388b,66s stack positions out of 5000i,500n,10000p,200000b,50000s
<c:/Program Files (x86)/Therion/texmf/fonts/type1/cmss10.pfb><c:/Program F
iles (x86)/Therion/texmf/fonts/type1/cmssi10.pfb><c:/Program Files (x86)/Therio
n/texmf/fonts/type1/csss10.pfb><c:/Program Files (x86)/Therion/texmf/fonts/type
1/csssi10.pfb>
Output written on data.pdf (1 page, 105359 bytes).
PDF statistics:
 62 PDF objects out of 1000 (max. 8388607)
 39 compressed objects within 1 object stream
 0 named destinations out of 1000 (max. 500000)
 117 words of extra memory for PDF output out of 10000 (max. 10000000)


##################### end of pdftex log file #####################
done
writing Outputs/Ochimoyuk.lox ... done
C:\Program Files (x86)\Therion\therion.exe: warning -- data not georeferenced -- unable to export KML file
C:\Program Files (x86)\Therion\therion.exe: warning -- data not georeferenced -- unable to export KML file
writing xtherion file ... done
compilation time: 3 sec


######################### loop errors ##########################
REL-ERR ABS-ERR TOTAL-L STS X-ERROR Y-ERROR Z-ERROR STATIONS
 12.25%   20.4m  166.6m  10  -18.4m   -8.2m   -3.4m [10@ochy_muyuk.Boucle1.Ochimoyuk - 21 - 20 - 19 - 18 - 17 - 16 - 13 - 12 - 11 - 10]
  8.00%   18.3m  229.3m  15  -14.8m   -9.9m   -4.4m [B81@ochy_muyuk.Boucle1.Ochimoyuk - 56 - 55 - 54 - 53 - 52 - 51 - 50 - 42 - 41 - B82 - 36 - 35 - 34 - 29 - B81]
  4.93%    9.3m  189.7m  15    8.2m   -2.5m   -3.8m [B00@ochy_muyuk.Boucle1.Ochimoyuk - 70 - 69 - 68 - 67 - 66 - 65 - 64 - 63 - 62 - 61 - 60 - 59 - 58 - 57 - B00]
  0.86%    0.5m   58.6m   5   -0.2m    0.4m   -0.2m [24@AshimyukFond.AshimyukFond.Ochimoyuk - 26 - 27 - 28 - B76 - 24]
  0.56%    1.3m  231.3m  10   -0.7m    0.7m   -0.8m [B77@AshimyukFond.AshimyukFond.Ochimoyuk - 19 - B79 - 10 - 11 - 12 - 13 - B78 - 16 - 17 - B77]
  0.39%    0.5m  119.3m  10    0.1m   -0.4m   -0.1m [B00@Entree2.Entree.Ochimoyuk - 24.1 - 24 - 23 - B01 - 21 - 20 - 19 - 18 - 17 - B00]
  0.39%    0.3m   69.8m   7   -0.3m   -0.0m   -0.0m [B76@AshimyukFond.AshimyukFond.Ochimoyuk - 29 - B75 - 31 - B77 - 21 - 22 - B76]
  0.33%    0.7m  204.5m  15    0.3m   -0.5m    0.3m [B72@AshimyukFond.AshimyukFond.Ochimoyuk - 56 - 58 - 59 - 60 - 61 - 62 - 24 - B76 - 29 - B75 - 32 - B74 - 46 - B73 - B72]
  0.33%    0.2m   67.7m   3   -0.1m   -0.2m    0.1m [B74@AshimyukFond.AshimyukFond.Ochimoyuk - 15 - B78 - B74]
  0.24%    0.3m  133.0m   8    0.0m    0.3m    0.1m [B75@AshimyukFond.AshimyukFond.Ochimoyuk - 32 - B74 - B78 - 16 - 17 - B77 - 31 - B75]
##################### end of loop errors #######################
