therion 6.1.8 (2023-06-14)
  - using Proj 9.2.1, compiled against 9.2.1
initialization file: C:\Program Files (x86)\Therion/therion.ini
reading ... done
configuration file: Alex.thconfig
reading ... done
reading source files ... done
preprocessing database ... done
scanning centreline tree ... done
searching for centerline loops ... done
calculating station coordinates ... done
processing survey data ... 
####################### cavern log file ########################
 1> Survex 1.4.3
 2> Copyright ¸ 1990-2021 Olly Betts
 3> La topographie n'a pas de points fixes. Par cons‚quent j'ai fix‚ 1 … (0,0,0)
 4> 
 5> La topographie contient 324 stations, connect‚es par 323 vis‚es.
 6> Il y a 1 bouclage.
 7> La topographie contient 2 composants connect‚s.
 8> Longueur totale de la topographie =  652.46m ( 652.46m ajust‚)
 9> Longueur totale en projection horizontale =  624.51m
10> Longueur totale verticale =  132.30m
11> Intervalle vertical = 69.67m (de 20 … 2.79m jusqu'… 324 … -66.87m)
12> Intervalle Nord-Sud = 341.78m (de 200 … 217.91m jusqu'… 321 … -123.87m)
13> Intervalle Est-Ouest = 237.93m (de 322 … 214.30m jusqu'… 55 … -23.63m)
14>  281 1-noeuds.
15>    3 5-noeuds.
16>    4 6-noeuds.
17>    6 7-noeuds.
18>   10 8-noeuds.
19>    7 9-noeuds.
20>    8 10-noeuds.
21>    2 11-noeuds.
22>    1 12-noeud.
23>    1 13-noeud.
24>    1 14-noeud.
25> 
######################### transcription ########################
 3> 1 : 00@Alex.Alex
 5> 324 : .@Alex.Alex -- 323 : .@Alex.Alex
 6> 1 : 00@Alex.Alex
 7> 2 : .@Alex.Alex
11> 20 : .@Alex.Alex -- 324 : .@Alex.Alex
12> 200 : .@Alex.Alex -- 321 : .@Alex.Alex
13> 322 : .@Alex.Alex -- 55 : .@Alex.Alex
14> 281 : .@Alex.Alex
15> 3 : .@Alex.Alex
16> 4 : .@Alex.Alex
17> 6 : .@Alex.Alex
18> 10 : .@Alex.Alex
19> 7 : .@Alex.Alex
20> 8 : .@Alex.Alex
21> 2 : .@Alex.Alex
22> 1 : 00@Alex.Alex
23> 1 : 00@Alex.Alex
24> 1 : 00@Alex.Alex
#################### end of cavern log file ####################
done
calculating basic statistics ... done
processing extended elevation ... done
processing references ... 
C:\Program Files (x86)\Therion\therion.exe: warning -- Alex.thconfig [56] -- source layout not found -- Coords_Header_CDa
done
selecting export objects ... 
C:\Program Files (x86)\Therion\therion.exe: warning -- Alex.thconfig [303] -- object not found -- "MP-Alex-plan"

C:\Program Files (x86)\Therion\therion.exe: warning -- Alex.thconfig [304] -- object not found -- "MC-Alex-coupe"
done
processing projection plan ... done
writing Data/Alex-map.xvi ... done
processing projection extended ... done


############### export maps & scraps selection #################
S     -.-- @ ()
########## end of export maps & scraps selection ###############
writing Outputs/Alex-coupe.pdf ...
####################### metapost log file ########################
This is MetaPost, version 2.01 (TeX Live 2021/W32TeX) (kpathsea version 6.3.3)  25 APR 2024 15:36
**data.mp
(c:/Program Files (x86)/Therion/texmf/mpost/mpost.mp
(c:/Program Files (x86)/Therion/texmf/mpost/plain.mp
Preloading the plain mem file, version 1.005) ) (./data.mp
{randomseed:=42}
 [1] [2] [3] [4]
[5] [6] [7] [8] [9] [10] [11] [12] [13] [14]
[15] [1] [2] (./mptextmp.mp) [3] (./mptextmp.mp) [4] )
 
Here is how much of MetaPost's memory you used:
 6306 strings using 191200 characters
 2614684 bytes of node memory
 1743 symbolic tokens
 8i,82n,16p,312b,5f stack positions out of 16i,98n,20p,312b,6f
19 output files written: data-patt.1 .. data-patt.15


#################### end of metapost log file ####################
converting scraps ... done
making map ... done
######################## pdftex log file #########################
This is pdfTeX, Version 3.141592653-2.6-1.40.22 (TeX Live 2021/W32TeX) (preloaded format=pdftex 2021.6.19)  25 APR 2024 15:36
entering extended mode
**data.tex
(./data.tex (./th_enc.tex) (./th_texts.tex) (./th_resources.tex
(c:/Program Files (x86)/Therion/texmf/tex/glyphtounicode.tex))
(./th_fontdef.tex{c:/Program Files (x86)/Therion/texmf/fonts/pdftex.map})
(./th_formdef.tex) (./th_pagedef.tex) (./th_pages.tex)
 51 numeric registers used out of 32768
 [1] ) 
Here is how much of TeX's memory you used:
 273 strings out of 94604
 3855 string characters out of 1142524
 70081 words of memory out of 5050809
 1930 multiletter control sequences out of 15000+50000
 16503 words of font info for 54 fonts, out of 1000000 for 2000
 1416 hyphenation exceptions out of 5000
 7i,5n,6p,229b,42s stack positions out of 5000i,500n,10000p,200000b,50000s
<c:/Program Files (x86)/Therion/texmf/fonts/type1/cmss10.pfb>
Output written on data.pdf (1 page, 27141 bytes).
PDF statistics:
 33 PDF objects out of 1000 (max. 8388607)
 20 compressed objects within 1 object stream
 0 named destinations out of 1000 (max. 500000)
 67 words of extra memory for PDF output out of 10000 (max. 10000000)


##################### end of pdftex log file #####################
done


############### export maps & scraps selection #################
S     -.-- @ ()
########## end of export maps & scraps selection ###############
writing Outputs/Alex-plan.pdf ...
####################### metapost log file ########################
This is MetaPost, version 2.01 (TeX Live 2021/W32TeX) (kpathsea version 6.3.3)  25 APR 2024 15:36
**data.mp
(c:/Program Files (x86)/Therion/texmf/mpost/mpost.mp
(c:/Program Files (x86)/Therion/texmf/mpost/plain.mp
Preloading the plain mem file, version 1.005) ) (./data.mp
{randomseed:=42}
 [1] [2] [3] [4]
[5] [6] [7] [8] [9] [10] [11] [12] [13] [14]
[15] [1] [2] (./mptextmp.mp) [3] (./mptextmp.mp) (./mptextmp.mp) (./mptextmp.mp
) (./mptextmp.mp) (./mptextmp.mp) (./mptextmp.mp) [4] )
 
Here is how much of MetaPost's memory you used:
 6333 strings using 193069 characters
 2626612 bytes of node memory
 1744 symbolic tokens
 9i,82n,16p,312b,5f stack positions out of 16i,98n,20p,312b,6f
19 output files written: data-patt.1 .. data-patt.15


#################### end of metapost log file ####################
converting scraps ... done
making map ... done
######################## pdftex log file #########################
This is pdfTeX, Version 3.141592653-2.6-1.40.22 (TeX Live 2021/W32TeX) (preloaded format=pdftex 2021.6.19)  25 APR 2024 15:36
entering extended mode
**data.tex
(./data.tex (./th_enc.tex) (./th_texts.tex) (./th_resources.tex
(c:/Program Files (x86)/Therion/texmf/tex/glyphtounicode.tex))
(./th_fontdef.tex{c:/Program Files (x86)/Therion/texmf/fonts/pdftex.map})
(./th_formdef.tex) (./th_pagedef.tex) (./th_pages.tex)
 51 numeric registers used out of 32768
 [1] ) 
Here is how much of TeX's memory you used:
 299 strings out of 94604
 4061 string characters out of 1142524
 73624 words of memory out of 5054352
 1954 multiletter control sequences out of 15000+50000
 20080 words of font info for 63 fonts, out of 1000000 for 2000
 1416 hyphenation exceptions out of 5000
 9i,5n,8p,241b,53s stack positions out of 5000i,500n,10000p,200000b,50000s
<c:/Program Files (x86)/Therion/texmf/fonts/type1/cmss10.pfb><c:/Program 
Files (x86)/Therion/texmf/fonts/type1/cmssi10.pfb><c:/Program Files (x86)/Theri
on/texmf/fonts/type1/csss10.pfb><c:/Program Files (x86)/Therion/texmf/fonts/typ
e1/csssi10.pfb>
Output written on data.pdf (1 page, 49521 bytes).
PDF statistics:
 50 PDF objects out of 1000 (max. 8388607)
 30 compressed objects within 1 object stream
 0 named destinations out of 1000 (max. 500000)
 73 words of extra memory for PDF output out of 10000 (max. 10000000)


##################### end of pdftex log file #####################
done
writing Outputs/Alex.lox ... done
C:\Program Files (x86)\Therion\therion.exe: warning -- data not georeferenced -- unable to export KML file
C:\Program Files (x86)\Therion\therion.exe: warning -- data not georeferenced -- unable to export KML file
writing Outputs/Alex.html ... done
writing xtherion file ... done
compilation time: 1 sec
