therion 6.2.0+dev (compiled on 2024-03-19)
  - using Proj 6.3.2, compiled against 6.3.2
initialization file: /usr/local/etc/therion.ini
reading ... done
checking optional fonts csr10 csti10 csbx10 csss10 csssi10 ... OK
checking optional fonts cmcyr10 cmcti10 cmcbx10 cmcss10 cmcssi10 ... OK
configuration file: GeophysicayaXR6.thconfig
reading ... done
reading source files ... done
preprocessing database ... done
scanning centreline tree ... done
searching for centerline loops ... done
calculating station coordinates ... done
average loop error: 0.52%
processing survey data ... 
####################### cavern log file ########################
 1> Survex 1.4.5
 2> Copyright © 1990-2021 Olly Betts
 3> La topographie n’a pas de points fixes. Par conséquent j’ai fixé 1 à (0,0,0)
 4> 
 5> La topographie contient 355 stations, connectées par 356 visées.
 6> Il y a 2 bouclages.
 7> Longueur totale de la topographie =  492.47m ( 492.47m ajusté)
 8> Longueur totale en projection horizontale =  487.90m
 9> Longueur totale verticale =   48.56m
10> Intervalle vertical = 19.39m (de 72 à 1.41m jusqu’à 256 à -17.98m)
11> Intervalle Nord-Sud = 134.83m (de 223 à 131.38m jusqu’à 3 à -3.45m)
12> Intervalle Est-Ouest = 116.38m (de 351 à 79.72m jusqu’à 58 à -36.66m)
13>  338 1-nœuds.
14>    1 2-nœud.
15>    1 5-nœud.
16>    1 10-nœud.
17>    1 14-nœud.
18>    1 16-nœud.
19>    1 17-nœud.
20>    1 20-nœud.
21>    1 21-nœud.
22>    1 22-nœud.
23>    1 23-nœud.
24>    1 24-nœud.
25>    2 28-nœuds.
26>    1 32-nœud.
27>    2 36-nœuds.
28>    1 40-nœud.
29> 
######################### transcription ########################
 3> 1 : B56@GeophysicayaXR6.GeophysicayaXR6
 5> 355 : B54@GeophysicayaXR6.GeophysicayaXR6
 6> 2 : 1@GeophysicayaXR6.GeophysicayaXR6
10> 72 : .@GeophysicayaXR6.GeophysicayaXR6 -- 256 : .@GeophysicayaXR6.GeophysicayaXR6
11> 223 : .@GeophysicayaXR6.GeophysicayaXR6 -- 3 : .@GeophysicayaXR6.GeophysicayaXR6
12> 351 : .@GeophysicayaXR6.GeophysicayaXR6 -- 58 : .@GeophysicayaXR6.GeophysicayaXR6
13> 338 : .@GeophysicayaXR6.GeophysicayaXR6
14> 1 : B56@GeophysicayaXR6.GeophysicayaXR6
15> 1 : B56@GeophysicayaXR6.GeophysicayaXR6
16> 1 : B56@GeophysicayaXR6.GeophysicayaXR6
17> 1 : B56@GeophysicayaXR6.GeophysicayaXR6
18> 1 : B56@GeophysicayaXR6.GeophysicayaXR6
19> 1 : B56@GeophysicayaXR6.GeophysicayaXR6
20> 1 : B56@GeophysicayaXR6.GeophysicayaXR6
21> 1 : B56@GeophysicayaXR6.GeophysicayaXR6
22> 1 : B56@GeophysicayaXR6.GeophysicayaXR6
23> 1 : B56@GeophysicayaXR6.GeophysicayaXR6
24> 1 : B56@GeophysicayaXR6.GeophysicayaXR6
25> 2 : 1@GeophysicayaXR6.GeophysicayaXR6
26> 1 : B56@GeophysicayaXR6.GeophysicayaXR6
27> 2 : 1@GeophysicayaXR6.GeophysicayaXR6
28> 1 : B56@GeophysicayaXR6.GeophysicayaXR6
#################### end of cavern log file ####################
done
calculating basic statistics ... done
processing extended elevation ... done
processing references ... done
selecting export objects ... 
therion: warning -- GeophysicayaXR6.thconfig [303] -- object not found -- "MP-GeophysicayaXR6-plan"

therion: warning -- GeophysicayaXR6.thconfig [304] -- object not found -- "MC-GeophysicayaXR6-coupe"
done
processing projection plan ... done
average distortion: 0.00%
writing Data/GeophysicayaXR6-map.xvi ... done
processing projection extended ... done


############### export maps & scraps selection #################
S     -.-- @ ()
########## end of export maps & scraps selection ###############
writing Outputs/GeophysicayaXR6-coupe.pdf ...
####################### metapost log file ########################
This is MetaPost, version 1.999 (TeX Live 2015) (kpathsea version 6.2.1)  16 APR 2024 16:21
**data.mp
(/usr/local/texlive/2015/texmf-dist/metapost/base/mpost.mp
(/usr/local/texlive/2015/texmf-dist/metapost/base/plain.mp
Preloading the plain mem file, version 1.005) ) (./data.mp
{randomseed:=42}
 [1] [2] [3] [4]
[5] [6] [7] [8] [9] [10] [11] [12] [13] [14]
[15] [1] [2] (./mptextmp.mp) [3] (./mptextmp.mp) [4] )
 
Here is how much of MetaPost's memory you used:
 4467 strings using 130947 characters
 3703672 bytes of node memory
 1740 symbolic tokens
 8i,81n,16p,312b,5f stack positions out of 16i,96n,20p,312b,6f
19 output files written: data-patt.1 .. data-patt.15


#################### end of metapost log file ####################
converting scraps ... done
making map ... done
######################## pdftex log file #########################
This is pdfTeX, Version 3.14159265-2.6-1.40.16 (TeX Live 2015) (preloaded format=pdftex 2016.5.13)  16 APR 2024 16:21
entering extended mode
 restricted \write18 enabled.
 %&-line parsing enabled.
**data.tex
(./data.tex (./th_enc.tex) (./th_texts.tex) (./th_resources.tex
(/usr/local/texlive/2015/texmf-dist/tex/generic/pdftex/glyphtounicode.tex))
(./th_fontdef.tex{/usr/local/texlive/2015/texmf-var/fonts/map/pdftex/updmap/pdf
tex.map})
(./th_formdef.tex) (./th_pagedef.tex) (./th_pages.tex)
 51 numeric registers used out of 32768
 [1] ) 
Here is how much of TeX's memory you used:
 273 strings out of 494671
 3884 string characters out of 6148971
 56088 words of memory out of 5000000
 1906 multiletter control sequences out of 15000+600000
 16503 words of font info for 54 fonts, out of 8000000 for 9000
 1420 hyphenation exceptions out of 8191
 7i,5n,6p,322b,42s stack positions out of 5000i,500n,10000p,200000b,80000s
</usr/local/texlive/2015/texmf-dist/fonts/type1/public/amsfonts/cm/cmss10
.pfb>
Output written on data.pdf (1 page, 23320 bytes).
PDF statistics:
 33 PDF objects out of 1000 (max. 8388607)
 20 compressed objects within 1 object stream
 0 named destinations out of 1000 (max. 500000)
 67 words of extra memory for PDF output out of 10000 (max. 10000000)


##################### end of pdftex log file #####################
done


############### export maps & scraps selection #################
M   -10.26 MP-GeophysicayaXR6@GeophysicayaXR6 (GeophysicayaXR6)
S    -8.42 SP-Xav6-1@GeophysicayaXR6 ()
S   -12.09 SP-Xav6-2@GeophysicayaXR6 ()
########## end of export maps & scraps selection ###############
writing Outputs/GeophysicayaXR6-plan.pdf ...
####################### metapost log file ########################
This is MetaPost, version 1.999 (TeX Live 2015) (kpathsea version 6.2.1)  16 APR 2024 16:21
**data.mp
(/usr/local/texlive/2015/texmf-dist/metapost/base/mpost.mp
(/usr/local/texlive/2015/texmf-dist/metapost/base/plain.mp
Preloading the plain mem file, version 1.005) ) (./data.mp
{randomseed:=42}
 [1] [2] [3] [4]
[5] [6] [7] [8] [9] [10] [11] [12] [13] [14]
[15] [1] [2] [3] [4]
[Warning: scrap outline intersects itself in scrap SP-Xav6-1@GeophysicayaXR6]
[5] [6] [7] (./mptextmp.mp) [8] (./mptextmp.mp) (./mptextmp.mp) (./mptextmp.mp)
(./mptextmp.mp) (./mptextmp.mp) (./mptextmp.mp) [9] )
 
Here is how much of MetaPost's memory you used:
 3923 strings using 93490 characters
 4040720 bytes of node memory
 1749 symbolic tokens
 9i,81n,16p,324b,5f stack positions out of 16i,96n,20p,390b,6f
24 output files written: data-patt.1 .. data-patt.15


#################### end of metapost log file ####################
converting scraps ... done
making map ... done
######################## pdftex log file #########################
This is pdfTeX, Version 3.14159265-2.6-1.40.16 (TeX Live 2015) (preloaded format=pdftex 2016.5.13)  16 APR 2024 16:21
entering extended mode
 restricted \write18 enabled.
 %&-line parsing enabled.
**data.tex
(./data.tex (./th_enc.tex) (./th_texts.tex) (./th_resources.tex
(/usr/local/texlive/2015/texmf-dist/tex/generic/pdftex/glyphtounicode.tex))
(./th_fontdef.tex{/usr/local/texlive/2015/texmf-var/fonts/map/pdftex/updmap/pdf
tex.map})
(./th_formdef.tex) (./th_pagedef.tex) (./th_pages.tex)
 60 numeric registers used out of 32768
 [1] ) 
Here is how much of TeX's memory you used:
 308 strings out of 494671
 4201 string characters out of 6148971
 72207 words of memory out of 5000000
 1939 multiletter control sequences out of 15000+600000
 20080 words of font info for 63 fonts, out of 8000000 for 9000
 1420 hyphenation exceptions out of 8191
 9i,5n,8p,322b,53s stack positions out of 5000i,500n,10000p,200000b,80000s
</usr/local/texlive/2015/texmf-dist/fonts/type1/public/amsfonts/cm/cmss10
.pfb></usr/local/texlive/2015/texmf-dist/fonts/type1/public/amsfonts/cm/cmssi10
.pfb></usr/local/texlive/2015/texmf-dist/fonts/type1/public/cs/csss10.pfb></usr
/local/texlive/2015/texmf-dist/fonts/type1/public/cs/csssi10.pfb>
Output written on data.pdf (1 page, 60708 bytes).
PDF statistics:
 70 PDF objects out of 1000 (max. 8388607)
 40 compressed objects within 1 object stream
 0 named destinations out of 1000 (max. 500000)
 133 words of extra memory for PDF output out of 10000 (max. 10000000)


##################### end of pdftex log file #####################
done
writing Outputs/GeophysicayaXR6.lox ..... done
therion: warning -- data not georeferenced -- unable to export KML file
therion: warning -- data not georeferenced -- unable to export KML file
writing Outputs/GeophysicayaXR6.html ... done
writing xtherion file ... done
compilation time: 3 sec


######################### loop errors ##########################
REL-ERR ABS-ERR TOTAL-L STS X-ERROR Y-ERROR Z-ERROR STATIONS
  0.59%    0.8m  134.8m   6    0.5m   -0.6m    0.2m [10@GeophysicayaXR6.GeophysicayaXR6 - B48 - 18 - 19 - 20 - B49 - 10]
  0.37%    0.2m   63.2m   3   -0.2m   -0.1m   -0.1m [B49@GeophysicayaXR6.GeophysicayaXR6 - 11 - 10 - B49]
##################### end of loop errors #######################


###################### scrap distortions #######################
 PROJECTION: plan
 AVERAGE  MAXIMAL  SCRAP
   0.00%    0.04%  SP-Xav6-1@GeophysicayaXR6
   0.00%    0.02%  SP-Xav6-2@GeophysicayaXR6
################### end of scrap distortions ###################
