therion 6.1.8 (2023-06-14)
  - using Proj 9.2.1, compiled against 9.2.1
initialization file: C:\Program Files (x86)\Therion/therion.ini
reading ... done
configuration file: Alex3.thconfig
reading ... done
reading source files ... done
preprocessing database ... done
scanning centreline tree ... done
searching for centerline loops ... done
calculating station coordinates ... done
processing survey data ... 
####################### cavern log file ########################
 1> Survex 1.4.3
 2> Copyright ¸ 1990-2021 Olly Betts
 3> La topographie n'a pas de points fixes. Par cons‚quent j'ai fix‚ 1 … (0,0,0)
 4> 
 5> La topographie contient 413 stations, connect‚es par 412 vis‚es.
 6> Il y a 1 bouclage.
 7> La topographie contient 2 composants connect‚s.
 8> Longueur totale de la topographie =  685.92m ( 685.92m ajust‚)
 9> Longueur totale en projection horizontale =  679.65m
10> Longueur totale verticale =   64.71m
11> Intervalle vertical = 27.42m (de 72 … 16.73m jusqu'… 256 … -10.69m)
12> Intervalle Nord-Sud = 194.19m (de 7 … 20.70m jusqu'… 271 … -173.50m)
13> Intervalle Est-Ouest = 326.64m (de 297 … 299.81m jusqu'… 9 … -26.82m)
14>  372 1-noeuds.
15>    2 2-noeuds.
16>    1 6-noeud.
17>    3 9-noeuds.
18>    6 10-noeuds.
19>    7 11-noeuds.
20>   13 12-noeuds.
21>    6 13-noeuds.
22>    2 14-noeuds.
23>    1 16-noeud.
24> 
######################### transcription ########################
 3> 1 : PTR_FR24_B13_00@Tush-Yurruck_03.Alex3
 5> 413 : .@Tush-Yurruck_03.Alex3 -- 412 : .@Tush-Yurruck_03.Alex3
 6> 1 : PTR_FR24_B13_00@Tush-Yurruck_03.Alex3
 7> 2 : .@Tush-Yurruck_03.Alex3
11> 72 : .@Tush-Yurruck_03.Alex3 -- 256 : .@Tush-Yurruck_03.Alex3
12> 7 : .@Tush-Yurruck_03.Alex3 -- 271 : 30@Tush-Yurruck_03.Alex3
13> 297 : .@Tush-Yurruck_03.Alex3 -- 9 : .@Tush-Yurruck_03.Alex3
14> 372 : .@Tush-Yurruck_03.Alex3
15> 2 : .@Tush-Yurruck_03.Alex3
16> 1 : PTR_FR24_B13_00@Tush-Yurruck_03.Alex3
17> 3 : .@Tush-Yurruck_03.Alex3
18> 6 : .@Tush-Yurruck_03.Alex3
19> 7 : .@Tush-Yurruck_03.Alex3
20> 13 : 1@Tush-Yurruck_03.Alex3
21> 6 : .@Tush-Yurruck_03.Alex3
22> 2 : .@Tush-Yurruck_03.Alex3
23> 1 : PTR_FR24_B13_00@Tush-Yurruck_03.Alex3
#################### end of cavern log file ####################
done
calculating basic statistics ... done
processing extended elevation ... done
processing references ... 
C:\Program Files (x86)\Therion\therion.exe: warning -- Alex3.thconfig [56] -- source layout not found -- Coords_Header_CDa
done
selecting export objects ... 
C:\Program Files (x86)\Therion\therion.exe: warning -- Alex3.thconfig [303] -- object not found -- "MP-Alex3-plan"

C:\Program Files (x86)\Therion\therion.exe: warning -- Alex3.thconfig [304] -- object not found -- "MC-Alex3-coupe"
done
processing projection plan ... done
average distortion: 0.00%
writing Data/Alex3-map.xvi ... done
processing projection extended ... done


############### export maps & scraps selection #################
S     -.-- @ ()
########## end of export maps & scraps selection ###############
writing Outputs/Alex3-coupe.pdf ...
####################### metapost log file ########################
This is MetaPost, version 2.01 (TeX Live 2021/W32TeX) (kpathsea version 6.3.3)  21 APR 2024 08:18
**data.mp
(c:/Program Files (x86)/Therion/texmf/mpost/mpost.mp
(c:/Program Files (x86)/Therion/texmf/mpost/plain.mp
Preloading the plain mem file, version 1.005) ) (./data.mp
{randomseed:=42}
 [1] [2] [3] [4]
[5] [6] [7] [8] [9] [10] [11] [12] [13] [14]
[15] [1] [2] (./mptextmp.mp) [3] (./mptextmp.mp) [4] )
 
Here is how much of MetaPost's memory you used:
 6506 strings using 187696 characters
 2631476 bytes of node memory
 1743 symbolic tokens
 8i,82n,16p,312b,5f stack positions out of 16i,98n,20p,312b,6f
19 output files written: data-patt.1 .. data-patt.15


#################### end of metapost log file ####################
converting scraps ... done
making map ... done
######################## pdftex log file #########################
This is pdfTeX, Version 3.141592653-2.6-1.40.22 (TeX Live 2021/W32TeX) (preloaded format=pdftex 2021.6.19)  21 APR 2024 08:18
entering extended mode
**data.tex
(./data.tex (./th_enc.tex) (./th_texts.tex) (./th_resources.tex
(c:/Program Files (x86)/Therion/texmf/tex/glyphtounicode.tex))
(./th_fontdef.tex{c:/Program Files (x86)/Therion/texmf/fonts/pdftex.map})
(./th_formdef.tex) (./th_pagedef.tex) (./th_pages.tex)
 51 numeric registers used out of 32768
 [1] ) 
Here is how much of TeX's memory you used:
 273 strings out of 94604
 3855 string characters out of 1142524
 73915 words of memory out of 5054643
 1930 multiletter control sequences out of 15000+50000
 16503 words of font info for 54 fonts, out of 1000000 for 2000
 1416 hyphenation exceptions out of 5000
 7i,5n,6p,229b,42s stack positions out of 5000i,500n,10000p,200000b,50000s
<c:/Program Files (x86)/Therion/texmf/fonts/type1/cmss10.pfb>
Output written on data.pdf (1 page, 28990 bytes).
PDF statistics:
 33 PDF objects out of 1000 (max. 8388607)
 20 compressed objects within 1 object stream
 0 named destinations out of 1000 (max. 500000)
 67 words of extra memory for PDF output out of 10000 (max. 10000000)


##################### end of pdftex log file #####################
done


############### export maps & scraps selection #################
S    -3.43 SP-Alex3-1@Alex3 ()
########## end of export maps & scraps selection ###############
writing Outputs/Alex3-plan.pdf ...
####################### metapost log file ########################
This is MetaPost, version 2.01 (TeX Live 2021/W32TeX) (kpathsea version 6.3.3)  21 APR 2024 08:18
**data.mp
(c:/Program Files (x86)/Therion/texmf/mpost/mpost.mp
(c:/Program Files (x86)/Therion/texmf/mpost/plain.mp
Preloading the plain mem file, version 1.005) ) (./data.mp
{randomseed:=42}
 [1] [2] [3] [4]
[5] [6] [7] [8] [9] [10] [11] [12] [13] [14]
[15] [1] [2] (./mptextmp.mp) [3] (./mptextmp.mp) (./mptextmp.mp) (./mptextmp.mp
) (./mptextmp.mp) (./mptextmp.mp) (./mptextmp.mp) [4] )
 
Here is how much of MetaPost's memory you used:
 6444 strings using 191637 characters
 2623316 bytes of node memory
 1744 symbolic tokens
 9i,82n,16p,312b,5f stack positions out of 16i,98n,20p,312b,6f
19 output files written: data-patt.1 .. data-patt.15


#################### end of metapost log file ####################
converting scraps ... done
making map ... done
######################## pdftex log file #########################
This is pdfTeX, Version 3.141592653-2.6-1.40.22 (TeX Live 2021/W32TeX) (preloaded format=pdftex 2021.6.19)  21 APR 2024 08:19
entering extended mode
**data.tex
(./data.tex (./th_enc.tex) (./th_texts.tex) (./th_resources.tex
(c:/Program Files (x86)/Therion/texmf/tex/glyphtounicode.tex))
(./th_fontdef.tex{c:/Program Files (x86)/Therion/texmf/fonts/pdftex.map})
(./th_formdef.tex) (./th_pagedef.tex) (./th_pages.tex)
 51 numeric registers used out of 32768
 [1] ) 
Here is how much of TeX's memory you used:
 299 strings out of 94604
 4061 string characters out of 1142524
 61284 words of memory out of 5044012
 1954 multiletter control sequences out of 15000+50000
 20080 words of font info for 63 fonts, out of 1000000 for 2000
 1416 hyphenation exceptions out of 5000
 9i,5n,8p,712b,53s stack positions out of 5000i,500n,10000p,200000b,50000s
<c:/Program Files (x86)/Therion/texmf/fonts/type1/cmss10.pfb><c:/Program 
Files (x86)/Therion/texmf/fonts/type1/cmssi10.pfb><c:/Program Files (x86)/Theri
on/texmf/fonts/type1/csss10.pfb><c:/Program Files (x86)/Therion/texmf/fonts/typ
e1/csssi10.pfb>
Output written on data.pdf (1 page, 47897 bytes).
PDF statistics:
 50 PDF objects out of 1000 (max. 8388607)
 30 compressed objects within 1 object stream
 0 named destinations out of 1000 (max. 500000)
 73 words of extra memory for PDF output out of 10000 (max. 10000000)


##################### end of pdftex log file #####################
done
writing Outputs/Alex3.lox .... done
C:\Program Files (x86)\Therion\therion.exe: warning -- data not georeferenced -- unable to export KML file
C:\Program Files (x86)\Therion\therion.exe: warning -- data not georeferenced -- unable to export KML file
writing Outputs/Alex3.html ... done
writing xtherion file ... done
compilation time: 14 sec


###################### scrap distortions #######################
 PROJECTION: plan
 AVERAGE  MAXIMAL  SCRAP
   0.00%    0.01%  SP-Alex3-1@Alex3
################### end of scrap distortions ###################
