therion 6.1.8 (2023-06-14)
  - using Proj 9.2.1, compiled against 9.2.1
initialization file: C:\Program Files (x86)\Therion/therion.ini
reading ... done
configuration file: New_collapse_2022.thconfig
reading ... done
reading source files ... done
preprocessing database ... done
output coordinate system: UTM42
meridian convergence (deg): 2.2942
geomag declinations (deg):
  2024.1.1  24.2370
  2025.1.1  24.3358
scanning centreline tree ... done
searching for centerline loops ... done
calculating station coordinates ... done
processing survey data ... 
####################### cavern log file ########################
 1> Survex 1.4.3
 2> Copyright ¸ 1990-2021 Olly Betts
 3> 
 4> La topographie contient 35 stations, connect‚es par 34 vis‚es.
 5> Il y a 1 bouclage.
 6> La topographie contient 2 composants connect‚s.
 7> Longueur totale de la topographie =   70.84m (  70.84m ajust‚)
 8> Longueur totale en projection horizontale =   54.59m
 9> Longueur totale verticale =   39.31m
10> Intervalle vertical = 38.03m (de 20 … 386.64m jusqu'… 35 … 348.61m)
11> Intervalle Nord-Sud = 31.72m (de 10 … 7368617.12m jusqu'… 23 … 7368585.40m)
12> Intervalle Est-Ouest = 34.80m (de 19 … 388294.35m jusqu'… 27 … 388259.54m)
13>   32 1-noeuds.
14>    1 2-noeud.
15>    1 15-noeud.
16>    1 19-noeud.
17> 
######################### transcription ########################
 4> 35 : .@New_collapse_2022.New_collapse_2022 -- 34 : .@New_collapse_2022.New_collapse_2022
 5> 1 : 0@New_collapse_2022.New_collapse_2022
 6> 2 : .@New_collapse_2022.New_collapse_2022
10> 20 : 1@New_collapse_2022.New_collapse_2022 -- 35 : .@New_collapse_2022.New_collapse_2022
11> 10 : .@New_collapse_2022.New_collapse_2022 -- 23 : .@New_collapse_2022.New_collapse_2022
12> 19 : .@New_collapse_2022.New_collapse_2022 -- 27 : .@New_collapse_2022.New_collapse_2022
13> 32 : .@New_collapse_2022.New_collapse_2022
14> 1 : 0@New_collapse_2022.New_collapse_2022
15> 1 : 0@New_collapse_2022.New_collapse_2022
16> 1 : 0@New_collapse_2022.New_collapse_2022
#################### end of cavern log file ####################
done
calculating basic statistics ... done
processing extended elevation ... done
processing references ... done
selecting export objects ... done
processing projection plan ... done
average distortion: 0.00%
writing Data/New_collapse_2022-map.xvi ... done


############### export maps & scraps selection #################
M   376.69 MP-New_collapse_2022@New_collapse_2022 (New collapse 2022)
S   376.69 SP-New_collapse_2022@New_collapse_2022 ()
########## end of export maps & scraps selection ###############
writing Outputs/New_collapse_2022-plan.pdf ...
####################### metapost log file ########################
This is MetaPost, version 2.01 (TeX Live 2021/W32TeX) (kpathsea version 6.3.3)  12 MAY 2024 16:54
**data.mp
(c:/Program Files (x86)/Therion/texmf/mpost/mpost.mp
(c:/Program Files (x86)/Therion/texmf/mpost/plain.mp
Preloading the plain mem file, version 1.005) ) (./data.mp
{randomseed:=42}
 [1] [2] [3] [4]
[5] [6] [7] [8] [9] [10] [11] [12] [13] [14]
[15] [1] [2] [3] [4] (./mptextmp.mp) [5] (./mptextmp.mp) (./mptextmp.mp)
(./mptextmp.mp) (./mptextmp.mp) (./mptextmp.mp) (./mptextmp.mp) [6]
(./mptextmp.mp) (./mptextmp.mp) (./mptextmp.mp) (./mptextmp.mp) (./mptextmp.mp)
(./mptextmp.mp) (./mptextmp.mp) (./mptextmp.mp) [7] )
 
Here is how much of MetaPost's memory you used:
 2053 strings using 55129 characters
 2539284 bytes of node memory
 1745 symbolic tokens
 10i,82n,19p,456b,5f stack positions out of 16i,98n,22p,487b,6f
22 output files written: data-patt.1 .. data-patt.15


#################### end of metapost log file ####################
converting scraps ... done
making map ... done
######################## pdftex log file #########################
This is pdfTeX, Version 3.141592653-2.6-1.40.22 (TeX Live 2021/W32TeX) (preloaded format=pdftex 2021.6.19)  12 MAY 2024 16:54
entering extended mode
**data.tex
(./data.tex (./th_enc.tex) (./th_texts.tex) (./th_resources.tex
(c:/Program Files (x86)/Therion/texmf/tex/glyphtounicode.tex))
(./th_fontdef.tex{c:/Program Files (x86)/Therion/texmf/fonts/pdftex.map}<<th_go
ur_aaaaaaa.dat>>)
(./th_formdef.tex) (./th_pagedef.tex (./th_legendcolor.tex)) (./th_pages.tex)
 63 numeric registers used out of 32768

[1] ) 
Here is how much of TeX's memory you used:
 319 strings out of 94604
 4252 string characters out of 1142524
 29720 words of memory out of 5014448
 1971 multiletter control sequences out of 15000+50000
 21229 words of font info for 66 fonts, out of 1000000 for 2000
 1416 hyphenation exceptions out of 5000
 10i,6n,8p,712b,66s stack positions out of 5000i,500n,10000p,200000b,50000s
<c:/Program Files (x86)/Therion/texmf/fonts/type1/cmss10.pfb><c:/Program F
iles (x86)/Therion/texmf/fonts/type1/cmssi10.pfb><c:/Program Files (x86)/Therio
n/texmf/fonts/type1/csss10.pfb><c:/Program Files (x86)/Therion/texmf/fonts/type
1/csssi10.pfb>
Output written on data.pdf (1 page, 46316 bytes).
PDF statistics:
 70 PDF objects out of 1000 (max. 8388607)
 43 compressed objects within 1 object stream
 0 named destinations out of 1000 (max. 500000)
 141 words of extra memory for PDF output out of 10000 (max. 10000000)


##################### end of pdftex log file #####################
done
writing Outputs/New_collapse_2022.lox .... done
writing Outputs/New_collapse_2022.kml ... done
writing Outputs/New_collapse_2022-model.kml ... done
writing Outputs/New_collapse_2022.html ... done
compilation time: 1 sec


###################### scrap distortions #######################
 PROJECTION: plan
 AVERAGE  MAXIMAL  SCRAP
   0.00%    0.00%  SP-New_collapse_2022@New_collapse_2022
################### end of scrap distortions ###################

############# CRS transformations chosen by PROJ ###############
  Area of Use (AoU): (66.497, 66.417) (66.497, 66.417)
  [LONG-LAT â†’ LAT-LONG] AoU: [no] transformation: [axis order change (2D) + Null geographic offset from WGS 84 to WGS 84 + axis order change (2D)] definition: [proj=noop ellps=GRS80] accuracy: [0.000 m]
  [LONG-LAT â†’ LAT-LONG] AoU: [yes] transformation: [axis order change (2D) + Null geographic offset from WGS 84 to WGS 84 + axis order change (2D)] definition: [proj=noop ellps=GRS80] accuracy: [0.000 m]
  [LONG-LAT â†’ UTM42] AoU: [yes] transformation: [axis order change (2D) + UTM zone 42N] definition: [proj=pipeline step proj=unitconvert xy_in=deg xy_out=rad step proj=utm zone=42 ellps=WGS84] accuracy: [0.000 m]
  [LONG-LAT â†’ EPSG:4326] AoU: [yes] transformation: [axis order change (2D) + Null geographic offset from WGS 84 to WGS 84 + axis order change (2D)] definition: [proj=noop ellps=GRS80] accuracy: [0.000 m]
  [UTM42 â†’ LONG-LAT] AoU: [yes] transformation: [Inverse of UTM zone 42N + axis order change (2D)] definition: [proj=pipeline step inv proj=utm zone=42 ellps=WGS84 step proj=unitconvert xy_in=rad xy_out=deg] accuracy: [0.000 m]
  [UTM42 â†’ UTM42] AoU: [yes] transformation: [Inverse of UTM zone 42N + UTM zone 42N] definition: [proj=noop ellps=GRS80] accuracy: [0.000 m]
  [UTM42 â†’ EPSG:4326] AoU: [yes] transformation: [Inverse of UTM zone 42N + axis order change (2D)] definition: [proj=pipeline step inv proj=utm zone=42 ellps=WGS84 step proj=unitconvert xy_in=rad xy_out=deg] accuracy: [0.000 m]
  [EPSG:4326 â†’ UTM42] AoU: [yes] transformation: [axis order change (2D) + UTM zone 42N] definition: [proj=pipeline step proj=unitconvert xy_in=deg xy_out=rad step proj=utm zone=42 ellps=WGS84] accuracy: [0.000 m]
########## end of CRS transformations chosen by PROJ ###########
