therion 6.1.8 (2023-06-14)
  - using Proj 9.2.1, compiled against 9.2.1
initialization file: C:\Program Files (x86)\Therion/therion.ini
reading ... done
configuration file: Entree.thconfig
reading ... done
reading source files ... done
preprocessing database ... done
output coordinate system: UTM42
meridian convergence (deg): 1.5836
geomag declinations (deg):
  2024.1.1  4.6320
  2025.1.1  4.6768
scanning centreline tree ... done
searching for centerline loops ... done
calculating station coordinates ... done
average loop error: 1.12%
processing survey data ... 
####################### cavern log file ########################
 1> Survex 1.4.3
 2> Copyright ¸ 1990-2021 Olly Betts
 3> 
 4> La topographie contient 784 stations, connect‚es par 784 vis‚es.
 5> Il y a 2 bouclages.
 6> La topographie contient 2 composants connect‚s.
 7> Longueur totale de la topographie = 1809.58m (1809.64m ajust‚)
 8> Longueur totale en projection horizontale = 1786.98m
 9> Longueur totale verticale =  173.87m
10> Intervalle vertical = 49.49m (de 376 … 745.21m jusqu'… 146 … 695.72m)
11> Intervalle Nord-Sud = 805.37m (de 625 … 4169979.90m jusqu'… 69 … 4169174.53m)
12> Intervalle Est-Ouest = 265.61m (de 76 … 271578.61m jusqu'… 1 … 271313.00m)
13>  700 1-noeuds.
14>    1 3-noeud.
15>    1 5-noeud.
16>   13 6-noeuds.
17>    2 8-noeuds.
18>    6 9-noeuds.
19>   13 10-noeuds.
20>   24 11-noeuds.
21>   11 12-noeuds.
22>    5 13-noeuds.
23>    4 14-noeuds.
24>    3 16-noeuds.
25>    1 17-noeud.
26> 
######################### transcription ########################
 4> 784 : .@Cap_Coutun.Cupp-Coutun-Entree -- 784 : .@Cap_Coutun.Cupp-Coutun-Entree
 5> 2 : 1@Cap_Coutun.Cupp-Coutun-Entree
 6> 2 : 1@Cap_Coutun.Cupp-Coutun-Entree
10> 376 : .@Cap_Coutun.Cupp-Coutun-Entree -- 146 : .@Cap_Coutun.Cupp-Coutun-Entree
11> 625 : 70@Cap_Coutun.Cupp-Coutun-Entree -- 69 : .@Cap_Coutun.Cupp-Coutun-Entree
12> 76 : .@Cap_Coutun.Cupp-Coutun-Entree -- 1 : 00@Cap_Coutun.Cupp-Coutun-Entree
13> 700 : .@Cap_Coutun.Cupp-Coutun-Entree
14> 1 : 00@Cap_Coutun.Cupp-Coutun-Entree
15> 1 : 00@Cap_Coutun.Cupp-Coutun-Entree
16> 13 : .@Cap_Coutun.Cupp-Coutun-Entree
17> 2 : 1@Cap_Coutun.Cupp-Coutun-Entree
18> 6 : .@Cap_Coutun.Cupp-Coutun-Entree
19> 13 : .@Cap_Coutun.Cupp-Coutun-Entree
20> 24 : .@Cap_Coutun.Cupp-Coutun-Entree
21> 11 : 2@Cap_Coutun.Cupp-Coutun-Entree
22> 5 : .@Cap_Coutun.Cupp-Coutun-Entree
23> 4 : .@Cap_Coutun.Cupp-Coutun-Entree
24> 3 : .@Cap_Coutun.Cupp-Coutun-Entree
25> 1 : 00@Cap_Coutun.Cupp-Coutun-Entree
#################### end of cavern log file ####################
done
calculating basic statistics ... done
processing extended elevation ... done
processing references ... 
C:\Program Files (x86)\Therion\therion.exe: warning -- Entree.thconfig [56] -- source layout not found -- Coords_Header_CDa
done
selecting export objects ... 
C:\Program Files (x86)\Therion\therion.exe: warning -- Entree.thconfig [303] -- object not found -- "MP-Trush-Yurruck-Entree-plan"

C:\Program Files (x86)\Therion\therion.exe: warning -- Entree.thconfig [304] -- object not found -- "MC-Trush-Yurruck-Entree-coupe"
done
processing projection extended ... done


############### export maps & scraps selection #################
S     -.-- @ ()
########## end of export maps & scraps selection ###############
writing Outputs/Trush-Yurruck-Entree-coupe.pdf ...
####################### metapost log file ########################
This is MetaPost, version 2.01 (TeX Live 2021/W32TeX) (kpathsea version 6.3.3)  18 APR 2024 14:52
**data.mp
(c:/Program Files (x86)/Therion/texmf/mpost/mpost.mp
(c:/Program Files (x86)/Therion/texmf/mpost/plain.mp
Preloading the plain mem file, version 1.005) ) (./data.mp
{randomseed:=42}
 [1] [2] [3] [4]
[5] [6] [7] [8] [9] [10] [11] [12] [13] [14]
[15] [1] [2] (./mptextmp.mp) [3] (./mptextmp.mp) [4] )
 
Here is how much of MetaPost's memory you used:
 10776 strings using 322850 characters
 2758408 bytes of node memory
 1744 symbolic tokens
 8i,82n,16p,312b,5f stack positions out of 16i,98n,20p,312b,6f
19 output files written: data-patt.1 .. data-patt.15


#################### end of metapost log file ####################
converting scraps ... done
making map ... done
######################## pdftex log file #########################
This is pdfTeX, Version 3.141592653-2.6-1.40.22 (TeX Live 2021/W32TeX) (preloaded format=pdftex 2021.6.19)  18 APR 2024 14:52
entering extended mode
**data.tex
(./data.tex (./th_enc.tex) (./th_texts.tex) (./th_resources.tex
(c:/Program Files (x86)/Therion/texmf/tex/glyphtounicode.tex))
(./th_fontdef.tex{c:/Program Files (x86)/Therion/texmf/fonts/pdftex.map})
(./th_formdef.tex) (./th_pagedef.tex) (./th_pages.tex)
 51 numeric registers used out of 32768
 [1] ) 
Here is how much of TeX's memory you used:
 273 strings out of 94604
 3855 string characters out of 1142524
 131369 words of memory out of 5107097
 1930 multiletter control sequences out of 15000+50000
 16503 words of font info for 54 fonts, out of 1000000 for 2000
 1416 hyphenation exceptions out of 5000
 7i,5n,6p,239b,42s stack positions out of 5000i,500n,10000p,200000b,50000s
<c:/Program Files (x86)/Therion/texmf/fonts/type1/cmss10.pfb>
Output written on data.pdf (1 page, 42000 bytes).
PDF statistics:
 33 PDF objects out of 1000 (max. 8388607)
 20 compressed objects within 1 object stream
 0 named destinations out of 1000 (max. 500000)
 67 words of extra memory for PDF output out of 10000 (max. 10000000)


##################### end of pdftex log file #####################
done
processing projection plan ... done


############### export maps & scraps selection #################
S     -.-- @ ()
########## end of export maps & scraps selection ###############
writing Outputs/Trush-Yurruck-Entree-plan.pdf ...
####################### metapost log file ########################
This is MetaPost, version 2.01 (TeX Live 2021/W32TeX) (kpathsea version 6.3.3)  18 APR 2024 14:52
**data.mp
(c:/Program Files (x86)/Therion/texmf/mpost/mpost.mp
(c:/Program Files (x86)/Therion/texmf/mpost/plain.mp
Preloading the plain mem file, version 1.005) ) (./data.mp
{randomseed:=42}
 [1] [2] [3] [4]
[5] [6] [7] [8] [9] [10] [11] [12] [13] [14]
[15] [1] [2] (./mptextmp.mp) [3] (./mptextmp.mp) (./mptextmp.mp) (./mptextmp.mp
) (./mptextmp.mp) (./mptextmp.mp) (./mptextmp.mp) [4] )
 
Here is how much of MetaPost's memory you used:
 10892 strings using 338233 characters
 2767068 bytes of node memory
 1745 symbolic tokens
 9i,82n,16p,312b,5f stack positions out of 16i,98n,20p,312b,6f
19 output files written: data-patt.1 .. data-patt.15


#################### end of metapost log file ####################
converting scraps ... done
making map ... done
######################## pdftex log file #########################
This is pdfTeX, Version 3.141592653-2.6-1.40.22 (TeX Live 2021/W32TeX) (preloaded format=pdftex 2021.6.19)  18 APR 2024 14:52
entering extended mode
**data.tex
(./data.tex (./th_enc.tex) (./th_texts.tex) (./th_resources.tex
(c:/Program Files (x86)/Therion/texmf/tex/glyphtounicode.tex))
(./th_fontdef.tex{c:/Program Files (x86)/Therion/texmf/fonts/pdftex.map})
(./th_formdef.tex) (./th_pagedef.tex) (./th_pages.tex)
 51 numeric registers used out of 32768
 [1] ) 
Here is how much of TeX's memory you used:
 299 strings out of 94604
 4061 string characters out of 1142524
 136799 words of memory out of 5112527
 1954 multiletter control sequences out of 15000+50000
 20080 words of font info for 63 fonts, out of 1000000 for 2000
 1416 hyphenation exceptions out of 5000
 9i,5n,8p,241b,53s stack positions out of 5000i,500n,10000p,200000b,50000s
<c:/Program Files (x86)/Therion/texmf/fonts/type1/cmss10.pfb><c:/Program 
Files (x86)/Therion/texmf/fonts/type1/cmssi10.pfb><c:/Program Files (x86)/Theri
on/texmf/fonts/type1/csss10.pfb><c:/Program Files (x86)/Therion/texmf/fonts/typ
e1/csssi10.pfb>
Output written on data.pdf (1 page, 65763 bytes).
PDF statistics:
 50 PDF objects out of 1000 (max. 8388607)
 30 compressed objects within 1 object stream
 0 named destinations out of 1000 (max. 500000)
 73 words of extra memory for PDF output out of 10000 (max. 10000000)


##################### end of pdftex log file #####################
done
writing Outputs/Trush-Yurruck-Entree.lox ... done
writing Outputs/Trush-Yurruck-Entree.kml ... done
writing Outputs/Trush-Yurruck-Entree-model.kml ... done
writing Outputs/Trush-Yurruck-Entree.html ... done
writing xtherion file ... done
compilation time: 5 sec


######################### loop errors ##########################
REL-ERR ABS-ERR TOTAL-L STS X-ERROR Y-ERROR Z-ERROR STATIONS
  1.12%    8.5m  754.3m  42   -0.6m   -1.2m    8.4m [38@Cap_Coutun.Cupp-Coutun-Entree - 87 - 86 - 85 - 84 - 83 - 82 - 81 - 80 - 79 - 78 - 77 - 76 - 75 - 74 - 73 - 72 - 69 - 68 - 67 - 66 - 65 - 64 - 61 - 60 - 59 - 58 - 53 - 52 - 51 - 50 - 49 - 48 - 47 - 46 - 45 - PTR_FR24_A16_44 - 43 - 42 - 41 - 40 - 39 - 38]
##################### end of loop errors #######################

############# CRS transformations chosen by PROJ ###############
  Area of Use (AoU): (66.408, 37.642) (66.408, 37.642)
  [UTM42 â†’ LONG-LAT] AoU: [yes] transformation: [Inverse of UTM zone 42N + axis order change (2D)] definition: [proj=pipeline step inv proj=utm zone=42 ellps=WGS84 step proj=unitconvert xy_in=rad xy_out=deg] accuracy: [0.000 m]
  [UTM42 â†’ LAT-LONG] AoU: [no] transformation: [Inverse of UTM zone 42N + axis order change (2D)] definition: [proj=pipeline step inv proj=utm zone=42 ellps=WGS84 step proj=unitconvert xy_in=rad xy_out=deg] accuracy: [0.000 m]
  [UTM42 â†’ UTM42] AoU: [yes] transformation: [Inverse of UTM zone 42N + UTM zone 42N] definition: [proj=noop ellps=GRS80] accuracy: [0.000 m]
  [UTM42 â†’ EPSG:4326] AoU: [yes] transformation: [Inverse of UTM zone 42N + axis order change (2D)] definition: [proj=pipeline step inv proj=utm zone=42 ellps=WGS84 step proj=unitconvert xy_in=rad xy_out=deg] accuracy: [0.000 m]
  [EPSG:4326 â†’ UTM42] AoU: [yes] transformation: [axis order change (2D) + UTM zone 42N] definition: [proj=pipeline step proj=unitconvert xy_in=deg xy_out=rad step proj=utm zone=42 ellps=WGS84] accuracy: [0.000 m]
########## end of CRS transformations chosen by PROJ ###########
