therion 6.2.0+dev (compiled on 2024-03-19)
  - using Proj 6.3.2, compiled against 6.3.2
initialization file: /usr/local/etc/therion.ini
reading ... done
checking optional fonts csr10 csti10 csbx10 csss10 csssi10 ... OK
checking optional fonts cmcyr10 cmcti10 cmcbx10 cmcss10 cmcssi10 ... OK
configuration file: Petit-General.thconfig
reading ... done
reading source files ... done
preprocessing database ... done
output coordinate system: UTM37
meridian convergence (deg): 1.0094
geomag declinations (deg):
  2024.1.1  18.3436
  2025.1.1  18.5487
scanning centreline tree ... done
searching for centerline loops ... done
calculating station coordinates ... done
processing survey data ... 
####################### cavern log file ########################
 1> Survex 1.4.5
 2> Copyright © 1990-2021 Olly Betts
 3> 
 4> La topographie contient 16 stations, connectées par 15 visées.
 5> Il y a 1 bouclage.
 6> La topographie contient 2 composants connectés.
 7> Longueur totale de la topographie =    7.75m (   7.75m ajusté)
 8> Longueur totale en projection horizontale =    7.66m
 9> Longueur totale verticale =    1.19m
10> Intervalle vertical = 1.71m (de 4 à 1509.52m jusqu’à 16 à 1507.81m)
11> Intervalle Nord-Sud = 5.52m (de 16 à 7378282.83m jusqu’à 2 à 7378277.31m)
12> Intervalle Est-Ouest = 6.02m (de 5 à 451074.18m jusqu’à 16 à 451068.17m)
13>   15 1-nœuds.
14>    1 15-nœud.
15> 
######################### transcription ########################
 4> 16 : 1@general.Petit-General -- 15 : .@general.Petit-General
 5> 1 : 0@general.Petit-General
 6> 2 : .@general.Petit-General
10> 4 : .@general.Petit-General -- 16 : 1@general.Petit-General
11> 16 : 1@general.Petit-General -- 2 : .@general.Petit-General
12> 5 : .@general.Petit-General -- 16 : 1@general.Petit-General
13> 15 : .@general.Petit-General
14> 1 : 0@general.Petit-General
#################### end of cavern log file ####################
done
calculating basic statistics ... done
processing extended elevation ... done
processing references ... done
selecting export objects ... 
therion: warning -- Petit-General.thconfig [306] -- object not found -- "MC-Petit-General-coupe"
done
processing projection plan ... done
average distortion: 0.00%
writing Data/Petit-General-map.xvi ... done
processing projection extended ... done


############### export maps & scraps selection #################
S     -.-- @ ()
########## end of export maps & scraps selection ###############
writing Outputs/Petit-General-coupe.pdf ...
####################### metapost log file ########################
This is MetaPost, version 1.999 (TeX Live 2015) (kpathsea version 6.2.1)  21 APR 2024 15:31
**data.mp
(/usr/local/texlive/2015/texmf-dist/metapost/base/mpost.mp
(/usr/local/texlive/2015/texmf-dist/metapost/base/plain.mp
Preloading the plain mem file, version 1.005) ) (./data.mp
{randomseed:=42}
 [1] [2] [3] [4]
[5] [6] [7] [8] [9] [10] [11] [12] [13] [14]
[15] [1] [2] (./mptextmp.mp) [3] (./mptextmp.mp) [4] )
 
Here is how much of MetaPost's memory you used:
 1784 strings using 49072 characters
 3570864 bytes of node memory
 1742 symbolic tokens
 8i,81n,16p,315b,5f stack positions out of 16i,96n,20p,390b,6f
19 output files written: data-patt.1 .. data-patt.15


#################### end of metapost log file ####################
converting scraps ... done
making map ... done
######################## pdftex log file #########################
This is pdfTeX, Version 3.14159265-2.6-1.40.16 (TeX Live 2015) (preloaded format=pdftex 2016.5.13)  21 APR 2024 15:31
entering extended mode
 restricted \write18 enabled.
 %&-line parsing enabled.
**data.tex
(./data.tex (./th_enc.tex) (./th_texts.tex) (./th_resources.tex
(/usr/local/texlive/2015/texmf-dist/tex/generic/pdftex/glyphtounicode.tex))
(./th_fontdef.tex{/usr/local/texlive/2015/texmf-var/fonts/map/pdftex/updmap/pdf
tex.map})
(./th_formdef.tex) (./th_pagedef.tex) (./th_pages.tex)
 51 numeric registers used out of 32768
 [1] ) 
Here is how much of TeX's memory you used:
 273 strings out of 494671
 3884 string characters out of 6148971
 18544 words of memory out of 5000000
 1906 multiletter control sequences out of 15000+600000
 16503 words of font info for 54 fonts, out of 8000000 for 9000
 1420 hyphenation exceptions out of 8191
 7i,5n,6p,322b,42s stack positions out of 5000i,500n,10000p,200000b,80000s
</usr/local/texlive/2015/texmf-dist/fonts/type1/public/amsfonts/cm/cmss10
.pfb>
Output written on data.pdf (1 page, 13292 bytes).
PDF statistics:
 33 PDF objects out of 1000 (max. 8388607)
 20 compressed objects within 1 object stream
 0 named destinations out of 1000 (max. 500000)
 67 words of extra memory for PDF output out of 10000 (max. 10000000)


##################### end of pdftex log file #####################
done


############### export maps & scraps selection #################
M  1508.40 MP-Petit-General@Petit-General (Grotte du Petit Général)
S  1508.40 SP-PetitG-1@Petit-General ()
########## end of export maps & scraps selection ###############
writing Outputs/Petit-General-plan.pdf ...
####################### metapost log file ########################
This is MetaPost, version 1.999 (TeX Live 2015) (kpathsea version 6.2.1)  21 APR 2024 15:31
**data.mp
(/usr/local/texlive/2015/texmf-dist/metapost/base/mpost.mp
(/usr/local/texlive/2015/texmf-dist/metapost/base/plain.mp
Preloading the plain mem file, version 1.005) ) (./data.mp
{randomseed:=42}
 [1] [2] [3] [4]
[5] [6] [7] [8] [9] [10] [11] [12] [13] [14]
[15] [1]
[Warning: scrap outline intersects itself in scrap SP-PetitG-1@Petit-General]
[2] [3] [4] (./mptextmp.mp) [5] (./mptextmp.mp) (./mptextmp.mp) (./mptextmp.mp)
(./mptextmp.mp) (./mptextmp.mp) (./mptextmp.mp) [6] (./mptextmp.mp)
(./mptextmp.mp) [7] )
 
Here is how much of MetaPost's memory you used:
 2177 strings using 60662 characters
 3618304 bytes of node memory
 1743 symbolic tokens
 10i,81n,19p,456b,5f stack positions out of 16i,96n,20p,487b,6f
22 output files written: data-patt.1 .. data-patt.15


#################### end of metapost log file ####################
converting scraps ... done
making map ... done
######################## pdftex log file #########################
This is pdfTeX, Version 3.14159265-2.6-1.40.16 (TeX Live 2015) (preloaded format=pdftex 2016.5.13)  21 APR 2024 15:31
entering extended mode
 restricted \write18 enabled.
 %&-line parsing enabled.
**data.tex
(./data.tex (./th_enc.tex) (./th_texts.tex) (./th_resources.tex
(/usr/local/texlive/2015/texmf-dist/tex/generic/pdftex/glyphtounicode.tex))
(./th_fontdef.tex{/usr/local/texlive/2015/texmf-var/fonts/map/pdftex/updmap/pdf
tex.map}<<th_gour_aaaaaaa.dat>>)
(./th_formdef.tex) (./th_pagedef.tex (./th_legendcolor.tex)) (./th_pages.tex)
 63 numeric registers used out of 32768

[1] ) 
Here is how much of TeX's memory you used:
 319 strings out of 494671
 4281 string characters out of 6148971
 21220 words of memory out of 5000000
 1947 multiletter control sequences out of 15000+600000
 21229 words of font info for 66 fonts, out of 8000000 for 9000
 1420 hyphenation exceptions out of 8191
 10i,6n,8p,388b,66s stack positions out of 5000i,500n,10000p,200000b,80000s
</usr/local/texlive/2015/texmf-dist/fonts/type1/public/amsfonts/cm/cmss10.
pfb></usr/local/texlive/2015/texmf-dist/fonts/type1/public/amsfonts/cm/cmssi10.
pfb></usr/local/texlive/2015/texmf-dist/fonts/type1/public/cs/csss10.pfb></usr/
local/texlive/2015/texmf-dist/fonts/type1/public/cs/csssi10.pfb>
Output written on data.pdf (1 page, 42946 bytes).
PDF statistics:
 70 PDF objects out of 1000 (max. 8388607)
 43 compressed objects within 1 object stream
 0 named destinations out of 1000 (max. 500000)
 141 words of extra memory for PDF output out of 10000 (max. 10000000)


##################### end of pdftex log file #####################
done
writing Outputs/Petit-General.lox .... done
####################### metapost log file ########################
This is MetaPost, version 1.999 (TeX Live 2015) (kpathsea version 6.2.1)  21 APR 2024 15:31
**data.mp
(/usr/local/texlive/2015/texmf-dist/metapost/base/mpost.mp
(/usr/local/texlive/2015/texmf-dist/metapost/base/plain.mp
Preloading the plain mem file, version 1.005) ) (./data.mp [1] )
1 output file written: data.1


#################### end of metapost log file ####################
writing Outputs/Petit-General ... done
writing Outputs/Petit-General.kml ... done
writing Outputs/Petit-General-model.kml ... done
writing Outputs/Petit-General.html ... done
compilation time: 3 sec


###################### scrap distortions #######################
 PROJECTION: plan
 AVERAGE  MAXIMAL  SCRAP
   0.00%    0.00%  SP-PetitG-1@Petit-General
################### end of scrap distortions ###################

############# CRS transformations chosen by PROJ ###############
  Area of Use (AoU): (37.900, 66.520) (37.900, 66.520)
  [LAT-LONG → LAT-LONG] AoU: [no] transformation: [axis order change (2D) + Null geographic offset from WGS 84 to WGS 84 + axis order change (2D)] definition: [proj=noop ellps=GRS80] accuracy: [0.000 m]
  [LAT-LONG → LAT-LONG] AoU: [yes] transformation: [axis order change (2D) + Null geographic offset from WGS 84 to WGS 84 + axis order change (2D)] definition: [proj=noop ellps=GRS80] accuracy: [0.000 m]
  [LAT-LONG → UTM37] AoU: [yes] transformation: [axis order change (2D) + UTM zone 37N] definition: [proj=pipeline step proj=unitconvert xy_in=deg xy_out=rad step proj=utm zone=37 ellps=WGS84] accuracy: [0.000 m]
  [LAT-LONG → EPSG:4326] AoU: [yes] transformation: [axis order change (2D) + Null geographic offset from WGS 84 to WGS 84 + axis order change (2D)] definition: [proj=noop ellps=GRS80] accuracy: [0.000 m]
  [UTM37 → LONG-LAT] AoU: [yes] transformation: [Inverse of UTM zone 37N + axis order change (2D)] definition: [proj=pipeline step inv proj=utm zone=37 ellps=WGS84 step proj=unitconvert xy_in=rad xy_out=deg] accuracy: [0.000 m]
  [UTM37 → UTM37] AoU: [yes] transformation: [Inverse of UTM zone 37N + UTM zone 37N] definition: [proj=noop ellps=GRS80] accuracy: [0.000 m]
  [UTM37 → EPSG:4326] AoU: [yes] transformation: [Inverse of UTM zone 37N + axis order change (2D)] definition: [proj=pipeline step inv proj=utm zone=37 ellps=WGS84 step proj=unitconvert xy_in=rad xy_out=deg] accuracy: [0.000 m]
  [EPSG:4326 → UTM37] AoU: [yes] transformation: [axis order change (2D) + UTM zone 37N] definition: [proj=pipeline step proj=unitconvert xy_in=deg xy_out=rad step proj=utm zone=37 ellps=WGS84] accuracy: [0.000 m]
########## end of CRS transformations chosen by PROJ ###########
