therion 6.1.8 (2023-06-14)
  - using Proj 9.2.1, compiled against 9.2.1
initialization file: C:\Program Files (x86)\Therion/therion.ini
reading ... done
configuration file: Alex7.thconfig
reading ... done
reading source files ... done
preprocessing database ... done
scanning centreline tree ... done
searching for centerline loops ... done
calculating station coordinates ... done
average loop error: 0.98%
processing survey data ... 
####################### cavern log file ########################
 1> Survex 1.4.3
 2> Copyright ¸ 1990-2021 Olly Betts
 3> La topographie n'a pas de points fixes. Par cons‚quent j'ai fix‚ 1 … (0,0,0)
 4> 
 5> La topographie contient 203 stations, connect‚es par 203 vis‚es.
 6> Il y a 2 bouclages.
 7> La topographie contient 2 composants connect‚s.
 8> Longueur totale de la topographie =  269.20m ( 269.25m ajust‚)
 9> Longueur totale en projection horizontale =  266.21m
10> Longueur totale verticale =   22.37m
11> Intervalle vertical = 11.27m (de 146 … 9.48m jusqu'… 97 … -1.79m)
12> Intervalle Nord-Sud = 81.54m (de 7 … 16.34m jusqu'… 95 … -65.20m)
13> Intervalle Est-Ouest = 70.05m (de 46 … 64.66m jusqu'… 199 … -5.38m)
14>  172 1-noeuds.
15>    2 2-noeuds.
16>    5 5-noeuds.
17>    5 6-noeuds.
18>    2 7-noeuds.
19>    3 8-noeuds.
20>    7 9-noeuds.
21>    5 10-noeuds.
22>    1 11-noeud.
23>    1 13-noeud.
24> 
######################### transcription ########################
 3> 1 : PTR_FR24_A68_00@Tush-Yurruck_07.Alex7
 5> 203 : 31@Tush-Yurruck_07.Alex7 -- 203 : 31@Tush-Yurruck_07.Alex7
 6> 2 : .@Tush-Yurruck_07.Alex7
 7> 2 : .@Tush-Yurruck_07.Alex7
11> 146 : .@Tush-Yurruck_07.Alex7 -- 97 : .@Tush-Yurruck_07.Alex7
12> 7 : .@Tush-Yurruck_07.Alex7 -- 95 : .@Tush-Yurruck_07.Alex7
13> 46 : .@Tush-Yurruck_07.Alex7 -- 199 : .@Tush-Yurruck_07.Alex7
14> 172 : .@Tush-Yurruck_07.Alex7
15> 2 : .@Tush-Yurruck_07.Alex7
16> 5 : .@Tush-Yurruck_07.Alex7
17> 5 : .@Tush-Yurruck_07.Alex7
18> 2 : .@Tush-Yurruck_07.Alex7
19> 3 : .@Tush-Yurruck_07.Alex7
20> 7 : .@Tush-Yurruck_07.Alex7
21> 5 : .@Tush-Yurruck_07.Alex7
22> 1 : PTR_FR24_A68_00@Tush-Yurruck_07.Alex7
23> 1 : PTR_FR24_A68_00@Tush-Yurruck_07.Alex7
#################### end of cavern log file ####################
done
calculating basic statistics ... done
processing extended elevation ... done
processing references ... 
C:\Program Files (x86)\Therion\therion.exe: warning -- Alex7.thconfig [56] -- source layout not found -- Coords_Header_CDa
done
selecting export objects ... 
C:\Program Files (x86)\Therion\therion.exe: warning -- Alex7.thconfig [303] -- object not found -- "MP-Alex7-plan"

C:\Program Files (x86)\Therion\therion.exe: warning -- Alex7.thconfig [304] -- object not found -- "MC-Alex7-coupe"
done
processing projection plan ... done
average distortion: 1.03%
writing Data/Alex7-map.xvi ... done
processing projection extended ... done


############### export maps & scraps selection #################
S     -.-- @ ()
########## end of export maps & scraps selection ###############
writing Outputs/Alex7-coupe.pdf ...
####################### metapost log file ########################
This is MetaPost, version 2.01 (TeX Live 2021/W32TeX) (kpathsea version 6.3.3)  5 MAY 2024 11:14
**data.mp
(c:/Program Files (x86)/Therion/texmf/mpost/mpost.mp
(c:/Program Files (x86)/Therion/texmf/mpost/plain.mp
Preloading the plain mem file, version 1.005) ) (./data.mp
{randomseed:=42}
 [1] [2] [3] [4]
[5] [6] [7] [8] [9] [10] [11] [12] [13] [14]
[15] [1] [2] (./mptextmp.mp) [3] (./mptextmp.mp) [4] )
 
Here is how much of MetaPost's memory you used:
 4984 strings using 140206 characters
 2578952 bytes of node memory
 1743 symbolic tokens
 8i,82n,16p,312b,5f stack positions out of 16i,98n,20p,312b,6f
19 output files written: data-patt.1 .. data-patt.15


#################### end of metapost log file ####################
converting scraps ... done
making map ... done
######################## pdftex log file #########################
This is pdfTeX, Version 3.141592653-2.6-1.40.22 (TeX Live 2021/W32TeX) (preloaded format=pdftex 2021.6.19)  5 MAY 2024 11:14
entering extended mode
**data.tex
(./data.tex (./th_enc.tex) (./th_texts.tex) (./th_resources.tex
(c:/Program Files (x86)/Therion/texmf/tex/glyphtounicode.tex))
(./th_fontdef.tex{c:/Program Files (x86)/Therion/texmf/fonts/pdftex.map})
(./th_formdef.tex) (./th_pagedef.tex) (./th_pages.tex)
 51 numeric registers used out of 32768
 [1] ) 
Here is how much of TeX's memory you used:
 273 strings out of 94604
 3855 string characters out of 1142524
 52457 words of memory out of 5035185
 1930 multiletter control sequences out of 15000+50000
 16503 words of font info for 54 fonts, out of 1000000 for 2000
 1416 hyphenation exceptions out of 5000
 7i,5n,6p,229b,42s stack positions out of 5000i,500n,10000p,200000b,50000s
<c:/Program Files (x86)/Therion/texmf/fonts/type1/cmss10.pfb>
Output written on data.pdf (1 page, 23629 bytes).
PDF statistics:
 33 PDF objects out of 1000 (max. 8388607)
 20 compressed objects within 1 object stream
 0 named destinations out of 1000 (max. 500000)
 67 words of extra memory for PDF output out of 10000 (max. 10000000)


##################### end of pdftex log file #####################
done


############### export maps & scraps selection #################
S     1.52 SP-Alex7-1@Alex7 ()
########## end of export maps & scraps selection ###############
writing Outputs/Alex7-plan.pdf ...
####################### metapost log file ########################
This is MetaPost, version 2.01 (TeX Live 2021/W32TeX) (kpathsea version 6.3.3)  5 MAY 2024 11:14
**data.mp
(c:/Program Files (x86)/Therion/texmf/mpost/mpost.mp
(c:/Program Files (x86)/Therion/texmf/mpost/plain.mp
Preloading the plain mem file, version 1.005) ) (./data.mp
{randomseed:=42}
 [1] [2] [3] [4]
[5] [6] [7] [8] [9] [10] [11] [12] [13] [14]
[15] [1] [2] [3] [4] (./mptextmp.mp) [5] (./mptextmp.mp) (./mptextmp.mp)
(./mptextmp.mp) (./mptextmp.mp) (./mptextmp.mp) (./mptextmp.mp) [6] )
 
Here is how much of MetaPost's memory you used:
 6553 strings using 170228 characters
 2634628 bytes of node memory
 1744 symbolic tokens
 9i,82n,16p,312b,5f stack positions out of 16i,98n,20p,312b,6f
21 output files written: data-patt.1 .. data-patt.15


#################### end of metapost log file ####################
converting scraps ... done
making map ... done
######################## pdftex log file #########################
This is pdfTeX, Version 3.141592653-2.6-1.40.22 (TeX Live 2021/W32TeX) (preloaded format=pdftex 2021.6.19)  5 MAY 2024 11:14
entering extended mode
**data.tex
(./data.tex (./th_enc.tex) (./th_texts.tex) (./th_resources.tex
(c:/Program Files (x86)/Therion/texmf/tex/glyphtounicode.tex))
(./th_fontdef.tex{c:/Program Files (x86)/Therion/texmf/fonts/pdftex.map})
(./th_formdef.tex) (./th_pagedef.tex) (./th_pages.tex)
 55 numeric registers used out of 32768
 [1] ) 
Here is how much of TeX's memory you used:
 303 strings out of 94604
 4111 string characters out of 1142524
 48318 words of memory out of 5032046
 1958 multiletter control sequences out of 15000+50000
 20080 words of font info for 63 fonts, out of 1000000 for 2000
 1416 hyphenation exceptions out of 5000
 9i,5n,8p,712b,53s stack positions out of 5000i,500n,10000p,200000b,50000s
<c:/Program Files (x86)/Therion/texmf/fonts/type1/cmss10.pfb><c:/Program 
Files (x86)/Therion/texmf/fonts/type1/cmssi10.pfb><c:/Program Files (x86)/Theri
on/texmf/fonts/type1/csss10.pfb><c:/Program Files (x86)/Therion/texmf/fonts/typ
e1/csssi10.pfb>
Output written on data.pdf (1 page, 51787 bytes).
PDF statistics:
 58 PDF objects out of 1000 (max. 8388607)
 34 compressed objects within 1 object stream
 0 named destinations out of 1000 (max. 500000)
 97 words of extra memory for PDF output out of 10000 (max. 10000000)


##################### end of pdftex log file #####################
done
writing Outputs/Alex7.lox .... done
C:\Program Files (x86)\Therion\therion.exe: warning -- data not georeferenced -- unable to export KML file
C:\Program Files (x86)\Therion\therion.exe: warning -- data not georeferenced -- unable to export KML file
writing Outputs/Alex7.html ... done
writing xtherion file ... done
compilation time: 2 sec


######################### loop errors ##########################
REL-ERR ABS-ERR TOTAL-L STS X-ERROR Y-ERROR Z-ERROR STATIONS
  0.98%    1.5m  149.2m  13    0.7m    0.6m    1.1m [PTR_FR24_A68_00@Tush-Yurruck_07.Alex7 - 31 - 29 - 28 - 25 - 23 - 16 - 15 - 5 - 4 - 3 - 2 - 1 - PTR_FR24_A68_00]
##################### end of loop errors #######################


###################### scrap distortions #######################
 PROJECTION: plan
 AVERAGE  MAXIMAL  SCRAP
   1.03%  100.00%  SP-Alex7-1@Alex7
################### end of scrap distortions ###################
