therion 6.1.8 (2023-06-14)
  - using Proj 9.2.1, compiled against 9.2.1
initialization file: C:\Program Files (x86)\Therion/therion.ini
reading ... done
configuration file: Geophysicalskaya_by_Alex.thconfig
reading ... done
reading source files ... done
preprocessing database ... done
output coordinate system: UTM42
meridian convergence (deg): 1.5928
geomag declinations (deg):
  2024.1.1  4.6440
  2025.1.1  4.6888
scanning centreline tree ... done
searching for centerline loops ... done
calculating station coordinates ... done
average loop error: 0.72%
processing survey data ... 
####################### cavern log file ########################
 1> Survex 1.4.3
 2> Copyright ¸ 1990-2021 Olly Betts
 3> 
 4> La topographie contient 2506 stations, connect‚es par 2515 vis‚es.
 5> Il y a 11 bouclages.
 6> La topographie contient 2 composants connect‚s.
 7> Longueur totale de la topographie = 3878.98m (3879.02m ajust‚)
 8> Longueur totale en projection horizontale = 3788.17m
 9> Longueur totale verticale =  559.52m
10> Intervalle vertical = 72.90m (de 5 … 857.14m jusqu'… 1020 … 784.23m)
11> Intervalle Nord-Sud = 442.71m (de 1710 … 4172806.35m jusqu'… 2328 … 4172363.65m)
12> Intervalle Est-Ouest = 689.52m (de 2303 … 270937.60m jusqu'… 79 … 270248.08m)
13> 2256 1-noeuds.
14>   13 2-noeuds.
15>    3 3-noeuds.
16>    1 4-noeud.
17>    9 5-noeuds.
18>   31 6-noeuds.
19>   16 7-noeuds.
20>   25 8-noeuds.
21>   32 9-noeuds.
22>   34 10-noeuds.
23>    8 11-noeuds.
24>   14 12-noeuds.
25>    8 13-noeuds.
26>    6 14-noeuds.
27>    3 15-noeuds.
28>    7 16-noeuds.
29>    5 17-noeuds.
30>    4 18-noeuds.
31>    2 19-noeuds.
32>    4 20-noeuds.
33>    5 21-noeuds.
34>    1 22-noeud.
35>    1 23-noeud.
36>    3 24-noeuds.
37>    1 25-noeud.
38>    3 26-noeuds.
39>    4 28-noeuds.
40>    1 32-noeud.
41>    1 33-noeud.
42>    1 34-noeud.
43>    2 36-noeuds.
44>    2 40-noeuds.
45> 
######################### transcription ########################
 4> 2506 : 41@Geophysicalskaya_07.Alex7.Geophysicalskaya
 5> 11 : .@Geophysicaya_01_entree.Entree.Geophysicalskaya
 6> 2 : .@Geophysicaya_01_entree.Entree.Geophysicalskaya
10> 5 : .@Geophysicaya_01_entree.Entree.Geophysicalskaya -- 1020 : .@GeophysicalskayaXR4.GeophysicalskayaXR4.Geophysicalskaya
11> 1710 : .@GeophysicayaXR6.GeophysicayaXR6.Geophysicalskaya -- 2328 : .@Geophysicalskaya_07.Alex7.Geophysicalskaya
12> 2303 : 14@Geophysicalskaya_07.Alex7.Geophysicalskaya -- 79 : .@Geophysicaya_01_entree.Entree.Geophysicalskaya
13> 2256 : .@Geophysicalskaya_07.Alex7.Geophysicalskaya
14> 13 : .@Geophysicaya_01_entree.Entree.Geophysicalskaya
15> 3 : .@Geophysicaya_01_entree.Entree.Geophysicalskaya
16> 1 : PTR_FR24_A00_Geophysicalskaya@Geophysicaya_01_entree.Entree.Geophysicalskaya
17> 9 : .@Geophysicaya_01_entree.Entree.Geophysicalskaya
18> 31 : .@Geophysicaya_01_entree.Entree.Geophysicalskaya
19> 16 : .@Geophysicaya_01_entree.Entree.Geophysicalskaya
20> 25 : .@Geophysicaya_01_entree.Entree.Geophysicalskaya
21> 32 : .@Geophysicaya_01_entree.Entree.Geophysicalskaya
22> 34 : .@Geophysicaya_01_entree.Entree.Geophysicalskaya
23> 8 : .@Geophysicaya_01_entree.Entree.Geophysicalskaya
24> 14 : 2@Geophysicaya_01_entree.Entree.Geophysicalskaya
25> 8 : .@Geophysicaya_01_entree.Entree.Geophysicalskaya
26> 6 : 1@Geophysicaya_01_entree.Entree.Geophysicalskaya
27> 3 : .@Geophysicaya_01_entree.Entree.Geophysicalskaya
28> 7 : .@Geophysicaya_01_entree.Entree.Geophysicalskaya
29> 5 : .@Geophysicaya_01_entree.Entree.Geophysicalskaya
30> 4 : .@Geophysicaya_01_entree.Entree.Geophysicalskaya
31> 2 : .@Geophysicaya_01_entree.Entree.Geophysicalskaya
32> 4 : .@Geophysicaya_01_entree.Entree.Geophysicalskaya
33> 5 : .@Geophysicaya_01_entree.Entree.Geophysicalskaya
34> 1 : PTR_FR24_A00_Geophysicalskaya@Geophysicaya_01_entree.Entree.Geophysicalskaya
35> 1 : PTR_FR24_A00_Geophysicalskaya@Geophysicaya_01_entree.Entree.Geophysicalskaya
36> 3 : .@Geophysicaya_01_entree.Entree.Geophysicalskaya
37> 1 : PTR_FR24_A00_Geophysicalskaya@Geophysicaya_01_entree.Entree.Geophysicalskaya
38> 3 : .@Geophysicaya_01_entree.Entree.Geophysicalskaya
39> 4 : .@Geophysicaya_01_entree.Entree.Geophysicalskaya
40> 1 : PTR_FR24_A00_Geophysicalskaya@Geophysicaya_01_entree.Entree.Geophysicalskaya
41> 1 : PTR_FR24_A00_Geophysicalskaya@Geophysicaya_01_entree.Entree.Geophysicalskaya
42> 1 : PTR_FR24_A00_Geophysicalskaya@Geophysicaya_01_entree.Entree.Geophysicalskaya
43> 2 : .@Geophysicaya_01_entree.Entree.Geophysicalskaya
44> 2 : .@Geophysicaya_01_entree.Entree.Geophysicalskaya
#################### end of cavern log file ####################
done
calculating basic statistics ... done
processing extended elevation ... done
processing references ... done
selecting export objects ... 
C:\Program Files (x86)\Therion\therion.exe: warning -- Geophysicalskaya_by_Alex.thconfig [318] -- object not found -- "MC-Geophysicalskaya"
done
processing projection plan ... done
average distortion: 0.26%


############### export maps & scraps selection #################
M   802.80 MP-Geophysicalskaya@Geophysicalskaya (Geophysicalskaya)
M   812.65 MP-Entree@Entree.Geophysicalskaya (Entree)
S   838.96 SP-Geophysicalskaya_01_entree@Entree.Geophysicalskaya ()
S   798.06 SP-Geophysicalskaya_01@Entree.Geophysicalskaya ()
S   800.91 SP-Geophysicalskaya_02@Entree.Geophysicalskaya ()
M   801.11 MP-Philippe2@Philippe2.Geophysicalskaya (Philippe2)
S   801.11 SP-Geophysicalskaya_03@Philippe2.Geophysicalskaya ()
M   810.61 MP-Escalade@Escalade.Geophysicalskaya (Escalade)
S   810.61 SP-Escalade-1@Escalade.Geophysicalskaya ()
M   803.02 MP-GeophysicalskayaXR4@GeophysicalskayaXR4.Geophysicalskaya (GeophysicalskayaXR4)
S   799.98 SP-Xav4-1@GeophysicalskayaXR4.Geophysicalskaya ()
S   809.95 SP-Xav4-3@GeophysicalskayaXR4.Geophysicalskaya ()
S   799.12 SP-Xav4-2@GeophysicalskayaXR4.Geophysicalskaya ()
M   792.25 MP-GeophysicayaXR6@GeophysicayaXR6.Geophysicalskaya (GeophysicayaXR6)
S   794.11 SP-Xav6-1@GeophysicayaXR6.Geophysicalskaya ()
S   790.39 SP-Xav6-2@GeophysicayaXR6.Geophysicalskaya ()
M   804.53 MP-Alex3@Alex3.Geophysicalskaya (Alex3)
S   804.53 SP-Alex3-1@Alex3.Geophysicalskaya ()
M   793.30 MP-Alex5@Alex5.Geophysicalskaya (Alex5)
S   793.30 SP-Alex5-1@Alex5.Geophysicalskaya ()
M   804.92 MP-Alex7@Alex7.Geophysicalskaya (Alex7)
S   804.92 SP-Alex7-1@Alex7.Geophysicalskaya ()
########## end of export maps & scraps selection ###############
writing Outputs/Geophysicalskaya-plan.pdf ...
####################### metapost log file ########################
This is MetaPost, version 2.01 (TeX Live 2021/W32TeX) (kpathsea version 6.3.3)  6 MAY 2024 12:00
**data.mp
(c:/Program Files (x86)/Therion/texmf/mpost/mpost.mp
(c:/Program Files (x86)/Therion/texmf/mpost/plain.mp
Preloading the plain mem file, version 1.005) ) (./data.mp
{randomseed:=42}
 [1] [2] [3] [4]
[5] [6] [7] [8] [9] [10] [11] [12] [13] [14]
[15] [1] [2] [3] [4] [5] [6] [7] [8] [9] [10] [11] [12] [13] [14] [15] [16]
[17] [18] [19] [20] [21] [22] [23] [24] [25] [26] [27] [28] [29] [30] [31]
[32] [33] [34] [35] [36]
[Warning: scrap outline intersects itself in scrap SP-Xav6-1@GeophysicayaXR6.Ge
ophysicalskaya] [37] [38] [39] [40]
[Warning: scrap outline intersects itself in scrap SP-Alex3-1@Alex3.Geophysical
skaya] [41] [42] [43] [44] [45] [46] [47] [48] [49] [50] [51] (./mptextmp.mp)
[52] (./mptextmp.mp) (./mptextmp.mp) (./mptextmp.mp) (./mptextmp.mp)
(./mptextmp.mp) (./mptextmp.mp) [53] [54] [55] [56] [57] [58] [59] [60] [61]
[62] [63] [64] [65] [66] [67] [68] [69] [70] [71] [72] [73] [74] [75] [76]
[77] [78] [79] [80] [81] [82] [83] [84] [85] [86] [87] [88] [89] [90] [91]
[92] [93] [94] [95] [96] [97] [98] [99] [100] )
 
Here is how much of MetaPost's memory you used:
 24341 strings using 567382 characters
 3650232 bytes of node memory
 1756 symbolic tokens
 11i,82n,16p,420b,5f stack positions out of 16i,98n,20p,487b,6f
115 output files written: data-patt.1 .. data.100


#################### end of metapost log file ####################
converting scraps ... done
making map ... done
######################## pdftex log file #########################
This is pdfTeX, Version 3.141592653-2.6-1.40.22 (TeX Live 2021/W32TeX) (preloaded format=pdftex 2021.6.19)  6 MAY 2024 12:00
entering extended mode
**data.tex
(./data.tex (./th_enc.tex) (./th_texts.tex) (./th_resources.tex
(c:/Program Files (x86)/Therion/texmf/tex/glyphtounicode.tex))
(./th_fontdef.tex{c:/Program Files (x86)/Therion/texmf/fonts/pdftex.map}<<th_go
ur_aaaaaaa.dat>><<th_gour_aaaaaac.dat>><<th_gour_aaaaaae.dat>><<th_gour_aaaaaag
.dat>><<th_gour_aaaaaai.dat>><<th_gour_aaaaaba.dat>><<th_gour_aaaaabc.dat>><<th
_gour_aaaaabe.dat>><<th_gour_aaaaabg.dat>><<th_gour_aaaaabi.dat>><<th_gour_aaaa
aca.dat>><<th_gour_aaaaacc.dat>><<th_gour_aaaaace.dat>>)
(./th_formdef.tex) (./th_pagedef.tex (./th_legend.tex) <d:/08 GitHub/Turkmenist
an/Data/Geophysicalskaya/Logo_TKM_2024.jpg> <d:/08 GitHub/Turkmenistan/Data/Geo
physicalskaya/Logo_FFS.jpg>) (./th_pages.tex)
 225 numeric registers used out of 32768
 [1] ) 
Here is how much of TeX's memory you used:
 482 strings out of 94604
 6034 string characters out of 1142524
 96424 words of memory out of 5071152
 2134 multiletter control sequences out of 15000+50000
 21229 words of font info for 66 fonts, out of 1000000 for 2000
 1416 hyphenation exceptions out of 5000
 13i,6n,8p,712b,75s stack positions out of 5000i,500n,10000p,200000b,50000s
<c:/Program Files (x86)/Therion/texmf/fonts/type1/cmss10.pfb><c:/Program 
Files (x86)/Therion/texmf/fonts/type1/cmssi10.pfb><c:/Program Files (x86)/Theri
on/texmf/fonts/type1/csss10.pfb><c:/Program Files (x86)/Therion/texmf/fonts/typ
e1/csssi10.pfb>
Output written on data.pdf (1 page, 626203 bytes).
PDF statistics:
 452 PDF objects out of 1000 (max. 8388607)
 229 compressed objects within 3 object streams
 0 named destinations out of 1000 (max. 500000)
 1303 words of extra memory for PDF output out of 10000 (max. 10000000)


##################### end of pdftex log file #####################
done


############### export maps & scraps selection #################
M   802.80 MP-Geophysicalskaya@Geophysicalskaya (Geophysicalskaya)
M   812.65 MP-Entree@Entree.Geophysicalskaya (Entree)
S   838.96 SP-Geophysicalskaya_01_entree@Entree.Geophysicalskaya ()
S   798.06 SP-Geophysicalskaya_01@Entree.Geophysicalskaya ()
S   800.91 SP-Geophysicalskaya_02@Entree.Geophysicalskaya ()
M   801.11 MP-Philippe2@Philippe2.Geophysicalskaya (Philippe2)
S   801.11 SP-Geophysicalskaya_03@Philippe2.Geophysicalskaya ()
M   810.61 MP-Escalade@Escalade.Geophysicalskaya (Escalade)
S   810.61 SP-Escalade-1@Escalade.Geophysicalskaya ()
M   803.02 MP-GeophysicalskayaXR4@GeophysicalskayaXR4.Geophysicalskaya (GeophysicalskayaXR4)
S   799.98 SP-Xav4-1@GeophysicalskayaXR4.Geophysicalskaya ()
S   809.95 SP-Xav4-3@GeophysicalskayaXR4.Geophysicalskaya ()
S   799.12 SP-Xav4-2@GeophysicalskayaXR4.Geophysicalskaya ()
M   792.25 MP-GeophysicayaXR6@GeophysicayaXR6.Geophysicalskaya (GeophysicayaXR6)
S   794.11 SP-Xav6-1@GeophysicayaXR6.Geophysicalskaya ()
S   790.39 SP-Xav6-2@GeophysicayaXR6.Geophysicalskaya ()
M   804.53 MP-Alex3@Alex3.Geophysicalskaya (Alex3)
S   804.53 SP-Alex3-1@Alex3.Geophysicalskaya ()
M   793.30 MP-Alex5@Alex5.Geophysicalskaya (Alex5)
S   793.30 SP-Alex5-1@Alex5.Geophysicalskaya ()
M   804.92 MP-Alex7@Alex7.Geophysicalskaya (Alex7)
S   804.92 SP-Alex7-1@Alex7.Geophysicalskaya ()
########## end of export maps & scraps selection ###############
writing Outputs/Geophysicalskaya-plan.svg ...
####################### metapost log file ########################
This is MetaPost, version 2.01 (TeX Live 2021/W32TeX) (kpathsea version 6.3.3)  6 MAY 2024 12:00
**data.mp
(c:/Program Files (x86)/Therion/texmf/mpost/mpost.mp
(c:/Program Files (x86)/Therion/texmf/mpost/plain.mp
Preloading the plain mem file, version 1.005) ) (./data.mp
{randomseed:=42}
 [1] [2] [3] [4]
[5] [6] [7] [8] [9] [10] [11] [12] [13] [14]
[15] [1] [2] [3] [4] [5] [6] [7] [8] [9] [10] [11] [12] [13] [14] [15] [16]
[17] [18] [19] [20] [21] [22] [23] [24] [25] [26] [27] [28] [29] [30] [31]
[32] [33] [34] [35] [36]
[Warning: scrap outline intersects itself in scrap SP-Xav6-1@GeophysicayaXR6.Ge
ophysicalskaya] [37] [38] [39] [40]
[Warning: scrap outline intersects itself in scrap SP-Alex3-1@Alex3.Geophysical
skaya] [41] [42] [43] [44] [45] [46] [47] [48] [49] [50] [51] (./mptextmp.mp)
[52] (./mptextmp.mp) (./mptextmp.mp) (./mptextmp.mp) (./mptextmp.mp)
(./mptextmp.mp) (./mptextmp.mp) [53] [54] [55] [56] [57] [58] [59] [60] [61]
[62] [63] [64] [65] [66] [67] [68] [69] [70] [71] [72] [73] [74] [75] [76]
[77] [78] [79] [80] [81] [82] [83] [84] [85] [86] [87] [88] [89] [90] [91]
[92] [93] [94] [95] [96] [97] [98] [99] [100] )
 
Here is how much of MetaPost's memory you used:
 24341 strings using 567382 characters
 3650232 bytes of node memory
 1756 symbolic tokens
 11i,82n,16p,420b,5f stack positions out of 16i,98n,20p,487b,6f
115 output files written: data-patt.1 .. data.100


#################### end of metapost log file ####################
converting scraps ... done
making svg map ... done
done
writing Outputs/Geophysicalskaya.lox ................ done
writing Outputs/Geophysicalskaya.kml ... done
writing Outputs/Geophysicalskaya-model.kml ... done
writing Outputs/Geophysicalskaya.html ... done
compilation time: 18 sec


######################### loop errors ##########################
REL-ERR ABS-ERR TOTAL-L STS X-ERROR Y-ERROR Z-ERROR STATIONS
  1.40%    0.9m   60.7m   5    0.1m    0.3m   -0.8m [PTR_FR24_A04_73@Geophysicaya_01_entree.Entree.Geophysicalskaya - 74 - 70 - 71 - 72 - PTR_FR24_A04_73]
  0.92%    1.1m  115.8m  13   -0.3m   -0.4m    0.9m [PTR_FR24_A05_37@Geophysicaya_01_entree.Entree.Geophysicalskaya - 54 - 53 - 52 - 51 - 45 - 44 - 43 - 42 - 41 - 40 - 39 - 38 - PTR_FR24_A05_37]
  0.88%    1.4m  154.3m  13   -0.2m    0.6m    1.2m [16@Geophyscaya_03.Alex3.Geophysicalskaya - 38 - 37 - PTR_FR24_A12_36 - 35 - 34 - 33 - 32 - 31 - 30 - PTR_FR24_A19_19 - 18 - 17 - 16]
  0.84%    1.6m  188.2m  13    0.4m   -0.4m    1.5m [PTR_FR24_A13_46@Geophysicalskaya_07.Alex7.Geophysicalskaya - 22 - 21 - 20 - 19 - 18 - PTR_FR24_A14_7 - 6 - 5 - 4 - 3 - 2 - 1 - PTR_FR24_A13_46]
  0.82%    2.1m  255.4m  22    0.0m    0.5m    2.0m [PTR_FR24_A02_24@Geophysicaya_02.Philippe2.Geophysicalskaya - 1 - PTR_FR24_A09_2 = PTR_FR24_A09_80@Geophysicaya_01_entree.Entree.Geophysicalskaya - 79 - PTR_FR24_A04_73 - 74 - 70 - 69 - 68 - 65 - 64 - 63 - 57 - 56 - 55 - 31 - PTR_FR24_A03_30 - 29 - 28 - 27 - 26 - 25 - PTR_FR24_A02_24 = PTR_FR24_A02_24@Geophysicaya_02.Philippe2.Geophysicalskaya]
  0.59%    0.8m  134.8m   6    0.4m   -0.7m    0.2m [19@GeophysicayaXR6.GeophysicayaXR6.Geophysicalskaya - 20 - B49 - 10 - B48 - 18 - 19]
  0.55%    0.8m  145.2m   8   -0.4m   -0.5m   -0.5m [B54@GeophysicayaXR6.GeophysicayaXR6.Geophysicalskaya - 26 - 19 - 20 - B49 - 22 - B55 = B55@GeophysicalskayaXR4.GeophysicalskayaXR4.Geophysicalskaya - 36 - B54 = B54@GeophysicayaXR6.GeophysicayaXR6.Geophysicalskaya]
  0.53%    0.8m  151.2m   7   -0.2m   -0.2m   -0.7m [B49@GeophysicayaXR6.GeophysicayaXR6.Geophysicalskaya - 22 - B55 = B55@GeophysicalskayaXR4.GeophysicalskayaXR4.Geophysicalskaya - 33 - B56 = B56@GeophysicayaXR6.GeophysicayaXR6.Geophysicalskaya - 1 - 8 - B49]
  0.48%    2.8m  581.9m  28   -1.0m   -0.1m   -2.6m [PTR_FR24_B59_00@Geophyscaya_03.Alex3.Geophysicalskaya - 12 - 13 - 14 - 15 - 16 - 38 - 37 - PTR_FR24_A12_36 - 39 - 40 - 41 - 42 - PTR_FR24_B50_43 = B50@GeophysicalskayaXR4.GeophysicalskayaXR4.Geophysicalskaya - 57 - 56 - B51 - B52 - 49 - 46 - B53 - B54 - 36 - B55 - 33 - B56 - B57 - 29 - B59 = PTR_FR24_B59_00@Geophyscaya_03.Alex3.Geophysicalskaya]
  0.37%    0.2m   63.2m   3   -0.2m   -0.1m   -0.1m [B49@GeophysicayaXR6.GeophysicayaXR6.Geophysicalskaya - 11 - 10 - B49]
##################### end of loop errors #######################


###################### scrap distortions #######################
 PROJECTION: plan
 AVERAGE  MAXIMAL  SCRAP
   0.44%  100.00%  SP-Geophysicalskaya_01@Entree.Geophysicalskaya
   0.35%   54.10%  SP-Xav4-1@GeophysicalskayaXR4.Geophysicalskaya
   0.54%   44.00%  SP-Alex3-1@Alex3.Geophysicalskaya
   0.23%   43.77%  SP-Xav6-1@GeophysicayaXR6.Geophysicalskaya
   0.29%   42.14%  SP-Xav4-2@GeophysicalskayaXR4.Geophysicalskaya
   0.25%   33.25%  SP-Geophysicalskaya_02@Entree.Geophysicalskaya
   0.20%   22.31%  SP-Geophysicalskaya_03@Philippe2.Geophysicalskaya
   0.16%   11.71%  SP-Alex7-1@Alex7.Geophysicalskaya
   0.07%    9.20%  SP-Geophysicalskaya_01_entree@Entree.Geophysicalskaya
   0.07%    6.61%  SP-Alex5-1@Alex5.Geophysicalskaya
   0.41%    5.47%  SP-Escalade-1@Escalade.Geophysicalskaya
   0.04%    0.23%  SP-Xav4-3@GeophysicalskayaXR4.Geophysicalskaya
   0.05%    0.23%  SP-Xav6-2@GeophysicayaXR6.Geophysicalskaya
################### end of scrap distortions ###################

############# CRS transformations chosen by PROJ ###############
  Area of Use (AoU): (66.395, 37.673) (66.395, 37.673)
  [UTM42 â†’ LONG-LAT] AoU: [yes] transformation: [Inverse of UTM zone 42N + axis order change (2D)] definition: [proj=pipeline step inv proj=utm zone=42 ellps=WGS84 step proj=unitconvert xy_in=rad xy_out=deg] accuracy: [0.000 m]
  [UTM42 â†’ LAT-LONG] AoU: [no] transformation: [Inverse of UTM zone 42N + axis order change (2D)] definition: [proj=pipeline step inv proj=utm zone=42 ellps=WGS84 step proj=unitconvert xy_in=rad xy_out=deg] accuracy: [0.000 m]
  [UTM42 â†’ UTM42] AoU: [yes] transformation: [Inverse of UTM zone 42N + UTM zone 42N] definition: [proj=noop ellps=GRS80] accuracy: [0.000 m]
  [UTM42 â†’ EPSG:4326] AoU: [yes] transformation: [Inverse of UTM zone 42N + axis order change (2D)] definition: [proj=pipeline step inv proj=utm zone=42 ellps=WGS84 step proj=unitconvert xy_in=rad xy_out=deg] accuracy: [0.000 m]
  [EPSG:4326 â†’ UTM42] AoU: [yes] transformation: [axis order change (2D) + UTM zone 42N] definition: [proj=pipeline step proj=unitconvert xy_in=deg xy_out=rad step proj=utm zone=42 ellps=WGS84] accuracy: [0.000 m]
########## end of CRS transformations chosen by PROJ ###########
