therion 6.1.8 (2023-06-14)
  - using Proj 9.2.1, compiled against 9.2.1
initialization file: C:\Program Files (x86)\Therion/therion.ini
reading ... done
configuration file: JPH.thconfig
reading ... done
reading source files ... done
preprocessing database ... done
scanning centreline tree ... done
searching for centerline loops ... done
calculating station coordinates ... done
processing survey data ... 
####################### cavern log file ########################
 1> Survex 1.4.3
 2> Copyright ¸ 1990-2021 Olly Betts
 3> La topographie n'a pas de points fixes. Par cons‚quent j'ai fix‚ 1 … (0,0,0)
 4> 
 5> La topographie contient 69 stations, connect‚es par 68 vis‚es.
 6> Il y a 1 bouclage.
 7> La topographie contient 2 composants connect‚s.
 8> Longueur totale de la topographie =  141.80m ( 141.80m ajust‚)
 9> Longueur totale en projection horizontale =  139.69m
10> Longueur totale verticale =   19.45m
11> Intervalle vertical = 16.95m (de 13 … 2.99m jusqu'… 58 … -13.96m)
12> Intervalle Nord-Sud = 112.82m (de 13 … 17.68m jusqu'… 56 … -95.14m)
13> Intervalle Est-Ouest = 103.74m (de 66 … 88.74m jusqu'… 41 … -15.00m)
14>   60 1-noeuds.
15>    1 6-noeud.
16>    1 7-noeud.
17>    3 8-noeuds.
18>    3 9-noeuds.
19>    1 12-noeud.
20> 
######################### transcription ########################
 3> 1 : 0@JPH.JPH
 5> 69 : -@JPH.JPH -- 68 : -@JPH.JPH
 6> 1 : 0@JPH.JPH
 7> 2 : 1@JPH.JPH
11> 13 : -@JPH.JPH -- 58 : -@JPH.JPH
12> 13 : -@JPH.JPH -- 56 : -@JPH.JPH
13> 66 : -@JPH.JPH -- 41 : -@JPH.JPH
14> 60 : -@JPH.JPH
15> 1 : 0@JPH.JPH
16> 1 : 0@JPH.JPH
17> 3 : 2@JPH.JPH
18> 3 : 2@JPH.JPH
19> 1 : 0@JPH.JPH
#################### end of cavern log file ####################
done
calculating basic statistics ... done
processing extended elevation ... done
processing references ... 
C:\Program Files (x86)\Therion\therion.exe: warning -- JPH.thconfig [56] -- source layout not found -- Coords_Header_CDa
done
selecting export objects ... 
C:\Program Files (x86)\Therion\therion.exe: warning -- JPH.thconfig [303] -- object not found -- "MP-JPH-plan"

C:\Program Files (x86)\Therion\therion.exe: warning -- JPH.thconfig [304] -- object not found -- "MC-JPH-coupe"
done
processing projection plan ... done
writing Data/JPH-map.xvi ... done
processing projection extended ... done


############### export maps & scraps selection #################
S     -.-- @ ()
########## end of export maps & scraps selection ###############
writing Outputs/JPH-coupe.pdf ...
####################### metapost log file ########################
This is MetaPost, version 2.01 (TeX Live 2021/W32TeX) (kpathsea version 6.3.3)  25 APR 2024 15:00
**data.mp
(c:/Program Files (x86)/Therion/texmf/mpost/mpost.mp
(c:/Program Files (x86)/Therion/texmf/mpost/plain.mp
Preloading the plain mem file, version 1.005) ) (./data.mp
{randomseed:=42}
 [1] [2] [3] [4]
[5] [6] [7] [8] [9] [10] [11] [12] [13] [14]
[15] [1] [2] (./mptextmp.mp) [3] (./mptextmp.mp) [4] )
 
Here is how much of MetaPost's memory you used:
 2617 strings using 74530 characters
 2518940 bytes of node memory
 1743 symbolic tokens
 8i,82n,16p,312b,5f stack positions out of 16i,98n,20p,312b,6f
19 output files written: data-patt.1 .. data-patt.15


#################### end of metapost log file ####################
converting scraps ... done
making map ... done
######################## pdftex log file #########################
This is pdfTeX, Version 3.141592653-2.6-1.40.22 (TeX Live 2021/W32TeX) (preloaded format=pdftex 2021.6.19)  25 APR 2024 15:00
entering extended mode
**data.tex
(./data.tex (./th_enc.tex) (./th_texts.tex) (./th_resources.tex
(c:/Program Files (x86)/Therion/texmf/tex/glyphtounicode.tex))
(./th_fontdef.tex{c:/Program Files (x86)/Therion/texmf/fonts/pdftex.map})
(./th_formdef.tex) (./th_pagedef.tex) (./th_pages.tex)
 51 numeric registers used out of 32768
 [1] ) 
Here is how much of TeX's memory you used:
 273 strings out of 94604
 3855 string characters out of 1142524
 27956 words of memory out of 5012684
 1930 multiletter control sequences out of 15000+50000
 16503 words of font info for 54 fonts, out of 1000000 for 2000
 1416 hyphenation exceptions out of 5000
 7i,5n,6p,229b,42s stack positions out of 5000i,500n,10000p,200000b,50000s
<c:/Program Files (x86)/Therion/texmf/fonts/type1/cmss10.pfb>
Output written on data.pdf (1 page, 17406 bytes).
PDF statistics:
 33 PDF objects out of 1000 (max. 8388607)
 20 compressed objects within 1 object stream
 0 named destinations out of 1000 (max. 500000)
 67 words of extra memory for PDF output out of 10000 (max. 10000000)


##################### end of pdftex log file #####################
done


############### export maps & scraps selection #################
S     -.-- @ ()
########## end of export maps & scraps selection ###############
writing Outputs/JPH-plan.pdf ...
####################### metapost log file ########################
This is MetaPost, version 2.01 (TeX Live 2021/W32TeX) (kpathsea version 6.3.3)  25 APR 2024 15:00
**data.mp
(c:/Program Files (x86)/Therion/texmf/mpost/mpost.mp
(c:/Program Files (x86)/Therion/texmf/mpost/plain.mp
Preloading the plain mem file, version 1.005) ) (./data.mp
{randomseed:=42}
 [1] [2] [3] [4]
[5] [6] [7] [8] [9] [10] [11] [12] [13] [14]
[15] [1] [2] (./mptextmp.mp) [3] (./mptextmp.mp) (./mptextmp.mp) (./mptextmp.mp
) (./mptextmp.mp) (./mptextmp.mp) (./mptextmp.mp) [4] )
 
Here is how much of MetaPost's memory you used:
 2631 strings using 75704 characters
 2532100 bytes of node memory
 1744 symbolic tokens
 9i,82n,16p,312b,5f stack positions out of 16i,98n,20p,312b,6f
19 output files written: data-patt.1 .. data-patt.15


#################### end of metapost log file ####################
converting scraps ... done
making map ... done
######################## pdftex log file #########################
This is pdfTeX, Version 3.141592653-2.6-1.40.22 (TeX Live 2021/W32TeX) (preloaded format=pdftex 2021.6.19)  25 APR 2024 15:00
entering extended mode
**data.tex
(./data.tex (./th_enc.tex) (./th_texts.tex) (./th_resources.tex
(c:/Program Files (x86)/Therion/texmf/tex/glyphtounicode.tex))
(./th_fontdef.tex{c:/Program Files (x86)/Therion/texmf/fonts/pdftex.map})
(./th_formdef.tex) (./th_pagedef.tex
Overfull \hbox (7.44289pt too wide) in paragraph at lines 12--12
[]\thfb Topographes: \thfb Jean-Marie Brif-fon,  Jean-Philippe Grand-co-las,  J
ean-Paul Hereil,  Alexan-|

\hbox(8.33333+2.33333)x426.79149, glue set - 1.0
.\hbox(0.0+0.0)x0.0
.\thfb T
.\kern-1.00002
.\thfb o
.\thfb p
.etc.

) (./th_pages.tex)
 51 numeric registers used out of 32768
 [1] ) 
Here is how much of TeX's memory you used:
 299 strings out of 94604
 4061 string characters out of 1142524
 29666 words of memory out of 5014394
 1954 multiletter control sequences out of 15000+50000
 20080 words of font info for 63 fonts, out of 1000000 for 2000
 1416 hyphenation exceptions out of 5000
 9i,5n,8p,254b,53s stack positions out of 5000i,500n,10000p,200000b,50000s
<c:/Program Files (x86)/Therion/texmf/fonts/type1/cmss10.pfb><c:/Program 
Files (x86)/Therion/texmf/fonts/type1/cmssi10.pfb><c:/Program Files (x86)/Theri
on/texmf/fonts/type1/csss10.pfb><c:/Program Files (x86)/Therion/texmf/fonts/typ
e1/csssi10.pfb>
Output written on data.pdf (1 page, 39569 bytes).
PDF statistics:
 50 PDF objects out of 1000 (max. 8388607)
 30 compressed objects within 1 object stream
 0 named destinations out of 1000 (max. 500000)
 73 words of extra memory for PDF output out of 10000 (max. 10000000)


##################### end of pdftex log file #####################
done
writing Outputs/JPH.lox ... done
C:\Program Files (x86)\Therion\therion.exe: warning -- data not georeferenced -- unable to export KML file
C:\Program Files (x86)\Therion\therion.exe: warning -- data not georeferenced -- unable to export KML file
writing Outputs/JPH.html ... done
writing xtherion file ... done
compilation time: 3 sec
