therion 6.1.8 (2023-06-14)
  - using Proj 9.2.1, compiled against 9.2.1
initialization file: C:\Program Files (x86)\Therion/therion.ini
reading ... done
configuration file: Cupp-Coutun.thconfig
reading ... done
reading source files ... done
preprocessing database ... done
output coordinate system: UTM42
meridian convergence (deg): 1.5827
geomag declinations (deg):
  2024.1.1  4.6313
  2025.1.1  4.6762
scanning centreline tree ... done
searching for centerline loops ... done
calculating station coordinates ... done
average loop error: 4.21%
processing survey data ... 
####################### cavern log file ########################
 1> Survex 1.4.3
 2> Copyright ¸ 1990-2021 Olly Betts
 3> 
 4> La topographie contient 806 stations, connect‚es par 806 vis‚es.
 5> Il y a 2 bouclages.
 6> La topographie contient 2 composants connect‚s.
 7> Longueur totale de la topographie = 2205.26m (2211.78m ajust‚)
 8> Longueur totale en projection horizontale = 2173.03m
 9> Longueur totale verticale =  244.77m
10> Intervalle vertical = 72.98m (de 806 … 770.00m jusqu'… 146 … 697.02m)
11> Intervalle Nord-Sud = 1162.69m (de 625 … 4170004.03m jusqu'… 806 … 4168841.35m)
12> Intervalle Est-Ouest = 283.94m (de 806 … 271570.79m jusqu'… 1 … 271286.85m)
13>  704 1-noeuds.
14>   15 2-noeuds.
15>    4 3-noeuds.
16>    1 5-noeud.
17>   13 6-noeuds.
18>    2 8-noeuds.
19>    6 9-noeuds.
20>   13 10-noeuds.
21>   23 11-noeuds.
22>   12 12-noeuds.
23>    5 13-noeuds.
24>    4 14-noeuds.
25>    3 16-noeuds.
26>    1 17-noeud.
27> 
######################### transcription ########################
 4> 806 : 18@Cup_Coutun_01.Philippe-01-tot.Cupp-Coutun -- 806 : 18@Cup_Coutun_01.Philippe-01-tot.Cupp-Coutun
 5> 2 : 1@Cap_Coutun.Cupp-Coutun-Entree.Cupp-Coutun
 6> 2 : 1@Cap_Coutun.Cupp-Coutun-Entree.Cupp-Coutun
10> 806 : 18@Cup_Coutun_01.Philippe-01-tot.Cupp-Coutun -- 146 : .@Cap_Coutun.Cupp-Coutun-Entree.Cupp-Coutun
11> 625 : 70@Cap_Coutun.Cupp-Coutun-Entree.Cupp-Coutun -- 806 : 18@Cup_Coutun_01.Philippe-01-tot.Cupp-Coutun
12> 806 : 18@Cup_Coutun_01.Philippe-01-tot.Cupp-Coutun -- 1 : 00@Cap_Coutun.Cupp-Coutun-Entree.Cupp-Coutun
13> 704 : .@Cap_Coutun.Cupp-Coutun-Entree.Cupp-Coutun
14> 15 : .@Cap_Coutun.Cupp-Coutun-Entree.Cupp-Coutun
15> 4 : .@Cap_Coutun.Cupp-Coutun-Entree.Cupp-Coutun
16> 1 : 00@Cap_Coutun.Cupp-Coutun-Entree.Cupp-Coutun
17> 13 : .@Cap_Coutun.Cupp-Coutun-Entree.Cupp-Coutun
18> 2 : 1@Cap_Coutun.Cupp-Coutun-Entree.Cupp-Coutun
19> 6 : .@Cap_Coutun.Cupp-Coutun-Entree.Cupp-Coutun
20> 13 : .@Cap_Coutun.Cupp-Coutun-Entree.Cupp-Coutun
21> 23 : .@Cap_Coutun.Cupp-Coutun-Entree.Cupp-Coutun
22> 12 : .@Cap_Coutun.Cupp-Coutun-Entree.Cupp-Coutun
23> 5 : .@Cap_Coutun.Cupp-Coutun-Entree.Cupp-Coutun
24> 4 : .@Cap_Coutun.Cupp-Coutun-Entree.Cupp-Coutun
25> 3 : .@Cap_Coutun.Cupp-Coutun-Entree.Cupp-Coutun
26> 1 : 00@Cap_Coutun.Cupp-Coutun-Entree.Cupp-Coutun
#################### end of cavern log file ####################
done
calculating basic statistics ... done
processing extended elevation ... done
processing references ... done
selecting export objects ... done
processing projection extended ... done


############### export maps & scraps selection #################
S     -.-- @ ()
########## end of export maps & scraps selection ###############
writing Outputs/Cupp-Coutun-coupe.pdf ...
####################### metapost log file ########################
This is MetaPost, version 2.01 (TeX Live 2021/W32TeX) (kpathsea version 6.3.3)  6 MAY 2024 09:47
**data.mp
(c:/Program Files (x86)/Therion/texmf/mpost/mpost.mp
(c:/Program Files (x86)/Therion/texmf/mpost/plain.mp
Preloading the plain mem file, version 1.005) ) (./data.mp
{randomseed:=42}
 [1] [2] [3] [4]
[5] [6] [7] [8] [9] [10] [11] [12] [13] [14]
[15] [1] [2] (./mptextmp.mp) [3] (./mptextmp.mp) [4] )
 
Here is how much of MetaPost's memory you used:
 12676 strings using 388246 characters
 2795612 bytes of node memory
 1745 symbolic tokens
 8i,82n,16p,416b,5f stack positions out of 16i,98n,20p,487b,6f
19 output files written: data-patt.1 .. data-patt.15


#################### end of metapost log file ####################
converting scraps ... done
making map ... done
######################## pdftex log file #########################
This is pdfTeX, Version 3.141592653-2.6-1.40.22 (TeX Live 2021/W32TeX) (preloaded format=pdftex 2021.6.19)  6 MAY 2024 09:47
entering extended mode
**data.tex
(./data.tex (./th_enc.tex) (./th_texts.tex) (./th_resources.tex
(c:/Program Files (x86)/Therion/texmf/tex/glyphtounicode.tex))
(./th_fontdef.tex{c:/Program Files (x86)/Therion/texmf/fonts/pdftex.map})
(./th_formdef.tex) (./th_pagedef.tex) (./th_pages.tex)
 51 numeric registers used out of 32768
 [1] ) 
Here is how much of TeX's memory you used:
 278 strings out of 94604
 3886 string characters out of 1142524
 151816 words of memory out of 5125544
 1933 multiletter control sequences out of 15000+50000
 20080 words of font info for 63 fonts, out of 1000000 for 2000
 1416 hyphenation exceptions out of 5000
 9i,5n,6p,229b,56s stack positions out of 5000i,500n,10000p,200000b,50000s
<c:/Program Files (x86)/Therion/texmf/fonts/type1/cmss10.pfb><c:/Program 
Files (x86)/Therion/texmf/fonts/type1/cmssi10.pfb>
Output written on data.pdf (1 page, 60307 bytes).
PDF statistics:
 38 PDF objects out of 1000 (max. 8388607)
 23 compressed objects within 1 object stream
 0 named destinations out of 1000 (max. 500000)
 67 words of extra memory for PDF output out of 10000 (max. 10000000)


##################### end of pdftex log file #####################
done
processing projection plan ... done


############### export maps & scraps selection #################
S     -.-- @ ()
########## end of export maps & scraps selection ###############
writing Outputs/Cupp-Coutun-plan.pdf ...
####################### metapost log file ########################
This is MetaPost, version 2.01 (TeX Live 2021/W32TeX) (kpathsea version 6.3.3)  6 MAY 2024 09:47
**data.mp
(c:/Program Files (x86)/Therion/texmf/mpost/mpost.mp
(c:/Program Files (x86)/Therion/texmf/mpost/plain.mp
Preloading the plain mem file, version 1.005) ) (./data.mp
{randomseed:=42}
 [1] [2] [3] [4]
[5] [6] [7] [8] [9] [10] [11] [12] [13] [14]
[15] [1] [2] (./mptextmp.mp) [3] (./mptextmp.mp) (./mptextmp.mp) (./mptextmp.mp
) (./mptextmp.mp) (./mptextmp.mp) (./mptextmp.mp) [4] (./mptextmp.mp)
(./mptextmp.mp) (./mptextmp.mp) (./mptextmp.mp) (./mptextmp.mp) (./mptextmp.mp)
(./mptextmp.mp) (./mptextmp.mp) [5] )
 
Here is how much of MetaPost's memory you used:
 12960 strings using 407308 characters
 2804288 bytes of node memory
 1746 symbolic tokens
 10i,82n,19p,452b,5f stack positions out of 16i,98n,20p,487b,6f
20 output files written: data-patt.1 .. data-patt.15


#################### end of metapost log file ####################
converting scraps ... done
making map ... done
######################## pdftex log file #########################
This is pdfTeX, Version 3.141592653-2.6-1.40.22 (TeX Live 2021/W32TeX) (preloaded format=pdftex 2021.6.19)  6 MAY 2024 09:47
entering extended mode
**data.tex
(./data.tex (./th_enc.tex) (./th_texts.tex) (./th_resources.tex
(c:/Program Files (x86)/Therion/texmf/tex/glyphtounicode.tex))
(./th_fontdef.tex{c:/Program Files (x86)/Therion/texmf/fonts/pdftex.map}<<th_go
ur_aaaaaaa.dat>>)
(./th_formdef.tex) (./th_pagedef.tex (./th_legendcolor.tex)) (./th_pages.tex)
 59 numeric registers used out of 32768

[1] ) 
Here is how much of TeX's memory you used:
 315 strings out of 94604
 4202 string characters out of 1142524
 159493 words of memory out of 5133221
 1967 multiletter control sequences out of 15000+50000
 21229 words of font info for 66 fonts, out of 1000000 for 2000
 1416 hyphenation exceptions out of 5000
 10i,6n,8p,388b,66s stack positions out of 5000i,500n,10000p,200000b,50000s
<c:/Program Files (x86)/Therion/texmf/fonts/type1/cmss10.pfb><c:/Program F
iles (x86)/Therion/texmf/fonts/type1/cmssi10.pfb><c:/Program Files (x86)/Therio
n/texmf/fonts/type1/csss10.pfb><c:/Program Files (x86)/Therion/texmf/fonts/type
1/csssi10.pfb>
Output written on data.pdf (1 page, 73892 bytes).
PDF statistics:
 62 PDF objects out of 1000 (max. 8388607)
 39 compressed objects within 1 object stream
 0 named destinations out of 1000 (max. 500000)
 117 words of extra memory for PDF output out of 10000 (max. 10000000)


##################### end of pdftex log file #####################
done
writing Outputs/Cupp-Coutun.lox ... done
writing Outputs/Cupp-Coutun.kml ... done
writing Outputs/Cupp-Coutun-model.kml ... done
writing Outputs/Cupp-Coutun.html ... done
writing xtherion file ... done
compilation time: 3 sec


######################### loop errors ##########################
REL-ERR ABS-ERR TOTAL-L STS X-ERROR Y-ERROR Z-ERROR STATIONS
  8.52%   55.8m  655.4m  30   55.0m   -0.0m    9.8m [00@Cap_Coutun.Cupp-Coutun-Entree.Cupp-Coutun - 1 - 2 - 3 - 4 - 5 - 6 - 7 - 8 - 9 - 10 - 11 - PTR_FR24_A21_12 = PTR_FR24_A21_00@Cup_Coutun_01.Philippe-01-tot.Cupp-Coutun - 1 - 2 - 3 - 4 - 5 - 6 - 7 - 8 - 9 - 10 - 11 - 12 - 13 - 14 - 15 - 16 - 17 - 18]
  1.12%    8.5m  754.3m  42   -0.6m   -1.2m    8.4m [38@Cap_Coutun.Cupp-Coutun-Entree.Cupp-Coutun - 87 - 86 - 85 - 84 - 83 - 82 - 81 - 80 - 79 - 78 - 77 - 76 - 75 - 74 - 73 - 72 - 69 - 68 - 67 - 66 - 65 - 64 - 61 - 60 - 59 - 58 - 53 - 52 - 51 - 50 - 49 - 48 - 47 - 46 - 45 - PTR_FR24_A16_44 - 43 - 42 - 41 - 40 - 39 - 38]
##################### end of loop errors #######################

############# CRS transformations chosen by PROJ ###############
  Area of Use (AoU): (66.408, 37.638) (66.411, 37.642)
  [LONG-LAT â†’ LAT-LONG] AoU: [no] transformation: [axis order change (2D) + Null geographic offset from WGS 84 to WGS 84 + axis order change (2D)] definition: [proj=noop ellps=GRS80] accuracy: [0.000 m]
  [LONG-LAT â†’ LAT-LONG] AoU: [yes] transformation: [axis order change (2D) + Null geographic offset from WGS 84 to WGS 84 + axis order change (2D)] definition: [proj=noop ellps=GRS80] accuracy: [0.000 m]
  [LONG-LAT â†’ UTM42] AoU: [yes] transformation: [axis order change (2D) + UTM zone 42N] definition: [proj=pipeline step proj=unitconvert xy_in=deg xy_out=rad step proj=utm zone=42 ellps=WGS84] accuracy: [0.000 m]
  [LONG-LAT â†’ EPSG:4326] AoU: [yes] transformation: [axis order change (2D) + Null geographic offset from WGS 84 to WGS 84 + axis order change (2D)] definition: [proj=noop ellps=GRS80] accuracy: [0.000 m]
  [UTM42 â†’ LONG-LAT] AoU: [yes] transformation: [Inverse of UTM zone 42N + axis order change (2D)] definition: [proj=pipeline step inv proj=utm zone=42 ellps=WGS84 step proj=unitconvert xy_in=rad xy_out=deg] accuracy: [0.000 m]
  [UTM42 â†’ UTM42] AoU: [yes] transformation: [Inverse of UTM zone 42N + UTM zone 42N] definition: [proj=noop ellps=GRS80] accuracy: [0.000 m]
  [UTM42 â†’ EPSG:4326] AoU: [yes] transformation: [Inverse of UTM zone 42N + axis order change (2D)] definition: [proj=pipeline step inv proj=utm zone=42 ellps=WGS84 step proj=unitconvert xy_in=rad xy_out=deg] accuracy: [0.000 m]
  [EPSG:4326 â†’ UTM42] AoU: [yes] transformation: [axis order change (2D) + UTM zone 42N] definition: [proj=pipeline step proj=unitconvert xy_in=deg xy_out=rad step proj=utm zone=42 ellps=WGS84] accuracy: [0.000 m]
########## end of CRS transformations chosen by PROJ ###########
