therion 6.1.8 (2023-06-14)
  - using Proj 9.2.1, compiled against 9.2.1
initialization file: C:\Program Files (x86)\Therion/therion.ini
reading ... done
configuration file: Alex5.thconfig
reading ... done
reading source files ... done
preprocessing database ... done
scanning centreline tree ... done
searching for centerline loops ... done
calculating station coordinates ... done
processing survey data ... 
####################### cavern log file ########################
 1> Survex 1.4.3
 2> Copyright ¸ 1990-2021 Olly Betts
 3> La topographie n'a pas de points fixes. Par cons‚quent j'ai fix‚ 1 … (0,0,0)
 4> 
 5> La topographie contient 92 stations, connect‚es par 91 vis‚es.
 6> Il y a 1 bouclage.
 7> La topographie contient 2 composants connect‚s.
 8> Longueur totale de la topographie =  161.44m ( 161.44m ajust‚)
 9> Longueur totale en projection horizontale =  160.20m
10> Longueur totale verticale =   15.77m
11> Intervalle vertical = 22.84m (de 92 … 21.19m jusqu'… 25 … -1.65m)
12> Intervalle Nord-Sud = 89.89m (de 10 … 4.42m jusqu'… 87 … -85.46m)
13> Intervalle Est-Ouest = 90.06m (de 79 … 86.79m jusqu'… 5 … -3.27m)
14>   82 1-noeuds.
15>    1 8-noeud.
16>    2 9-noeuds.
17>    4 10-noeuds.
18>    2 11-noeuds.
19>    1 12-noeud.
20> 
######################### transcription ########################
 3> 1 : PTR_FR24_A10_00@Geophyscaya_05.Alex5
 5> 92 : .@Geophyscaya_05.Alex5 -- 91 : .@Geophyscaya_05.Alex5
 6> 1 : PTR_FR24_A10_00@Geophyscaya_05.Alex5
 7> 2 : .@Geophyscaya_05.Alex5
11> 92 : .@Geophyscaya_05.Alex5 -- 25 : .@Geophyscaya_05.Alex5
12> 10 : 1@Geophyscaya_05.Alex5 -- 87 : .@Geophyscaya_05.Alex5
13> 79 : .@Geophyscaya_05.Alex5 -- 5 : .@Geophyscaya_05.Alex5
14> 82 : PTR_FR24_B58_11@Geophyscaya_05.Alex5
15> 1 : PTR_FR24_A10_00@Geophyscaya_05.Alex5
16> 2 : .@Geophyscaya_05.Alex5
17> 4 : .@Geophyscaya_05.Alex5
18> 2 : .@Geophyscaya_05.Alex5
19> 1 : PTR_FR24_A10_00@Geophyscaya_05.Alex5
#################### end of cavern log file ####################
done
calculating basic statistics ... done
processing extended elevation ... done
processing references ... 
C:\Program Files (x86)\Therion\therion.exe: warning -- Alex5.thconfig [56] -- source layout not found -- Coords_Header_CDa
done
selecting export objects ... 
C:\Program Files (x86)\Therion\therion.exe: warning -- Alex5.thconfig [303] -- object not found -- "MP-Alex5-plan"

C:\Program Files (x86)\Therion\therion.exe: warning -- Alex5.thconfig [304] -- object not found -- "MC-Alex5-coupe"
done
processing projection plan ... done
average distortion: 0.00%
writing Data/Alex5-map.xvi ... done
processing projection extended ... done


############### export maps & scraps selection #################
S     -.-- @ ()
########## end of export maps & scraps selection ###############
writing Outputs/Alex5-coupe.pdf ...
####################### metapost log file ########################
This is MetaPost, version 2.01 (TeX Live 2021/W32TeX) (kpathsea version 6.3.3)  21 APR 2024 13:11
**data.mp
(c:/Program Files (x86)/Therion/texmf/mpost/mpost.mp
(c:/Program Files (x86)/Therion/texmf/mpost/plain.mp
Preloading the plain mem file, version 1.005) ) (./data.mp
{randomseed:=42}
 [1] [2] [3] [4]
[5] [6] [7] [8] [9] [10] [11] [12] [13] [14]
[15] [1] [2] (./mptextmp.mp) [3] (./mptextmp.mp) [4] )
 
Here is how much of MetaPost's memory you used:
 2813 strings using 79647 characters
 2525564 bytes of node memory
 1743 symbolic tokens
 8i,82n,16p,312b,5f stack positions out of 16i,98n,20p,312b,6f
19 output files written: data-patt.1 .. data-patt.15


#################### end of metapost log file ####################
converting scraps ... done
making map ... done
######################## pdftex log file #########################
This is pdfTeX, Version 3.141592653-2.6-1.40.22 (TeX Live 2021/W32TeX) (preloaded format=pdftex 2021.6.19)  21 APR 2024 13:11
entering extended mode
**data.tex
(./data.tex (./th_enc.tex) (./th_texts.tex) (./th_resources.tex
(c:/Program Files (x86)/Therion/texmf/tex/glyphtounicode.tex))
(./th_fontdef.tex{c:/Program Files (x86)/Therion/texmf/fonts/pdftex.map})
(./th_formdef.tex) (./th_pagedef.tex) (./th_pages.tex)
 51 numeric registers used out of 32768
 [1] ) 
Here is how much of TeX's memory you used:
 273 strings out of 94604
 3855 string characters out of 1142524
 30072 words of memory out of 5014800
 1930 multiletter control sequences out of 15000+50000
 16503 words of font info for 54 fonts, out of 1000000 for 2000
 1416 hyphenation exceptions out of 5000
 7i,5n,6p,229b,42s stack positions out of 5000i,500n,10000p,200000b,50000s
<c:/Program Files (x86)/Therion/texmf/fonts/type1/cmss10.pfb>
Output written on data.pdf (1 page, 18105 bytes).
PDF statistics:
 33 PDF objects out of 1000 (max. 8388607)
 20 compressed objects within 1 object stream
 0 named destinations out of 1000 (max. 500000)
 67 words of extra memory for PDF output out of 10000 (max. 10000000)


##################### end of pdftex log file #####################
done


############### export maps & scraps selection #################
M     3.07 MP-Alex5@Alex5 (Alex5)
S     3.07 SP-Alex5-1@Alex5 ()
########## end of export maps & scraps selection ###############
writing Outputs/Alex5-plan.pdf ...
####################### metapost log file ########################
This is MetaPost, version 2.01 (TeX Live 2021/W32TeX) (kpathsea version 6.3.3)  21 APR 2024 13:11
**data.mp
(c:/Program Files (x86)/Therion/texmf/mpost/mpost.mp
(c:/Program Files (x86)/Therion/texmf/mpost/plain.mp
Preloading the plain mem file, version 1.005) ) (./data.mp
{randomseed:=42}
 [1] [2] [3] [4]
[5] [6] [7] [8] [9] [10] [11] [12] [13] [14]
[15] [1]
[Warning: scrap outline intersects itself in scrap SP-Alex5-1@Alex5] [2] [3]
[4] (./mptextmp.mp) [5] (./mptextmp.mp) (./mptextmp.mp) (./mptextmp.mp)
(./mptextmp.mp) (./mptextmp.mp) (./mptextmp.mp) [6] )
 
Here is how much of MetaPost's memory you used:
 3840 strings using 101736 characters
 2842472 bytes of node memory
 1745 symbolic tokens
 9i,82n,16p,312b,5f stack positions out of 16i,98n,20p,312b,6f
21 output files written: data-patt.1 .. data-patt.15


#################### end of metapost log file ####################
converting scraps ... done
making map ... done
######################## pdftex log file #########################
This is pdfTeX, Version 3.141592653-2.6-1.40.22 (TeX Live 2021/W32TeX) (preloaded format=pdftex 2021.6.19)  21 APR 2024 13:11
entering extended mode
**data.tex
(./data.tex (./th_enc.tex) (./th_texts.tex) (./th_resources.tex
(c:/Program Files (x86)/Therion/texmf/tex/glyphtounicode.tex))
(./th_fontdef.tex{c:/Program Files (x86)/Therion/texmf/fonts/pdftex.map})
(./th_formdef.tex) (./th_pagedef.tex) (./th_pages.tex)
 55 numeric registers used out of 32768
 [1] ) 
Here is how much of TeX's memory you used:
 303 strings out of 94604
 4111 string characters out of 1142524
 67259 words of memory out of 5045987
 1958 multiletter control sequences out of 15000+50000
 20080 words of font info for 63 fonts, out of 1000000 for 2000
 1416 hyphenation exceptions out of 5000
 9i,5n,8p,712b,53s stack positions out of 5000i,500n,10000p,200000b,50000s
<c:/Program Files (x86)/Therion/texmf/fonts/type1/cmss10.pfb><c:/Program 
Files (x86)/Therion/texmf/fonts/type1/cmssi10.pfb><c:/Program Files (x86)/Theri
on/texmf/fonts/type1/csss10.pfb><c:/Program Files (x86)/Therion/texmf/fonts/typ
e1/csssi10.pfb>
Output written on data.pdf (1 page, 55687 bytes).
PDF statistics:
 58 PDF objects out of 1000 (max. 8388607)
 34 compressed objects within 1 object stream
 0 named destinations out of 1000 (max. 500000)
 97 words of extra memory for PDF output out of 10000 (max. 10000000)


##################### end of pdftex log file #####################
done
writing Outputs/Alex5.lox .... done
C:\Program Files (x86)\Therion\therion.exe: warning -- data not georeferenced -- unable to export KML file
C:\Program Files (x86)\Therion\therion.exe: warning -- data not georeferenced -- unable to export KML file
writing Outputs/Alex5.html ... done
writing xtherion file ... done
compilation time: 18 sec


###################### scrap distortions #######################
 PROJECTION: plan
 AVERAGE  MAXIMAL  SCRAP
   0.00%    0.01%  SP-Alex5-1@Alex5
################### end of scrap distortions ###################
