therion 6.1.8 (2023-06-14)
  - using Proj 9.2.1, compiled against 9.2.1
initialization file: C:\Program Files (x86)\Therion/therion.ini
reading ... done
configuration file: Ahmethan.thconfig
reading ... done
reading source files ... done
preprocessing database ... done
output coordinate system: UTM42
meridian convergence (deg): 1.4432
geomag declinations (deg):
  2024.1.1  4.7130
  2025.1.1  4.7572
scanning centreline tree ... done
searching for centerline loops ... done
calculating station coordinates ... done
processing survey data ... 
####################### cavern log file ########################
 1> Survex 1.4.3
 2> Copyright ¸ 1990-2021 Olly Betts
 3> 
 4> La topographie contient 73 stations, connect‚es par 72 vis‚es.
 5> Il y a 1 bouclage.
 6> La topographie contient 2 composants connect‚s.
 7> Longueur totale de la topographie =  130.07m ( 130.07m ajust‚)
 8> Longueur totale en projection horizontale =  106.06m
 9> Longueur totale verticale =   68.07m
10> Intervalle vertical = 38.79m (de 1 … 1300.00m jusqu'… 9 … 1261.21m)
11> Intervalle Nord-Sud = 59.09m (de 59 … 4202405.52m jusqu'… 22 … 4202346.43m)
12> Intervalle Est-Ouest = 29.35m (de 37 … 293863.17m jusqu'… 8 … 293833.83m)
13>   60 1-noeuds.
14>    2 2-noeuds.
15>    2 5-noeuds.
16>    4 6-noeuds.
17>    2 7-noeuds.
18>    1 8-noeud.
19>    1 9-noeud.
20>    1 15-noeud.
21> 
######################### transcription ########################
 4> 73 : .@Ahmethan.Ahmethan -- 72 : .@Ahmethan.Ahmethan
 5> 1 : 0@Ahmethan.Ahmethan
 6> 2 : 1@Ahmethan.Ahmethan
10> 1 : 0@Ahmethan.Ahmethan -- 9 : 8@Ahmethan.Ahmethan
11> 59 : .@Ahmethan.Ahmethan -- 22 : .@Ahmethan.Ahmethan
12> 37 : .@Ahmethan.Ahmethan -- 8 : 7@Ahmethan.Ahmethan
13> 60 : .@Ahmethan.Ahmethan
14> 2 : 1@Ahmethan.Ahmethan
15> 2 : 1@Ahmethan.Ahmethan
16> 4 : 3@Ahmethan.Ahmethan
17> 2 : 1@Ahmethan.Ahmethan
18> 1 : 0@Ahmethan.Ahmethan
19> 1 : 0@Ahmethan.Ahmethan
20> 1 : 0@Ahmethan.Ahmethan
#################### end of cavern log file ####################
done
calculating basic statistics ... done
processing extended elevation ... done
processing references ... done
selecting export objects ... done
processing projection plan ... done
average distortion: 2.08%
writing Data/Ahmethan-map.xvi ... done


############### export maps & scraps selection #################
M  1273.25 MP-Ahmethan@Ahmethan (Ahmethan Gypsum Cave nÂ° 2)
S  1273.25 SP-Ahmethan2@Ahmethan ()
S  1273.25 SP-Ahmethan1@Ahmethan ()
########## end of export maps & scraps selection ###############
writing Outputs/Ahmethan-plan.pdf ...
####################### metapost log file ########################
This is MetaPost, version 2.01 (TeX Live 2021/W32TeX) (kpathsea version 6.3.3)  12 MAY 2024 18:17
**data.mp
(c:/Program Files (x86)/Therion/texmf/mpost/mpost.mp
(c:/Program Files (x86)/Therion/texmf/mpost/plain.mp
Preloading the plain mem file, version 1.005) ) (./data.mp
{randomseed:=42}
 [1] [2] [3] [4]
[5] [6] [7] [8] [9] [10] [11] [12] [13] [14]
[15] [1]
[Warning: scrap outline intersects itself in scrap SP-Ahmethan1@Ahmethan] [2]
[3] [4] [5] [6] (./mptextmp.mp) [7] (./mptextmp.mp) (./mptextmp.mp)
(./mptextmp.mp) (./mptextmp.mp) (./mptextmp.mp) (./mptextmp.mp) [8]
(./mptextmp.mp) (./mptextmp.mp) (./mptextmp.mp) (./mptextmp.mp) (./mptextmp.mp)
(./mptextmp.mp) (./mptextmp.mp) (./mptextmp.mp) [9] )
 
Here is how much of MetaPost's memory you used:
 3222 strings using 78318 characters
 2757768 bytes of node memory
 1745 symbolic tokens
 10i,82n,19p,456b,5f stack positions out of 16i,98n,22p,487b,6f
24 output files written: data-patt.1 .. data-patt.15


#################### end of metapost log file ####################
converting scraps ... done
making map ... done
######################## pdftex log file #########################
This is pdfTeX, Version 3.141592653-2.6-1.40.22 (TeX Live 2021/W32TeX) (preloaded format=pdftex 2021.6.19)  12 MAY 2024 18:17
entering extended mode
**data.tex
(./data.tex (./th_enc.tex) (./th_texts.tex) (./th_resources.tex
(c:/Program Files (x86)/Therion/texmf/tex/glyphtounicode.tex))
(./th_fontdef.tex{c:/Program Files (x86)/Therion/texmf/fonts/pdftex.map}<<th_go
ur_aaaaaaa.dat>><<th_gour_aaaaaab.dat>>)
(./th_formdef.tex) (./th_pagedef.tex (./th_legendcolor.tex)) (./th_pages.tex)
 69 numeric registers used out of 32768

[1] ) 
Here is how much of TeX's memory you used:
 325 strings out of 94604
 4317 string characters out of 1142524
 78007 words of memory out of 5058735
 1977 multiletter control sequences out of 15000+50000
 21229 words of font info for 66 fonts, out of 1000000 for 2000
 1416 hyphenation exceptions out of 5000
 10i,6n,8p,712b,68s stack positions out of 5000i,500n,10000p,200000b,50000s
<c:/Program Files (x86)/Therion/texmf/fonts/type1/cmss10.pfb><c:/Program F
iles (x86)/Therion/texmf/fonts/type1/cmssi10.pfb><c:/Program Files (x86)/Therio
n/texmf/fonts/type1/csss10.pfb><c:/Program Files (x86)/Therion/texmf/fonts/type
1/csssi10.pfb>
Output written on data.pdf (1 page, 64829 bytes).
PDF statistics:
 85 PDF objects out of 1000 (max. 8388607)
 50 compressed objects within 1 object stream
 0 named destinations out of 1000 (max. 500000)
 189 words of extra memory for PDF output out of 10000 (max. 10000000)


##################### end of pdftex log file #####################
done
writing Outputs/Ahmethan.lox ....
C:\Program Files (x86)\Therion\therion.exe: warning -- SP-Ahmethan1@Ahmethan -- multiple scrap outer outlines not supported yet
. done
writing Outputs/Ahmethan.kml ... done
writing Outputs/Ahmethan-model.kml ... done
writing Outputs/Ahmethan.html ... done
compilation time: 3 sec


###################### scrap distortions #######################
 PROJECTION: plan
 AVERAGE  MAXIMAL  SCRAP
   0.76%   56.17%  SP-Ahmethan1@Ahmethan
  23.29%   42.86%  SP-Ahmethan2@Ahmethan
################### end of scrap distortions ###################

############# CRS transformations chosen by PROJ ###############
  Area of Use (AoU): (66.654, 37.945) (66.654, 37.945)
  [LONG-LAT â†’ LAT-LONG] AoU: [no] transformation: [axis order change (2D) + Null geographic offset from WGS 84 to WGS 84 + axis order change (2D)] definition: [proj=noop ellps=GRS80] accuracy: [0.000 m]
  [LONG-LAT â†’ LAT-LONG] AoU: [yes] transformation: [axis order change (2D) + Null geographic offset from WGS 84 to WGS 84 + axis order change (2D)] definition: [proj=noop ellps=GRS80] accuracy: [0.000 m]
  [LONG-LAT â†’ UTM42] AoU: [yes] transformation: [axis order change (2D) + UTM zone 42N] definition: [proj=pipeline step proj=unitconvert xy_in=deg xy_out=rad step proj=utm zone=42 ellps=WGS84] accuracy: [0.000 m]
  [LONG-LAT â†’ EPSG:4326] AoU: [yes] transformation: [axis order change (2D) + Null geographic offset from WGS 84 to WGS 84 + axis order change (2D)] definition: [proj=noop ellps=GRS80] accuracy: [0.000 m]
  [UTM42 â†’ LONG-LAT] AoU: [yes] transformation: [Inverse of UTM zone 42N + axis order change (2D)] definition: [proj=pipeline step inv proj=utm zone=42 ellps=WGS84 step proj=unitconvert xy_in=rad xy_out=deg] accuracy: [0.000 m]
  [UTM42 â†’ UTM42] AoU: [yes] transformation: [Inverse of UTM zone 42N + UTM zone 42N] definition: [proj=noop ellps=GRS80] accuracy: [0.000 m]
  [UTM42 â†’ EPSG:4326] AoU: [yes] transformation: [Inverse of UTM zone 42N + axis order change (2D)] definition: [proj=pipeline step inv proj=utm zone=42 ellps=WGS84 step proj=unitconvert xy_in=rad xy_out=deg] accuracy: [0.000 m]
  [EPSG:4326 â†’ UTM42] AoU: [yes] transformation: [axis order change (2D) + UTM zone 42N] definition: [proj=pipeline step proj=unitconvert xy_in=deg xy_out=rad step proj=utm zone=42 ellps=WGS84] accuracy: [0.000 m]
########## end of CRS transformations chosen by PROJ ###########
