therion 6.2.0+dev (compiled on 2024-03-19)
  - using Proj 6.3.2, compiled against 6.3.2
initialization file: /usr/local/etc/therion.ini
reading ... done
checking optional fonts csr10 csti10 csbx10 csss10 csssi10 ... OK
checking optional fonts cmcyr10 cmcti10 cmcbx10 cmcss10 cmcssi10 ... OK
configuration file: GeophysicalskayaXR4.thconfig
reading ... done
reading source files ... done
preprocessing database ... done
scanning centreline tree ... done
searching for centerline loops ... done
calculating station coordinates ... done
processing survey data ... 
####################### cavern log file ########################
 1> Survex 1.4.5
 2> Copyright © 1990-2021 Olly Betts
 3> La topographie n’a pas de points fixes. Par conséquent j’ai fixé 1 à (0,0,0)
 4> 
 5> La topographie contient 752 stations, connectées par 751 visées.
 6> Il y a 1 bouclage.
 7> La topographie contient 2 composants connectés.
 8> Longueur totale de la topographie = 1019.65m (1019.65m ajusté)
 9> Longueur totale en projection horizontale =  987.16m
10> Longueur totale verticale =  154.46m
11> Intervalle vertical = 45.78m (de 575 à 25.52m jusqu’à 340 à -20.25m)
12> Intervalle Nord-Sud = 191.02m (de 479 à 73.82m jusqu’à 728 à -117.20m)
13> Intervalle Est-Ouest = 299.29m (de 535 à 297.05m jusqu’à 354 à -2.23m)
14>  705 1-nœuds.
15>    4 2-nœuds.
16>    1 3-nœud.
17>    1 4-nœud.
18>    1 5-nœud.
19>    1 8-nœud.
20>    1 9-nœud.
21>    1 11-nœud.
22>    1 12-nœud.
23>    2 13-nœuds.
24>    4 14-nœuds.
25>    2 15-nœuds.
26>    3 16-nœuds.
27>    3 17-nœuds.
28>    3 18-nœuds.
29>    2 19-nœuds.
30>    2 20-nœuds.
31>    4 21-nœuds.
32>    1 23-nœud.
33>    1 24-nœud.
34>    1 25-nœud.
35>    3 26-nœuds.
36>    1 27-nœud.
37>    1 28-nœud.
38>    1 32-nœud.
39>    1 33-nœud.
40>    1 40-nœud.
41> 
######################### transcription ########################
 3> 1 : A20@GeophysicalskayaXR4.GeophysicalskayaXR4
 5> 752 : 63@GeophysicalskayaXR4.GeophysicalskayaXR4 -- 751 : 62@GeophysicalskayaXR4.GeophysicalskayaXR4
 6> 1 : A20@GeophysicalskayaXR4.GeophysicalskayaXR4
 7> 2 : .@GeophysicalskayaXR4.GeophysicalskayaXR4
11> 575 : .@GeophysicalskayaXR4.GeophysicalskayaXR4 -- 340 : .@GeophysicalskayaXR4.GeophysicalskayaXR4
12> 479 : .@GeophysicalskayaXR4.GeophysicalskayaXR4 -- 728 : .@GeophysicalskayaXR4.GeophysicalskayaXR4
13> 535 : 43b@GeophysicalskayaXR4.GeophysicalskayaXR4 -- 354 : 28@GeophysicalskayaXR4.GeophysicalskayaXR4
14> 705 : .@GeophysicalskayaXR4.GeophysicalskayaXR4
15> 4 : .@GeophysicalskayaXR4.GeophysicalskayaXR4
16> 1 : A20@GeophysicalskayaXR4.GeophysicalskayaXR4
17> 1 : A20@GeophysicalskayaXR4.GeophysicalskayaXR4
18> 1 : A20@GeophysicalskayaXR4.GeophysicalskayaXR4
19> 1 : A20@GeophysicalskayaXR4.GeophysicalskayaXR4
20> 1 : A20@GeophysicalskayaXR4.GeophysicalskayaXR4
21> 1 : A20@GeophysicalskayaXR4.GeophysicalskayaXR4
22> 1 : A20@GeophysicalskayaXR4.GeophysicalskayaXR4
23> 2 : .@GeophysicalskayaXR4.GeophysicalskayaXR4
24> 4 : .@GeophysicalskayaXR4.GeophysicalskayaXR4
25> 2 : .@GeophysicalskayaXR4.GeophysicalskayaXR4
26> 3 : .@GeophysicalskayaXR4.GeophysicalskayaXR4
27> 3 : .@GeophysicalskayaXR4.GeophysicalskayaXR4
28> 3 : .@GeophysicalskayaXR4.GeophysicalskayaXR4
29> 2 : .@GeophysicalskayaXR4.GeophysicalskayaXR4
30> 2 : .@GeophysicalskayaXR4.GeophysicalskayaXR4
31> 4 : .@GeophysicalskayaXR4.GeophysicalskayaXR4
32> 1 : A20@GeophysicalskayaXR4.GeophysicalskayaXR4
33> 1 : A20@GeophysicalskayaXR4.GeophysicalskayaXR4
34> 1 : A20@GeophysicalskayaXR4.GeophysicalskayaXR4
35> 3 : .@GeophysicalskayaXR4.GeophysicalskayaXR4
36> 1 : A20@GeophysicalskayaXR4.GeophysicalskayaXR4
37> 1 : A20@GeophysicalskayaXR4.GeophysicalskayaXR4
38> 1 : A20@GeophysicalskayaXR4.GeophysicalskayaXR4
39> 1 : A20@GeophysicalskayaXR4.GeophysicalskayaXR4
40> 1 : A20@GeophysicalskayaXR4.GeophysicalskayaXR4
#################### end of cavern log file ####################
done
calculating basic statistics ... done
processing extended elevation ... done
processing references ... 
therion: warning -- GeophysicalskayaXR4.thconfig [56] -- source layout not found -- Coords_Header_CDa
done
selecting export objects ... 
therion: warning -- GeophysicalskayaXR4.thconfig [303] -- object not found -- "MP-GeophysicalskayaXR4-plan"

therion: warning -- GeophysicalskayaXR4.thconfig [304] -- object not found -- "MC-GeophysicalskayaXR4-coupe"
done
processing projection plan ... done
average distortion: 0.00%
writing Data/GeophysicalskayaXR4-map.xvi ... done
processing projection extended ... done


############### export maps & scraps selection #################
S     -.-- @ ()
########## end of export maps & scraps selection ###############
writing Outputs/GeophysicalskayaXR4-coupe.pdf ...
####################### metapost log file ########################
This is MetaPost, version 1.999 (TeX Live 2015) (kpathsea version 6.2.1)  18 APR 2024 16:20
**data.mp
(/usr/local/texlive/2015/texmf-dist/metapost/base/mpost.mp
(/usr/local/texlive/2015/texmf-dist/metapost/base/plain.mp
Preloading the plain mem file, version 1.005) ) (./data.mp
{randomseed:=42}
 [1] [2] [3] [4]
[5] [6] [7] [8] [9] [10] [11] [12] [13] [14]
[15] [1] [2] (./mptextmp.mp) [3] (./mptextmp.mp) [4] )
 
Here is how much of MetaPost's memory you used:
 8304 strings using 243529 characters
 3846952 bytes of node memory
 1740 symbolic tokens
 8i,81n,16p,312b,5f stack positions out of 16i,96n,20p,312b,6f
19 output files written: data-patt.1 .. data-patt.15


#################### end of metapost log file ####################
converting scraps ... done
making map ... done
######################## pdftex log file #########################
This is pdfTeX, Version 3.14159265-2.6-1.40.16 (TeX Live 2015) (preloaded format=pdftex 2016.5.13)  18 APR 2024 16:20
entering extended mode
 restricted \write18 enabled.
 %&-line parsing enabled.
**data.tex
(./data.tex (./th_enc.tex) (./th_texts.tex) (./th_resources.tex
(/usr/local/texlive/2015/texmf-dist/tex/generic/pdftex/glyphtounicode.tex))
(./th_fontdef.tex{/usr/local/texlive/2015/texmf-var/fonts/map/pdftex/updmap/pdf
tex.map})
(./th_formdef.tex) (./th_pagedef.tex) (./th_pages.tex)
 51 numeric registers used out of 32768
 [1] ) 
Here is how much of TeX's memory you used:
 273 strings out of 494671
 3884 string characters out of 6148971
 102889 words of memory out of 5000000
 1906 multiletter control sequences out of 15000+600000
 16503 words of font info for 54 fonts, out of 8000000 for 9000
 1420 hyphenation exceptions out of 8191
 7i,5n,6p,322b,42s stack positions out of 5000i,500n,10000p,200000b,80000s
</usr/local/texlive/2015/texmf-dist/fonts/type1/public/amsfonts/cm/cmss10
.pfb>
Output written on data.pdf (1 page, 35164 bytes).
PDF statistics:
 33 PDF objects out of 1000 (max. 8388607)
 20 compressed objects within 1 object stream
 0 named destinations out of 1000 (max. 500000)
 67 words of extra memory for PDF output out of 10000 (max. 10000000)


##################### end of pdftex log file #####################
done


############### export maps & scraps selection #################
M    -2.09 MP-GeophysicalskayaXR4@GeophysicalskayaXR4 (GeophysicalskayaXR4)
S    -4.51 SP-Xav4-1@GeophysicalskayaXR4 ()
S     4.55 SP-Xav4-3@GeophysicalskayaXR4 ()
S    -6.31 SP-Xav4-2@GeophysicalskayaXR4 ()
########## end of export maps & scraps selection ###############
writing Outputs/GeophysicalskayaXR4-plan.pdf ...
####################### metapost log file ########################
This is MetaPost, version 1.999 (TeX Live 2015) (kpathsea version 6.2.1)  18 APR 2024 16:20
**data.mp
(/usr/local/texlive/2015/texmf-dist/metapost/base/mpost.mp
(/usr/local/texlive/2015/texmf-dist/metapost/base/plain.mp
Preloading the plain mem file, version 1.005) ) (./data.mp
{randomseed:=42}
 [1] [2] [3] [4]
[5] [6] [7] [8] [9] [10] [11] [12] [13] [14]
[15] [1] [2] [3] [4] [5] [6] [7] [8] [9] [10] [11] [12] (./mptextmp.mp) [13]
(./mptextmp.mp) (./mptextmp.mp) (./mptextmp.mp) (./mptextmp.mp) (./mptextmp.mp)
(./mptextmp.mp) [14] )
 
Here is how much of MetaPost's memory you used:
 14654 strings using 392988 characters
 4240752 bytes of node memory
 1751 symbolic tokens
 11i,81n,16p,420b,5f stack positions out of 16i,96n,17p,487b,6f
29 output files written: data-patt.1 .. data-patt.15


#################### end of metapost log file ####################
converting scraps ... done
making map ... done
######################## pdftex log file #########################
This is pdfTeX, Version 3.14159265-2.6-1.40.16 (TeX Live 2015) (preloaded format=pdftex 2016.5.13)  18 APR 2024 16:20
entering extended mode
 restricted \write18 enabled.
 %&-line parsing enabled.
**data.tex
(./data.tex (./th_enc.tex) (./th_texts.tex) (./th_resources.tex
(/usr/local/texlive/2015/texmf-dist/tex/generic/pdftex/glyphtounicode.tex))
(./th_fontdef.tex{/usr/local/texlive/2015/texmf-var/fonts/map/pdftex/updmap/pdf
tex.map})
(./th_formdef.tex) (./th_pagedef.tex) (./th_pages.tex)
 67 numeric registers used out of 32768
 [1] ) 
Here is how much of TeX's memory you used:
 315 strings out of 494671
 4284 string characters out of 6148971
 120271 words of memory out of 5000000
 1946 multiletter control sequences out of 15000+600000
 20080 words of font info for 63 fonts, out of 8000000 for 9000
 1420 hyphenation exceptions out of 8191
 9i,5n,8p,322b,53s stack positions out of 5000i,500n,10000p,200000b,80000s
</usr/local/texlive/2015/texmf-dist/fonts/type1/public/amsfonts/cm/cmss10
.pfb></usr/local/texlive/2015/texmf-dist/fonts/type1/public/amsfonts/cm/cmssi10
.pfb></usr/local/texlive/2015/texmf-dist/fonts/type1/public/cs/csss10.pfb></usr
/local/texlive/2015/texmf-dist/fonts/type1/public/cs/csssi10.pfb>
Output written on data.pdf (1 page, 123560 bytes).
PDF statistics:
 86 PDF objects out of 1000 (max. 8388607)
 48 compressed objects within 1 object stream
 0 named destinations out of 1000 (max. 500000)
 181 words of extra memory for PDF output out of 10000 (max. 10000000)


##################### end of pdftex log file #####################
done
writing Outputs/GeophysicalskayaXR4.lox ...... done
therion: warning -- data not georeferenced -- unable to export KML file
therion: warning -- data not georeferenced -- unable to export KML file
writing Outputs/GeophysicalskayaXR4.html ... done
compilation time: 4 sec


###################### scrap distortions #######################
 PROJECTION: plan
 AVERAGE  MAXIMAL  SCRAP
   0.00%    0.04%  SP-Xav4-1@GeophysicalskayaXR4
   0.00%    0.03%  SP-Xav4-2@GeophysicalskayaXR4
   0.00%    0.00%  SP-Xav4-3@GeophysicalskayaXR4
################### end of scrap distortions ###################
